==========================================================
  SP1  Chain 2 / 4
  Run ID:  20260519_154223
  Started: 2026-05-19 15:44:01.066898
  Plots:   447 | Iter: 1000 | Cores: 11
==========================================================

Initial ll at best_x: -33745.082

[15:44:02]  eval    20  |  ll:  -6385.806  |  11.59 eval/s  |  0.0 min  |  -Inf: 0
[15:44:04]  eval    40  |  ll:  -6259.649  |  11.30 eval/s  |  0.1 min  |  -Inf: 0
[15:44:06]  eval    60  |  ll:  -6391.702  |  11.33 eval/s  |  0.1 min  |  -Inf: 0
[15:44:08]  eval    80  |  ll:  -6389.681  |  11.45 eval/s  |  0.1 min  |  -Inf: 0
[15:44:09]  eval   100  |  ll:  -7225.010  |  11.66 eval/s  |  0.1 min  |  -Inf: 0
[15:44:11]  eval   120  |  ll:  -7313.581  |  11.70 eval/s  |  0.2 min  |  -Inf: 0
[15:44:13]  eval   140  |  ll:  -6246.796  |  11.75 eval/s  |  0.2 min  |  -Inf: 0
[15:44:14]  eval   160  |  ll:  -6218.759  |  11.98 eval/s  |  0.2 min  |  -Inf: 0
[15:44:16]  eval   180  |  ll:  -6210.184  |  11.84 eval/s  |  0.3 min  |  -Inf: 0
[15:44:18]  eval   200  |  ll:  -6242.040  |  11.64 eval/s  |  0.3 min  |  -Inf: 0
[15:44:19]  eval   220  |  ll:  -6214.814  |  11.79 eval/s  |  0.3 min  |  -Inf: 0
[15:44:21]  eval   240  |  ll:  -6504.209  |  11.96 eval/s  |  0.3 min  |  -Inf: 0
[15:44:22]  eval   260  |  ll:  -6423.833  |  12.13 eval/s  |  0.4 min  |  -Inf: 0
[15:44:23]  eval   280  |  ll:  -6184.816  |  12.33 eval/s  |  0.4 min  |  -Inf: 0
[15:44:25]  eval   300  |  ll:  -6203.029  |  12.51 eval/s  |  0.4 min  |  -Inf: 0
[15:44:26]  eval   320  |  ll:  -6304.540  |  12.58 eval/s  |  0.4 min  |  -Inf: 0
[15:44:27]  eval   340  |  ll:  -6284.708  |  12.73 eval/s  |  0.4 min  |  -Inf: 0
[15:44:29]  eval   360  |  ll: -25541.431  |  12.86 eval/s  |  0.5 min  |  -Inf: 0
[15:44:30]  eval   380  |  ll:  -6388.062  |  12.99 eval/s  |  0.5 min  |  -Inf: 0
[15:44:31]  eval   400  |  ll:  -6152.482  |  13.08 eval/s  |  0.5 min  |  -Inf: 0
[15:44:33]  eval   420  |  ll:  -6324.495  |  13.19 eval/s  |  0.5 min  |  -Inf: 0
[15:44:34]  eval   440  |  ll:  -6228.088  |  13.23 eval/s  |  0.6 min  |  -Inf: 0
[15:44:36]  eval   460  |  ll:  -7159.582  |  13.03 eval/s  |  0.6 min  |  -Inf: 0
[15:44:37]  eval   480  |  ll:  -6288.040  |  13.08 eval/s  |  0.6 min  |  -Inf: 0
[15:44:39]  eval   500  |  ll:  -6328.363  |  13.15 eval/s  |  0.6 min  |  -Inf: 0
[15:44:40]  eval   520  |  ll:  -6122.155  |  13.21 eval/s  |  0.7 min  |  -Inf: 0
[15:44:41]  eval   540  |  ll: -57825.641  |  13.28 eval/s  |  0.7 min  |  -Inf: 0
[15:44:43]  eval   560  |  ll:  -6184.604  |  13.36 eval/s  |  0.7 min  |  -Inf: 0
[15:44:44]  eval   580  |  ll: -14768.914  |  13.41 eval/s  |  0.7 min  |  -Inf: 0
[15:44:45]  eval   600  |  ll:  -9037.821  |  13.47 eval/s  |  0.7 min  |  -Inf: 0
[15:44:47]  eval   620  |  ll:  -6163.343  |  13.52 eval/s  |  0.8 min  |  -Inf: 0
[15:44:48]  eval   640  |  ll:  -6321.974  |  13.56 eval/s  |  0.8 min  |  -Inf: 0
[15:44:49]  eval   660  |  ll:  -6381.780  |  13.60 eval/s  |  0.8 min  |  -Inf: 0
[15:44:51]  eval   680  |  ll:  -6338.578  |  13.62 eval/s  |  0.8 min  |  -Inf: 0
[15:44:52]  eval   700  |  ll:  -6689.517  |  13.68 eval/s  |  0.9 min  |  -Inf: 0
[15:44:54]  eval   720  |  ll:  -6146.002  |  13.56 eval/s  |  0.9 min  |  -Inf: 0
[15:44:55]  eval   740  |  ll:  -6453.763  |  13.53 eval/s  |  0.9 min  |  -Inf: 0
[15:44:57]  eval   760  |  ll:  -6813.084  |  13.57 eval/s  |  0.9 min  |  -Inf: 0
[15:44:58]  eval   780  |  ll:  -6144.500  |  13.58 eval/s  |  1.0 min  |  -Inf: 0
[15:44:59]  eval   800  |  ll:  -6204.297  |  13.64 eval/s  |  1.0 min  |  -Inf: 0
[15:45:01]  eval   820  |  ll:  -6157.751  |  13.70 eval/s  |  1.0 min  |  -Inf: 0
[15:45:02]  eval   840  |  ll: -12741.044  |  13.76 eval/s  |  1.0 min  |  -Inf: 0
[15:45:03]  eval   860  |  ll:  -9438.013  |  13.80 eval/s  |  1.0 min  |  -Inf: 0
[15:45:04]  eval   880  |  ll: -20974.048  |  13.85 eval/s  |  1.1 min  |  -Inf: 0
[15:45:05]  eval   900  |  ll:  -6266.259  |  13.89 eval/s  |  1.1 min  |  -Inf: 1
[15:45:07]  eval   920  |  ll:  -6910.998  |  13.94 eval/s  |  1.1 min  |  -Inf: 1
[15:45:08]  eval   940  |  ll:  -6542.975  |  13.97 eval/s  |  1.1 min  |  -Inf: 1
[15:45:09]  eval   960  |  ll:  -7525.792  |  14.02 eval/s  |  1.1 min  |  -Inf: 1
[15:45:11]  eval   980  |  ll:  -6123.271  |  13.97 eval/s  |  1.2 min  |  -Inf: 1
[15:45:12]  eval  1000  |  ll:  -6589.333  |  13.93 eval/s  |  1.2 min  |  -Inf: 1

Chain 2 finished: 2026-05-19 15:45:13.103325  (1.2 min)
Total evaluations: 1002  |  -Inf rejects: 1 (0.10%)
