==========================================================
  TP2  Chain 4 / 4
  Run ID:  20260519_154728
  Started: 2026-05-19 15:51:55.416594
  Plots:   447 | Iter: 1000 | Cores: 11
==========================================================

Initial ll at best_x: -10862.734

[15:51:57]  eval    20  |  ll: -1510037.914  |  13.09 eval/s  |  0.0 min  |  -Inf: 0
[15:51:58]  eval    40  |  ll:  -6711.220  |  12.98 eval/s  |  0.1 min  |  -Inf: 0
[15:52:00]  eval    60  |  ll: -74994.443  |  13.16 eval/s  |  0.1 min  |  -Inf: 0
[15:52:01]  eval    80  |  ll:  -6321.777  |  12.83 eval/s  |  0.1 min  |  -Inf: 0
[15:52:04]  eval   100  |  ll:  -6765.945  |  11.54 eval/s  |  0.1 min  |  -Inf: 0
[15:52:06]  eval   120  |  ll:  -6316.178  |  11.25 eval/s  |  0.2 min  |  -Inf: 0
[15:52:07]  eval   140  |  ll: -26061.710  |  11.42 eval/s  |  0.2 min  |  -Inf: 0
[15:52:09]  eval   160  |  ll:  -6328.423  |  11.60 eval/s  |  0.2 min  |  -Inf: 0
[15:52:10]  eval   180  |  ll:  -6343.454  |  11.77 eval/s  |  0.3 min  |  -Inf: 0
[15:52:12]  eval   200  |  ll:  -6305.331  |  11.90 eval/s  |  0.3 min  |  -Inf: 0
[15:52:13]  eval   220  |  ll:  -6353.636  |  11.99 eval/s  |  0.3 min  |  -Inf: 0
[15:52:15]  eval   240  |  ll:  -6398.860  |  12.11 eval/s  |  0.3 min  |  -Inf: 0
[15:52:16]  eval   260  |  ll:  -6335.681  |  12.23 eval/s  |  0.4 min  |  -Inf: 0
[15:52:18]  eval   280  |  ll:  -6438.376  |  12.33 eval/s  |  0.4 min  |  -Inf: 0
[15:52:19]  eval   300  |  ll:  -6332.619  |  12.39 eval/s  |  0.4 min  |  -Inf: 0
[15:52:21]  eval   320  |  ll: -11278.527  |  12.46 eval/s  |  0.4 min  |  -Inf: 0
[15:52:22]  eval   340  |  ll:  -6318.211  |  12.45 eval/s  |  0.5 min  |  -Inf: 0
[15:52:24]  eval   360  |  ll:  -6307.317  |  12.21 eval/s  |  0.5 min  |  -Inf: 0
[15:52:26]  eval   380  |  ll:  -6271.290  |  12.12 eval/s  |  0.5 min  |  -Inf: 0
[15:52:28]  eval   400  |  ll:  -6392.578  |  12.16 eval/s  |  0.5 min  |  -Inf: 0
[15:52:29]  eval   420  |  ll:  -6649.743  |  12.20 eval/s  |  0.6 min  |  -Inf: 0
[15:52:31]  eval   440  |  ll:  -6391.856  |  12.23 eval/s  |  0.6 min  |  -Inf: 0
[15:52:33]  eval   460  |  ll:  -6511.529  |  12.26 eval/s  |  0.6 min  |  -Inf: 0
[15:52:34]  eval   480  |  ll:  -6277.497  |  12.26 eval/s  |  0.7 min  |  -Inf: 0
[15:52:36]  eval   500  |  ll:  -7989.923  |  12.29 eval/s  |  0.7 min  |  -Inf: 0
[15:52:37]  eval   520  |  ll:  -6810.282  |  12.33 eval/s  |  0.7 min  |  -Inf: 0
[15:52:39]  eval   540  |  ll:  -9216.109  |  12.37 eval/s  |  0.7 min  |  -Inf: 0
[15:52:40]  eval   560  |  ll:  -6230.202  |  12.40 eval/s  |  0.8 min  |  -Inf: 0
[15:52:42]  eval   580  |  ll:  -7505.575  |  12.43 eval/s  |  0.8 min  |  -Inf: 0
[15:52:43]  eval   600  |  ll:  -6817.037  |  12.42 eval/s  |  0.8 min  |  -Inf: 0
[15:52:45]  eval   620  |  ll:  -6304.796  |  12.29 eval/s  |  0.8 min  |  -Inf: 2
[15:52:47]  eval   640  |  ll:  -6459.926  |  12.24 eval/s  |  0.9 min  |  -Inf: 3
[15:52:49]  eval   660  |  ll:  -6109.020  |  12.26 eval/s  |  0.9 min  |  -Inf: 3
[15:52:50]  eval   680  |  ll:  -6406.728  |  12.29 eval/s  |  0.9 min  |  -Inf: 5
[15:52:52]  eval   700  |  ll:       -Inf  |  12.33 eval/s  |  0.9 min  |  -Inf: 10
[15:52:53]  eval   720  |  ll:  -6366.994  |  12.37 eval/s  |  1.0 min  |  -Inf: 15
[15:52:55]  eval   740  |  ll:  -6171.888  |  12.39 eval/s  |  1.0 min  |  -Inf: 16
[15:52:56]  eval   760  |  ll:  -6320.291  |  12.41 eval/s  |  1.0 min  |  -Inf: 17
[15:52:58]  eval   780  |  ll:  -6728.542  |  12.46 eval/s  |  1.0 min  |  -Inf: 24
[15:52:59]  eval   800  |  ll:  -6094.703  |  12.48 eval/s  |  1.1 min  |  -Inf: 26
[15:53:01]  eval   820  |  ll:  -6388.898  |  12.49 eval/s  |  1.1 min  |  -Inf: 26
[15:53:02]  eval   840  |  ll:  -8251.127  |  12.54 eval/s  |  1.1 min  |  -Inf: 32
[15:53:04]  eval   860  |  ll:  -6087.234  |  12.54 eval/s  |  1.1 min  |  -Inf: 32
[15:53:06]  eval   880  |  ll:  -6338.594  |  12.44 eval/s  |  1.2 min  |  -Inf: 34
[15:53:08]  eval   900  |  ll: -11156.515  |  12.41 eval/s  |  1.2 min  |  -Inf: 38
[15:53:09]  eval   920  |  ll:       -Inf  |  12.45 eval/s  |  1.2 min  |  -Inf: 46
[15:53:10]  eval   940  |  ll: -1684621.947  |  12.46 eval/s  |  1.3 min  |  -Inf: 47
[15:53:12]  eval   960  |  ll:  -6303.481  |  12.48 eval/s  |  1.3 min  |  -Inf: 49
[15:53:13]  eval   980  |  ll:       -Inf  |  12.50 eval/s  |  1.3 min  |  -Inf: 53
[15:53:15]  eval  1000  |  ll:  -6089.537  |  12.51 eval/s  |  1.3 min  |  -Inf: 55

Chain 4 finished: 2026-05-19 15:53:15.552597  (1.3 min)
Total evaluations: 1002  |  -Inf rejects: 56 (5.59%)
