------------------------------
r-env 4.5.2
https://docs.csc.fi/apps/r-env
------------------------------

Attaching package: ‘dplyr’

The following objects are masked from ‘package:stats’:

    filter, lag

The following objects are masked from ‘package:base’:

    intersect, setdiff, setequal, union

=============================================================
  Yasso20 Calibration  |  Run: 20260507_100220
=============================================================

Transform round-trip: OK
Loading data...
Calibration-ready plots: 350
Plots after mapping: 350
Year coverage check: OK (350 plots)
SOC observations: 700  |  obs CV: 0.453  |  sigma_obs fixed: 0.453

Prior widths (unconstrained space):

-------------------------------------------------------------
Pre-MCMC sanity: forward run at defaults...
Sanity plot saved: ./Calibration_real_data/diagnostics/Yasso20/Yasso20_forward_at_defaults_20260507_100220.png
Forward-run sanity: PASS
Inputs saved: [./Data/model_inputs//Yasso20_inputs_20260507_100220.rds]

Likelihood at defaults: -4708.556
Likelihood check: PASS

-------------------------------------------------------------
Starting MCMC: 4 chains x 10000 iterations
  Cores per chain: 39 | Burn-in: 2000 | Log every: 200
-------------------------------------------------------------

  Chain 1 / 4  -->  ./Calibration_real_data/progress_logs//Yasso20_chain_01_20260507_100220.log
runMCMC terminated after 3499.815seconds
  Chain 1 / 4 complete (58.3 min)
  Chain 2 / 4  -->  ./Calibration_real_data/progress_logs//Yasso20_chain_02_20260507_100220.log
runMCMC terminated after 3600.197seconds
  Chain 2 / 4 complete (60.0 min)
  Chain 3 / 4  -->  ./Calibration_real_data/progress_logs//Yasso20_chain_03_20260507_100220.log
runMCMC terminated after 3624.542seconds
  Chain 3 / 4 complete (60.4 min)
  Chain 4 / 4  -->  ./Calibration_real_data/progress_logs//Yasso20_chain_04_20260507_100220.log
runMCMC terminated after 3532.997seconds
  Chain 4 / 4 complete (58.9 min)

All chains complete. Wallclock: 237.6 min

-------------------------------------------------------------
Computing convergence diagnostics...
  Output: ./Calibration_real_data/diagnostics/Yasso20/Yasso20_*_20260507_100220.*
-------------------------------------------------------------

  Chain 1: 8007 post-burnin samples, 100% finite  [PASS]
  Chain 2: 8007 post-burnin samples, 100% finite  [PASS]
  Chain 3: 8007 post-burnin samples, 100% finite  [PASS]
  Chain 4: 8007 post-burnin samples, 100% finite  [PASS]
R-hat: 1.160 -- 12.080  (26 warnings)  [./Calibration_real_data/diagnostics/Yasso20/Yasso20_rhat_20260507_100220.txt]
  WARNING: 26 parameter(s) with R-hat > 1.10 -- consider longer run
ESS:   2 -- 12  (26 < 200)  [./Calibration_real_data/diagnostics/Yasso20/Yasso20_ess_20260507_100220.txt]
  WARNING: Low ESS -- consider running longer chains
Posterior summary: [./Calibration_real_data/diagnostics/Yasso20/Yasso20_posterior_summary_20260507_100220.txt]
Traces:    [./Calibration_real_data/diagnostics/Yasso20/Yasso20_traces_20260507_100220.png]
R-hat PNG: [./Calibration_real_data/diagnostics/Yasso20/Yasso20_rhat_barplot_20260507_100220.png]
Marginals: [./Calibration_real_data/diagnostics/Yasso20/Yasso20_marginals_fractions_20260507_100220.png]
Marginals: [./Calibration_real_data/diagnostics/Yasso20/Yasso20_marginals_climate_nuisance_20260507_100220.png]
KL PNG:    [./Calibration_real_data/diagnostics/Yasso20/Yasso20_kl_divergence_20260507_100220.png]

Saved to ./Calibration_real_data/runs/:
  Yasso20_chains_20260507_100220.rds
  Yasso20_posterior_20260507_100220.rds
  Yasso20_metadata_20260507_100220.rds
Calibration report: [./Calibration_real_data/diagnostics/Yasso20/Yasso20_report_20260507_100220.txt]

=============================================================
  Yasso20 Calibration Complete
  Run ID:    20260507_100220
  Wallclock: 237.6 min
  Plots:     350
  Free params: 26
=============================================================

Next: run_Yasso20_predictive.R with RUN_ID=20260507_100220
