==========================================================
  Yasso20  Chain 3 / 5
  Run ID:  20260526_131225
  Started: 2026-05-26 13:55:41.291331
  Plots:   447 | Iter: 5000 | Cores: 11
==========================================================

Initial ll at best_x: -11374.633

[13:55:47]  eval    20  |  ll: -10161.876  |  3.51 eval/s  |  0.1 min  |  -Inf: 0
[13:55:52]  eval    40  |  ll:  -9270.627  |  3.58 eval/s  |  0.2 min  |  -Inf: 0
[13:55:58]  eval    60  |  ll:  -7059.671  |  3.58 eval/s  |  0.3 min  |  -Inf: 0
[13:56:04]  eval    80  |  ll:  -7100.918  |  3.57 eval/s  |  0.4 min  |  -Inf: 0
[13:56:09]  eval   100  |  ll:  -7033.500  |  3.59 eval/s  |  0.5 min  |  -Inf: 0
[13:56:14]  eval   120  |  ll:  -6365.941  |  3.60 eval/s  |  0.6 min  |  -Inf: 0
[13:56:20]  eval   140  |  ll:  -6256.939  |  3.63 eval/s  |  0.6 min  |  -Inf: 0
[13:56:25]  eval   160  |  ll:  -6280.814  |  3.63 eval/s  |  0.7 min  |  -Inf: 0
[13:56:31]  eval   180  |  ll:  -6353.940  |  3.64 eval/s  |  0.8 min  |  -Inf: 0
[13:56:36]  eval   200  |  ll:  -6273.944  |  3.66 eval/s  |  0.9 min  |  -Inf: 0
[13:56:41]  eval   220  |  ll:  -6227.536  |  3.65 eval/s  |  1.0 min  |  -Inf: 0
[13:56:47]  eval   240  |  ll:  -6224.208  |  3.65 eval/s  |  1.1 min  |  -Inf: 0
[13:56:52]  eval   260  |  ll:  -6216.730  |  3.67 eval/s  |  1.2 min  |  -Inf: 0
[13:56:57]  eval   280  |  ll:  -6241.834  |  3.69 eval/s  |  1.3 min  |  -Inf: 0
[13:57:02]  eval   300  |  ll:  -6221.456  |  3.69 eval/s  |  1.4 min  |  -Inf: 0
[13:57:08]  eval   320  |  ll:  -6312.159  |  3.71 eval/s  |  1.4 min  |  -Inf: 0
[13:57:13]  eval   340  |  ll:  -6357.724  |  3.70 eval/s  |  1.5 min  |  -Inf: 0
[13:57:19]  eval   360  |  ll:  -6286.651  |  3.68 eval/s  |  1.6 min  |  -Inf: 0
[13:57:26]  eval   380  |  ll:  -6219.589  |  3.63 eval/s  |  1.7 min  |  -Inf: 0
[13:57:33]  eval   400  |  ll:  -6227.135  |  3.59 eval/s  |  1.9 min  |  -Inf: 0
[13:57:40]  eval   420  |  ll:  -6182.925  |  3.55 eval/s  |  2.0 min  |  -Inf: 0
[13:57:46]  eval   440  |  ll: -18249.286  |  3.51 eval/s  |  2.1 min  |  -Inf: 0
[13:57:53]  eval   460  |  ll:  -6453.306  |  3.48 eval/s  |  2.2 min  |  -Inf: 0
[13:58:00]  eval   480  |  ll:  -6181.658  |  3.46 eval/s  |  2.3 min  |  -Inf: 0
[13:58:05]  eval   500  |  ll:  -6215.770  |  3.47 eval/s  |  2.4 min  |  -Inf: 0
[13:58:10]  eval   520  |  ll:  -7545.232  |  3.48 eval/s  |  2.5 min  |  -Inf: 0
[13:58:16]  eval   540  |  ll:  -6195.760  |  3.49 eval/s  |  2.6 min  |  -Inf: 0
[13:58:21]  eval   560  |  ll:  -6177.949  |  3.50 eval/s  |  2.7 min  |  -Inf: 0
[13:58:27]  eval   580  |  ll:  -6203.696  |  3.50 eval/s  |  2.8 min  |  -Inf: 0
[13:58:32]  eval   600  |  ll:  -6427.484  |  3.51 eval/s  |  2.9 min  |  -Inf: 0
[13:58:38]  eval   620  |  ll:  -6177.987  |  3.50 eval/s  |  2.9 min  |  -Inf: 0
[13:58:44]  eval   640  |  ll:  -6168.522  |  3.51 eval/s  |  3.0 min  |  -Inf: 0
[13:58:49]  eval   660  |  ll:  -6173.332  |  3.51 eval/s  |  3.1 min  |  -Inf: 0
[13:58:54]  eval   680  |  ll:  -6239.578  |  3.52 eval/s  |  3.2 min  |  -Inf: 0
[13:59:00]  eval   700  |  ll:  -6218.211  |  3.53 eval/s  |  3.3 min  |  -Inf: 0
[13:59:05]  eval   720  |  ll:  -6226.120  |  3.53 eval/s  |  3.4 min  |  -Inf: 0
[13:59:11]  eval   740  |  ll:  -6324.032  |  3.53 eval/s  |  3.5 min  |  -Inf: 0
[13:59:16]  eval   760  |  ll:  -6344.671  |  3.54 eval/s  |  3.6 min  |  -Inf: 0
[13:59:21]  eval   780  |  ll: -10696.385  |  3.55 eval/s  |  3.7 min  |  -Inf: 0
[13:59:26]  eval   800  |  ll:  -6179.399  |  3.56 eval/s  |  3.7 min  |  -Inf: 0
[13:59:32]  eval   820  |  ll:  -6179.685  |  3.56 eval/s  |  3.8 min  |  -Inf: 0
[13:59:37]  eval   840  |  ll:  -6298.397  |  3.56 eval/s  |  3.9 min  |  -Inf: 0
[13:59:42]  eval   860  |  ll:  -6287.474  |  3.57 eval/s  |  4.0 min  |  -Inf: 0
[13:59:47]  eval   880  |  ll:  -6190.672  |  3.57 eval/s  |  4.1 min  |  -Inf: 0
[13:59:53]  eval   900  |  ll:  -6395.573  |  3.57 eval/s  |  4.2 min  |  -Inf: 0
[13:59:58]  eval   920  |  ll:  -6160.911  |  3.58 eval/s  |  4.3 min  |  -Inf: 0
[14:00:03]  eval   940  |  ll:  -6335.499  |  3.59 eval/s  |  4.4 min  |  -Inf: 0
[14:00:08]  eval   960  |  ll:  -6175.188  |  3.59 eval/s  |  4.5 min  |  -Inf: 0
[14:00:18]  eval   980  |  ll:  -6601.500  |  3.54 eval/s  |  4.6 min  |  -Inf: 0
[14:00:32]  eval  1000  |  ll:  -6165.498  |  3.44 eval/s  |  4.8 min  |  -Inf: 0
[14:00:44]  eval  1020  |  ll:  -6530.962  |  3.37 eval/s  |  5.0 min  |  -Inf: 0
[14:00:56]  eval  1040  |  ll:  -6165.169  |  3.31 eval/s  |  5.2 min  |  -Inf: 0
[14:01:08]  eval  1060  |  ll:  -6672.390  |  3.24 eval/s  |  5.5 min  |  -Inf: 0
[14:01:21]  eval  1080  |  ll:  -6285.947  |  3.18 eval/s  |  5.7 min  |  -Inf: 0
[14:01:34]  eval  1100  |  ll:  -6160.051  |  3.12 eval/s  |  5.9 min  |  -Inf: 0
[14:01:39]  eval  1120  |  ll:  -6175.768  |  3.13 eval/s  |  6.0 min  |  -Inf: 0
[14:01:45]  eval  1140  |  ll:  -6151.014  |  3.13 eval/s  |  6.1 min  |  -Inf: 0
[14:01:50]  eval  1160  |  ll:  -6164.302  |  3.14 eval/s  |  6.2 min  |  -Inf: 0
[14:01:56]  eval  1180  |  ll:  -6156.360  |  3.15 eval/s  |  6.2 min  |  -Inf: 0
[14:02:01]  eval  1200  |  ll:  -6172.127  |  3.16 eval/s  |  6.3 min  |  -Inf: 0
[14:02:07]  eval  1220  |  ll:  -6188.590  |  3.16 eval/s  |  6.4 min  |  -Inf: 0
[14:02:12]  eval  1240  |  ll:  -6167.378  |  3.17 eval/s  |  6.5 min  |  -Inf: 0
[14:02:17]  eval  1260  |  ll:  -6160.445  |  3.18 eval/s  |  6.6 min  |  -Inf: 0
[14:02:22]  eval  1280  |  ll:  -6268.186  |  3.19 eval/s  |  6.7 min  |  -Inf: 0
[14:02:28]  eval  1300  |  ll:  -6182.834  |  3.20 eval/s  |  6.8 min  |  -Inf: 0
[14:02:33]  eval  1320  |  ll:  -6448.663  |  3.21 eval/s  |  6.9 min  |  -Inf: 0
[14:02:38]  eval  1340  |  ll:  -6348.706  |  3.22 eval/s  |  6.9 min  |  -Inf: 0
[14:02:43]  eval  1360  |  ll:  -6240.231  |  3.22 eval/s  |  7.0 min  |  -Inf: 0
[14:02:48]  eval  1380  |  ll:  -6308.503  |  3.23 eval/s  |  7.1 min  |  -Inf: 0
[14:02:53]  eval  1400  |  ll:  -6372.413  |  3.24 eval/s  |  7.2 min  |  -Inf: 0
[14:02:58]  eval  1420  |  ll:  -6158.199  |  3.25 eval/s  |  7.3 min  |  -Inf: 0
[14:03:04]  eval  1440  |  ll:  -6302.096  |  3.25 eval/s  |  7.4 min  |  -Inf: 0
[14:03:09]  eval  1460  |  ll: -12518.664  |  3.26 eval/s  |  7.5 min  |  -Inf: 0
[14:03:14]  eval  1480  |  ll: -12116.064  |  3.27 eval/s  |  7.6 min  |  -Inf: 0
[14:03:19]  eval  1500  |  ll:  -6924.290  |  3.27 eval/s  |  7.6 min  |  -Inf: 0
[14:03:25]  eval  1520  |  ll:  -6147.462  |  3.28 eval/s  |  7.7 min  |  -Inf: 0
[14:03:30]  eval  1540  |  ll:  -6154.829  |  3.29 eval/s  |  7.8 min  |  -Inf: 0
[14:03:35]  eval  1560  |  ll:  -6185.384  |  3.29 eval/s  |  7.9 min  |  -Inf: 0
[14:03:40]  eval  1580  |  ll:  -6153.515  |  3.30 eval/s  |  8.0 min  |  -Inf: 0
[14:03:46]  eval  1600  |  ll:  -6181.188  |  3.30 eval/s  |  8.1 min  |  -Inf: 0
[14:03:53]  eval  1620  |  ll:  -6167.204  |  3.30 eval/s  |  8.2 min  |  -Inf: 0
[14:03:59]  eval  1640  |  ll:  -7001.384  |  3.29 eval/s  |  8.3 min  |  -Inf: 0
[14:04:07]  eval  1660  |  ll:  -6156.003  |  3.28 eval/s  |  8.4 min  |  -Inf: 0
[14:04:13]  eval  1680  |  ll:  -6162.042  |  3.28 eval/s  |  8.5 min  |  -Inf: 0
[14:04:20]  eval  1700  |  ll:  -6171.615  |  3.28 eval/s  |  8.6 min  |  -Inf: 0
[14:04:27]  eval  1720  |  ll:  -6145.933  |  3.27 eval/s  |  8.8 min  |  -Inf: 0
[14:04:33]  eval  1740  |  ll:  -6151.119  |  3.27 eval/s  |  8.9 min  |  -Inf: 0
[14:04:38]  eval  1760  |  ll:  -6149.910  |  3.28 eval/s  |  8.9 min  |  -Inf: 0
[14:04:43]  eval  1780  |  ll:  -6146.359  |  3.28 eval/s  |  9.0 min  |  -Inf: 0
[14:04:48]  eval  1800  |  ll:  -6375.940  |  3.29 eval/s  |  9.1 min  |  -Inf: 0
[14:04:54]  eval  1820  |  ll:  -6603.700  |  3.29 eval/s  |  9.2 min  |  -Inf: 0
[14:04:59]  eval  1840  |  ll:  -6194.127  |  3.30 eval/s  |  9.3 min  |  -Inf: 0
[14:05:04]  eval  1860  |  ll:  -6454.101  |  3.30 eval/s  |  9.4 min  |  -Inf: 0
[14:05:09]  eval  1880  |  ll:  -6150.562  |  3.31 eval/s  |  9.5 min  |  -Inf: 0
[14:05:14]  eval  1900  |  ll:  -6165.556  |  3.32 eval/s  |  9.6 min  |  -Inf: 0
[14:05:19]  eval  1920  |  ll:  -6460.437  |  3.32 eval/s  |  9.6 min  |  -Inf: 0
[14:05:24]  eval  1940  |  ll:  -6148.344  |  3.33 eval/s  |  9.7 min  |  -Inf: 0
[14:05:30]  eval  1960  |  ll:  -6160.486  |  3.33 eval/s  |  9.8 min  |  -Inf: 0
[14:05:35]  eval  1980  |  ll:  -6150.886  |  3.34 eval/s  |  9.9 min  |  -Inf: 0
[14:05:40]  eval  2000  |  ll:  -6320.299  |  3.34 eval/s  |  10.0 min  |  -Inf: 0
[14:05:45]  eval  2020  |  ll:  -6143.659  |  3.35 eval/s  |  10.1 min  |  -Inf: 0
[14:05:50]  eval  2040  |  ll:  -6148.658  |  3.35 eval/s  |  10.1 min  |  -Inf: 0
[14:05:55]  eval  2060  |  ll:  -6148.988  |  3.35 eval/s  |  10.2 min  |  -Inf: 0
[14:06:00]  eval  2080  |  ll:  -6571.502  |  3.36 eval/s  |  10.3 min  |  -Inf: 0
[14:06:06]  eval  2100  |  ll:  -6378.896  |  3.36 eval/s  |  10.4 min  |  -Inf: 0
[14:06:11]  eval  2120  |  ll:  -6145.378  |  3.37 eval/s  |  10.5 min  |  -Inf: 0
[14:06:16]  eval  2140  |  ll:  -6151.730  |  3.37 eval/s  |  10.6 min  |  -Inf: 0
[14:06:22]  eval  2160  |  ll:  -6145.171  |  3.37 eval/s  |  10.7 min  |  -Inf: 0
[14:06:27]  eval  2180  |  ll:  -6156.130  |  3.37 eval/s  |  10.8 min  |  -Inf: 0
[14:06:33]  eval  2200  |  ll:  -6156.985  |  3.38 eval/s  |  10.9 min  |  -Inf: 0
[14:06:38]  eval  2220  |  ll:  -6202.246  |  3.38 eval/s  |  11.0 min  |  -Inf: 0
[14:06:45]  eval  2240  |  ll:  -6147.127  |  3.37 eval/s  |  11.1 min  |  -Inf: 0
[14:06:52]  eval  2260  |  ll:  -6275.803  |  3.37 eval/s  |  11.2 min  |  -Inf: 0
[14:06:59]  eval  2280  |  ll:  -6143.310  |  3.37 eval/s  |  11.3 min  |  -Inf: 0
[14:07:06]  eval  2300  |  ll:  -6148.428  |  3.36 eval/s  |  11.4 min  |  -Inf: 0
[14:07:13]  eval  2320  |  ll:  -6148.583  |  3.35 eval/s  |  11.5 min  |  -Inf: 0
[14:07:21]  eval  2340  |  ll:  -6163.087  |  3.34 eval/s  |  11.7 min  |  -Inf: 0
[14:07:28]  eval  2360  |  ll:  -6163.564  |  3.34 eval/s  |  11.8 min  |  -Inf: 0
[14:07:33]  eval  2380  |  ll:  -6167.757  |  3.34 eval/s  |  11.9 min  |  -Inf: 0
[14:07:39]  eval  2400  |  ll:  -6140.693  |  3.34 eval/s  |  12.0 min  |  -Inf: 0
[14:07:45]  eval  2420  |  ll:  -6434.057  |  3.34 eval/s  |  12.1 min  |  -Inf: 0
[14:07:50]  eval  2440  |  ll:  -6389.671  |  3.35 eval/s  |  12.2 min  |  -Inf: 0
[14:07:55]  eval  2460  |  ll:  -6152.090  |  3.35 eval/s  |  12.2 min  |  -Inf: 0
[14:08:00]  eval  2480  |  ll:  -6151.386  |  3.35 eval/s  |  12.3 min  |  -Inf: 0
[14:08:05]  eval  2500  |  ll:  -6144.316  |  3.36 eval/s  |  12.4 min  |  -Inf: 0
[14:08:10]  eval  2520  |  ll:  -6139.347  |  3.36 eval/s  |  12.5 min  |  -Inf: 0
[14:08:16]  eval  2540  |  ll:  -6147.064  |  3.37 eval/s  |  12.6 min  |  -Inf: 0
[14:08:21]  eval  2560  |  ll:  -6160.322  |  3.37 eval/s  |  12.7 min  |  -Inf: 0
[14:08:26]  eval  2580  |  ll:  -6145.629  |  3.37 eval/s  |  12.7 min  |  -Inf: 0
[14:08:31]  eval  2600  |  ll:  -6781.082  |  3.38 eval/s  |  12.8 min  |  -Inf: 0
[14:08:36]  eval  2620  |  ll:  -6141.250  |  3.38 eval/s  |  12.9 min  |  -Inf: 0
[14:08:41]  eval  2640  |  ll:  -6135.800  |  3.38 eval/s  |  13.0 min  |  -Inf: 0
[14:08:46]  eval  2660  |  ll:  -6157.717  |  3.39 eval/s  |  13.1 min  |  -Inf: 0
[14:08:51]  eval  2680  |  ll:  -6143.217  |  3.39 eval/s  |  13.2 min  |  -Inf: 0
[14:08:56]  eval  2700  |  ll:  -6387.471  |  3.40 eval/s  |  13.2 min  |  -Inf: 0
[14:09:01]  eval  2720  |  ll:  -6142.973  |  3.40 eval/s  |  13.3 min  |  -Inf: 0
[14:09:06]  eval  2740  |  ll:  -6144.149  |  3.40 eval/s  |  13.4 min  |  -Inf: 0
[14:09:12]  eval  2760  |  ll:  -6197.765  |  3.41 eval/s  |  13.5 min  |  -Inf: 0
[14:09:17]  eval  2780  |  ll:  -6532.968  |  3.41 eval/s  |  13.6 min  |  -Inf: 0
[14:09:22]  eval  2800  |  ll:  -6302.184  |  3.41 eval/s  |  13.7 min  |  -Inf: 0
[14:09:28]  eval  2820  |  ll:  -6260.653  |  3.41 eval/s  |  13.8 min  |  -Inf: 0
[14:09:33]  eval  2840  |  ll:  -6148.383  |  3.42 eval/s  |  13.9 min  |  -Inf: 0
[14:09:39]  eval  2860  |  ll:  -6141.020  |  3.41 eval/s  |  14.0 min  |  -Inf: 0
[14:09:46]  eval  2880  |  ll:  -6153.088  |  3.41 eval/s  |  14.1 min  |  -Inf: 0
[14:09:52]  eval  2900  |  ll:  -6130.741  |  3.41 eval/s  |  14.2 min  |  -Inf: 0
[14:09:59]  eval  2920  |  ll:  -6142.237  |  3.40 eval/s  |  14.3 min  |  -Inf: 0
[14:10:07]  eval  2940  |  ll:  -6186.004  |  3.40 eval/s  |  14.4 min  |  -Inf: 0
[14:10:14]  eval  2960  |  ll:  -6265.295  |  3.39 eval/s  |  14.5 min  |  -Inf: 0
[14:10:21]  eval  2980  |  ll:  -6143.837  |  3.39 eval/s  |  14.7 min  |  -Inf: 0
[14:10:27]  eval  3000  |  ll:  -6167.829  |  3.39 eval/s  |  14.8 min  |  -Inf: 0
[14:10:32]  eval  3020  |  ll:  -6133.439  |  3.39 eval/s  |  14.8 min  |  -Inf: 0
[14:10:37]  eval  3040  |  ll:  -6141.223  |  3.39 eval/s  |  14.9 min  |  -Inf: 0
[14:10:42]  eval  3060  |  ll:  -6147.221  |  3.40 eval/s  |  15.0 min  |  -Inf: 0
[14:10:48]  eval  3080  |  ll:  -6391.054  |  3.40 eval/s  |  15.1 min  |  -Inf: 0
[14:10:53]  eval  3100  |  ll:  -6148.768  |  3.40 eval/s  |  15.2 min  |  -Inf: 0
[14:10:59]  eval  3120  |  ll:  -6136.568  |  3.40 eval/s  |  15.3 min  |  -Inf: 0
[14:11:04]  eval  3140  |  ll:  -6144.411  |  3.40 eval/s  |  15.4 min  |  -Inf: 0
[14:11:09]  eval  3160  |  ll:  -6148.735  |  3.41 eval/s  |  15.5 min  |  -Inf: 0
[14:11:14]  eval  3180  |  ll:  -6179.358  |  3.41 eval/s  |  15.5 min  |  -Inf: 0
[14:11:19]  eval  3200  |  ll:  -6140.886  |  3.41 eval/s  |  15.6 min  |  -Inf: 0
[14:11:23]  eval  3220  |  ll:  -6133.062  |  3.42 eval/s  |  15.7 min  |  -Inf: 0
[14:11:28]  eval  3240  |  ll:  -6133.694  |  3.42 eval/s  |  15.8 min  |  -Inf: 0
[14:11:33]  eval  3260  |  ll:  -6176.704  |  3.42 eval/s  |  15.9 min  |  -Inf: 0
[14:11:39]  eval  3280  |  ll:  -6502.167  |  3.43 eval/s  |  16.0 min  |  -Inf: 0
[14:11:44]  eval  3300  |  ll:  -6339.716  |  3.43 eval/s  |  16.0 min  |  -Inf: 0
[14:11:49]  eval  3320  |  ll:  -6131.796  |  3.43 eval/s  |  16.1 min  |  -Inf: 0
[14:11:54]  eval  3340  |  ll:  -6138.742  |  3.43 eval/s  |  16.2 min  |  -Inf: 0
[14:12:00]  eval  3360  |  ll:  -6133.872  |  3.43 eval/s  |  16.3 min  |  -Inf: 0
[14:12:05]  eval  3380  |  ll:  -6640.944  |  3.44 eval/s  |  16.4 min  |  -Inf: 0
[14:12:10]  eval  3400  |  ll:  -6759.153  |  3.44 eval/s  |  16.5 min  |  -Inf: 0
[14:12:15]  eval  3420  |  ll:  -6169.657  |  3.44 eval/s  |  16.6 min  |  -Inf: 0
[14:12:21]  eval  3440  |  ll:  -6137.216  |  3.44 eval/s  |  16.7 min  |  -Inf: 0
[14:12:26]  eval  3460  |  ll:  -6140.287  |  3.44 eval/s  |  16.7 min  |  -Inf: 0
[14:12:32]  eval  3480  |  ll:  -6287.999  |  3.44 eval/s  |  16.8 min  |  -Inf: 0
[14:12:39]  eval  3500  |  ll:  -6143.303  |  3.44 eval/s  |  17.0 min  |  -Inf: 0
[14:12:46]  eval  3520  |  ll:  -6131.975  |  3.44 eval/s  |  17.1 min  |  -Inf: 0
[14:12:53]  eval  3540  |  ll:  -6137.655  |  3.43 eval/s  |  17.2 min  |  -Inf: 0
[14:13:00]  eval  3560  |  ll:  -6129.266  |  3.43 eval/s  |  17.3 min  |  -Inf: 0
[14:13:07]  eval  3580  |  ll:  -6131.008  |  3.42 eval/s  |  17.4 min  |  -Inf: 0
[14:13:14]  eval  3600  |  ll:  -6460.893  |  3.42 eval/s  |  17.6 min  |  -Inf: 0
[14:13:20]  eval  3620  |  ll:  -6136.920  |  3.42 eval/s  |  17.6 min  |  -Inf: 0
[14:13:26]  eval  3640  |  ll:  -6142.421  |  3.42 eval/s  |  17.7 min  |  -Inf: 0
[14:13:31]  eval  3660  |  ll:  -6129.735  |  3.42 eval/s  |  17.8 min  |  -Inf: 0
[14:13:36]  eval  3680  |  ll:  -6142.449  |  3.42 eval/s  |  17.9 min  |  -Inf: 0
[14:13:41]  eval  3700  |  ll:  -6139.445  |  3.43 eval/s  |  18.0 min  |  -Inf: 0
[14:13:47]  eval  3720  |  ll:  -6373.980  |  3.43 eval/s  |  18.1 min  |  -Inf: 0
[14:13:52]  eval  3740  |  ll:  -6132.723  |  3.43 eval/s  |  18.2 min  |  -Inf: 0
[14:13:57]  eval  3760  |  ll:  -6137.363  |  3.43 eval/s  |  18.3 min  |  -Inf: 0
[14:14:02]  eval  3780  |  ll:  -6159.272  |  3.43 eval/s  |  18.3 min  |  -Inf: 0
[14:14:07]  eval  3800  |  ll:  -6133.262  |  3.44 eval/s  |  18.4 min  |  -Inf: 0
[14:14:12]  eval  3820  |  ll:  -6210.363  |  3.44 eval/s  |  18.5 min  |  -Inf: 0
[14:14:17]  eval  3840  |  ll:  -6133.198  |  3.44 eval/s  |  18.6 min  |  -Inf: 0
[14:14:22]  eval  3860  |  ll:  -6364.648  |  3.44 eval/s  |  18.7 min  |  -Inf: 0
[14:14:27]  eval  3880  |  ll:  -6131.002  |  3.45 eval/s  |  18.8 min  |  -Inf: 0
[14:14:33]  eval  3900  |  ll:  -6146.906  |  3.45 eval/s  |  18.9 min  |  -Inf: 0
[14:14:38]  eval  3920  |  ll:  -6147.265  |  3.45 eval/s  |  19.0 min  |  -Inf: 0
[14:14:43]  eval  3940  |  ll:  -6127.522  |  3.45 eval/s  |  19.0 min  |  -Inf: 0
[14:14:49]  eval  3960  |  ll:  -6190.804  |  3.45 eval/s  |  19.1 min  |  -Inf: 0
[14:14:54]  eval  3980  |  ll:  -7681.899  |  3.45 eval/s  |  19.2 min  |  -Inf: 0
[14:14:59]  eval  4000  |  ll:  -6172.835  |  3.45 eval/s  |  19.3 min  |  -Inf: 0
[14:15:04]  eval  4020  |  ll:  -6138.285  |  3.46 eval/s  |  19.4 min  |  -Inf: 0
[14:15:10]  eval  4040  |  ll:  -6437.522  |  3.46 eval/s  |  19.5 min  |  -Inf: 0
[14:15:15]  eval  4060  |  ll:  -6132.864  |  3.46 eval/s  |  19.6 min  |  -Inf: 0
[14:15:21]  eval  4080  |  ll:  -6161.219  |  3.46 eval/s  |  19.7 min  |  -Inf: 0
[14:15:27]  eval  4100  |  ll:  -6134.891  |  3.46 eval/s  |  19.8 min  |  -Inf: 0
[14:15:34]  eval  4120  |  ll:  -7627.812  |  3.46 eval/s  |  19.9 min  |  -Inf: 0
[14:15:40]  eval  4140  |  ll:  -6160.041  |  3.45 eval/s  |  20.0 min  |  -Inf: 0
[14:15:47]  eval  4160  |  ll:  -6139.112  |  3.45 eval/s  |  20.1 min  |  -Inf: 0
[14:15:54]  eval  4180  |  ll:  -6194.892  |  3.45 eval/s  |  20.2 min  |  -Inf: 0
[14:16:00]  eval  4200  |  ll:  -6138.522  |  3.44 eval/s  |  20.3 min  |  -Inf: 0
[14:16:07]  eval  4220  |  ll:  -6128.742  |  3.44 eval/s  |  20.4 min  |  -Inf: 0
[14:16:13]  eval  4240  |  ll:  -6150.189  |  3.44 eval/s  |  20.5 min  |  -Inf: 0
[14:16:19]  eval  4260  |  ll:  -6219.849  |  3.44 eval/s  |  20.6 min  |  -Inf: 0
[14:16:24]  eval  4280  |  ll:  -6132.606  |  3.44 eval/s  |  20.7 min  |  -Inf: 0
[14:16:30]  eval  4300  |  ll:  -6142.862  |  3.44 eval/s  |  20.8 min  |  -Inf: 0
[14:16:35]  eval  4320  |  ll:  -6130.033  |  3.44 eval/s  |  20.9 min  |  -Inf: 0
[14:16:40]  eval  4340  |  ll:  -6132.820  |  3.45 eval/s  |  21.0 min  |  -Inf: 0
[14:16:45]  eval  4360  |  ll:  -6556.982  |  3.45 eval/s  |  21.1 min  |  -Inf: 0
[14:16:50]  eval  4380  |  ll:  -6126.756  |  3.45 eval/s  |  21.1 min  |  -Inf: 0
[14:16:55]  eval  4400  |  ll:  -6137.446  |  3.45 eval/s  |  21.2 min  |  -Inf: 0
[14:17:00]  eval  4420  |  ll:  -6397.197  |  3.46 eval/s  |  21.3 min  |  -Inf: 0
[14:17:05]  eval  4440  |  ll:  -6139.780  |  3.46 eval/s  |  21.4 min  |  -Inf: 0
[14:17:10]  eval  4460  |  ll:  -6128.986  |  3.46 eval/s  |  21.5 min  |  -Inf: 0
[14:17:15]  eval  4480  |  ll:  -6121.792  |  3.46 eval/s  |  21.6 min  |  -Inf: 0
[14:17:20]  eval  4500  |  ll:  -6400.511  |  3.46 eval/s  |  21.6 min  |  -Inf: 0
[14:17:25]  eval  4520  |  ll:  -6129.744  |  3.47 eval/s  |  21.7 min  |  -Inf: 0

Chain 3 finished: 2026-05-26 14:17:27.53814  (21.8 min)
Total evaluations: 4528  |  -Inf rejects: 0 (0.00%)
