==========================================================
  Yasso07  Chain 3 / 5
  Run ID:  20260601_135824
  Started: 2026-06-01 19:46:10.94577
  Plots:   358 | Iter: 50000 | Cores: 11
==========================================================

Initial ll at best_x: -5200.527

[19:46:58]  eval   200  |  ll:  -6703.953  |  4.27 eval/s  |  0.8 min  |  -Inf: 0
[19:47:44]  eval   400  |  ll:  -5046.230  |  4.31 eval/s  |  1.5 min  |  -Inf: 0
[19:48:32]  eval   600  |  ll:  -4986.334  |  4.24 eval/s  |  2.4 min  |  -Inf: 0
[19:49:19]  eval   800  |  ll:  -5856.656  |  4.25 eval/s  |  3.1 min  |  -Inf: 0
[19:50:03]  eval  1000  |  ll:  -4955.276  |  4.30 eval/s  |  3.9 min  |  -Inf: 0
[19:50:48]  eval  1200  |  ll:  -4917.182  |  4.32 eval/s  |  4.6 min  |  -Inf: 0
[19:51:33]  eval  1400  |  ll:  -4930.591  |  4.35 eval/s  |  5.4 min  |  -Inf: 0
[19:52:22]  eval  1600  |  ll:  -4896.572  |  4.31 eval/s  |  6.2 min  |  -Inf: 0
[19:53:06]  eval  1800  |  ll:  -4918.549  |  4.33 eval/s  |  6.9 min  |  -Inf: 1
[19:53:52]  eval  2000  |  ll:  -4910.181  |  4.34 eval/s  |  7.7 min  |  -Inf: 1
[19:54:37]  eval  2200  |  ll:  -4898.036  |  4.35 eval/s  |  8.4 min  |  -Inf: 1
[19:55:21]  eval  2400  |  ll:  -4940.440  |  4.36 eval/s  |  9.2 min  |  -Inf: 1
[19:56:11]  eval  2600  |  ll:  -4896.281  |  4.33 eval/s  |  10.0 min  |  -Inf: 1
[19:56:56]  eval  2800  |  ll:  -5005.268  |  4.34 eval/s  |  10.8 min  |  -Inf: 1
[19:57:43]  eval  3000  |  ll:  -4888.752  |  4.33 eval/s  |  11.5 min  |  -Inf: 1
[19:58:30]  eval  3200  |  ll:  -4926.009  |  4.33 eval/s  |  12.3 min  |  -Inf: 1
[19:59:17]  eval  3400  |  ll:  -4899.345  |  4.33 eval/s  |  13.1 min  |  -Inf: 1
[20:00:07]  eval  3600  |  ll:  -4891.060  |  4.30 eval/s  |  13.9 min  |  -Inf: 1
[20:00:52]  eval  3800  |  ll:  -4891.688  |  4.31 eval/s  |  14.7 min  |  -Inf: 1
[20:01:38]  eval  4000  |  ll:  -4938.039  |  4.31 eval/s  |  15.5 min  |  -Inf: 1
[20:02:23]  eval  4200  |  ll:  -4891.774  |  4.32 eval/s  |  16.2 min  |  -Inf: 1
[20:03:09]  eval  4400  |  ll:  -4901.683  |  4.32 eval/s  |  17.0 min  |  -Inf: 2
[20:03:58]  eval  4600  |  ll:  -4912.554  |  4.31 eval/s  |  17.8 min  |  -Inf: 2
[20:04:43]  eval  4800  |  ll:  -4891.155  |  4.32 eval/s  |  18.5 min  |  -Inf: 2
[20:05:27]  eval  5000  |  ll:  -4932.259  |  4.32 eval/s  |  19.3 min  |  -Inf: 2
[20:06:12]  eval  5200  |  ll:  -4920.121  |  4.33 eval/s  |  20.0 min  |  -Inf: 2
[20:07:58]  eval  5400  |  ll:  -4891.870  |  4.13 eval/s  |  21.8 min  |  -Inf: 2
[20:08:34]  eval  5600  |  ll:  -4892.303  |  4.17 eval/s  |  22.4 min  |  -Inf: 2
[20:09:11]  eval  5800  |  ll:  -4898.446  |  4.20 eval/s  |  23.0 min  |  -Inf: 2
[20:09:48]  eval  6000  |  ll:  -4885.715  |  4.23 eval/s  |  23.6 min  |  -Inf: 2
[20:10:26]  eval  6200  |  ll:  -4904.584  |  4.26 eval/s  |  24.3 min  |  -Inf: 2
[20:11:09]  eval  6400  |  ll:  -4887.502  |  4.27 eval/s  |  25.0 min  |  -Inf: 2
[20:11:45]  eval  6600  |  ll:  -4883.517  |  4.30 eval/s  |  25.6 min  |  -Inf: 2
[20:12:21]  eval  6800  |  ll:  -4879.207  |  4.33 eval/s  |  26.2 min  |  -Inf: 2
[20:12:59]  eval  7000  |  ll:  -4873.885  |  4.35 eval/s  |  26.8 min  |  -Inf: 2
[20:13:36]  eval  7200  |  ll:  -4926.117  |  4.38 eval/s  |  27.4 min  |  -Inf: 2
[20:14:18]  eval  7400  |  ll:  -4889.373  |  4.39 eval/s  |  28.1 min  |  -Inf: 2
[20:14:55]  eval  7600  |  ll:  -4907.980  |  4.41 eval/s  |  28.7 min  |  -Inf: 3
[20:15:32]  eval  7800  |  ll:  -4879.934  |  4.43 eval/s  |  29.4 min  |  -Inf: 3
[20:16:12]  eval  8000  |  ll:  -5541.645  |  4.44 eval/s  |  30.0 min  |  -Inf: 3
[20:16:54]  eval  8200  |  ll:  -4877.416  |  4.45 eval/s  |  30.7 min  |  -Inf: 3
[20:17:37]  eval  8400  |  ll:  -4911.321  |  4.45 eval/s  |  31.4 min  |  -Inf: 3
[20:18:18]  eval  8600  |  ll:  -4882.920  |  4.46 eval/s  |  32.1 min  |  -Inf: 3
[20:18:59]  eval  8800  |  ll:  -5480.282  |  4.47 eval/s  |  32.8 min  |  -Inf: 3
[20:19:40]  eval  9000  |  ll:  -4885.975  |  4.48 eval/s  |  33.5 min  |  -Inf: 3
[20:20:25]  eval  9200  |  ll:  -5023.787  |  4.48 eval/s  |  34.2 min  |  -Inf: 3
[20:21:04]  eval  9400  |  ll:  -4885.374  |  4.49 eval/s  |  34.9 min  |  -Inf: 3
[20:21:44]  eval  9600  |  ll:  -4877.419  |  4.50 eval/s  |  35.6 min  |  -Inf: 3
[20:22:25]  eval  9800  |  ll:  -4888.155  |  4.51 eval/s  |  36.2 min  |  -Inf: 3
[20:23:06]  eval 10000  |  ll:  -4882.793  |  4.51 eval/s  |  36.9 min  |  -Inf: 3
[20:23:51]  eval 10200  |  ll:  -4928.143  |  4.51 eval/s  |  37.7 min  |  -Inf: 3
[20:24:30]  eval 10400  |  ll:  -4912.097  |  4.52 eval/s  |  38.3 min  |  -Inf: 3
[20:25:11]  eval 10600  |  ll:  -4922.467  |  4.53 eval/s  |  39.0 min  |  -Inf: 4
[20:25:52]  eval 10800  |  ll:  -4892.756  |  4.54 eval/s  |  39.7 min  |  -Inf: 4
[20:26:33]  eval 11000  |  ll:  -4900.398  |  4.54 eval/s  |  40.4 min  |  -Inf: 4
[20:27:19]  eval 11200  |  ll:  -4872.285  |  4.54 eval/s  |  41.1 min  |  -Inf: 4
[20:27:59]  eval 11400  |  ll:  -4901.832  |  4.54 eval/s  |  41.8 min  |  -Inf: 4
[20:28:40]  eval 11600  |  ll:  -4929.109  |  4.55 eval/s  |  42.5 min  |  -Inf: 4
[20:29:22]  eval 11800  |  ll:  -4886.218  |  4.55 eval/s  |  43.2 min  |  -Inf: 4
[20:30:04]  eval 12000  |  ll:  -4889.332  |  4.56 eval/s  |  43.9 min  |  -Inf: 4
[20:30:49]  eval 12200  |  ll:  -4950.755  |  4.56 eval/s  |  44.6 min  |  -Inf: 4
[20:31:30]  eval 12400  |  ll:  -4873.293  |  4.56 eval/s  |  45.3 min  |  -Inf: 4
[20:32:11]  eval 12600  |  ll:  -4889.047  |  4.56 eval/s  |  46.0 min  |  -Inf: 4
[20:32:53]  eval 12800  |  ll:  -4873.126  |  4.57 eval/s  |  46.7 min  |  -Inf: 4
[20:33:40]  eval 13000  |  ll:  -4877.177  |  4.56 eval/s  |  47.5 min  |  -Inf: 4
[20:34:20]  eval 13200  |  ll:  -4885.597  |  4.57 eval/s  |  48.2 min  |  -Inf: 4
[20:35:02]  eval 13400  |  ll:  -4918.927  |  4.57 eval/s  |  48.9 min  |  -Inf: 4
[20:35:44]  eval 13600  |  ll:  -4977.016  |  4.57 eval/s  |  49.5 min  |  -Inf: 4
[20:36:25]  eval 13800  |  ll:  -4893.361  |  4.58 eval/s  |  50.2 min  |  -Inf: 4
[20:37:11]  eval 14000  |  ll:  -4890.049  |  4.57 eval/s  |  51.0 min  |  -Inf: 4
[20:37:52]  eval 14200  |  ll:  -4883.969  |  4.58 eval/s  |  51.7 min  |  -Inf: 4
[20:38:33]  eval 14400  |  ll:  -4892.855  |  4.58 eval/s  |  52.4 min  |  -Inf: 4
[20:39:15]  eval 14600  |  ll:  -4894.187  |  4.58 eval/s  |  53.1 min  |  -Inf: 4
[20:39:57]  eval 14800  |  ll:  -4950.244  |  4.59 eval/s  |  53.8 min  |  -Inf: 4
[20:40:43]  eval 15000  |  ll:  -4880.070  |  4.58 eval/s  |  54.5 min  |  -Inf: 4
[20:41:24]  eval 15200  |  ll:  -4887.875  |  4.59 eval/s  |  55.2 min  |  -Inf: 4
[20:42:06]  eval 15400  |  ll:  -4895.191  |  4.59 eval/s  |  55.9 min  |  -Inf: 4
[20:42:48]  eval 15600  |  ll:  -4879.423  |  4.59 eval/s  |  56.6 min  |  -Inf: 4
[20:43:31]  eval 15800  |  ll:  -4858.681  |  4.59 eval/s  |  57.3 min  |  -Inf: 4
[20:44:17]  eval 16000  |  ll:  -4948.451  |  4.59 eval/s  |  58.1 min  |  -Inf: 4
[20:44:58]  eval 16200  |  ll:  -4973.764  |  4.59 eval/s  |  58.8 min  |  -Inf: 4
[20:45:40]  eval 16400  |  ll:  -4876.039  |  4.59 eval/s  |  59.5 min  |  -Inf: 4
[20:46:22]  eval 16600  |  ll:  -4897.153  |  4.60 eval/s  |  60.2 min  |  -Inf: 4
[20:47:06]  eval 16800  |  ll:  -4991.862  |  4.60 eval/s  |  60.9 min  |  -Inf: 4
[20:47:50]  eval 17000  |  ll:  -4875.463  |  4.60 eval/s  |  61.7 min  |  -Inf: 4
[20:48:31]  eval 17200  |  ll:  -4949.376  |  4.60 eval/s  |  62.3 min  |  -Inf: 4
[20:49:13]  eval 17400  |  ll:  -4872.968  |  4.60 eval/s  |  63.0 min  |  -Inf: 4
[20:49:56]  eval 17600  |  ll:  -4883.019  |  4.60 eval/s  |  63.7 min  |  -Inf: 4
[20:50:42]  eval 17800  |  ll:  -4900.328  |  4.60 eval/s  |  64.5 min  |  -Inf: 4
[20:51:23]  eval 18000  |  ll:  -4886.528  |  4.60 eval/s  |  65.2 min  |  -Inf: 4
[20:52:04]  eval 18200  |  ll:  -4937.063  |  4.60 eval/s  |  65.9 min  |  -Inf: 4
[20:52:46]  eval 18400  |  ll:  -4918.718  |  4.61 eval/s  |  66.6 min  |  -Inf: 4
[20:53:28]  eval 18600  |  ll:  -4882.827  |  4.61 eval/s  |  67.3 min  |  -Inf: 4
[20:54:15]  eval 18800  |  ll:  -4915.900  |  4.60 eval/s  |  68.1 min  |  -Inf: 4
[20:54:55]  eval 19000  |  ll:  -4900.554  |  4.61 eval/s  |  68.7 min  |  -Inf: 4
[20:55:37]  eval 19200  |  ll: -790574.807  |  4.61 eval/s  |  69.4 min  |  -Inf: 4
[20:56:20]  eval 19400  |  ll:  -4885.542  |  4.61 eval/s  |  70.2 min  |  -Inf: 4
[20:57:02]  eval 19600  |  ll:  -4900.156  |  4.61 eval/s  |  70.9 min  |  -Inf: 4
[20:57:49]  eval 19800  |  ll:  -4940.943  |  4.61 eval/s  |  71.6 min  |  -Inf: 4
[20:58:30]  eval 20000  |  ll:  -5233.642  |  4.61 eval/s  |  72.3 min  |  -Inf: 4
[20:59:12]  eval 20200  |  ll:  -5692.091  |  4.61 eval/s  |  73.0 min  |  -Inf: 4
[20:59:55]  eval 20400  |  ll:  -5292.438  |  4.61 eval/s  |  73.7 min  |  -Inf: 4
[21:00:37]  eval 20600  |  ll:  -5102.354  |  4.61 eval/s  |  74.4 min  |  -Inf: 4
[21:01:23]  eval 20800  |  ll:  -5000.732  |  4.61 eval/s  |  75.2 min  |  -Inf: 4
[21:02:05]  eval 21000  |  ll:  -4979.123  |  4.61 eval/s  |  75.9 min  |  -Inf: 4
[21:02:47]  eval 21200  |  ll:  -4870.038  |  4.61 eval/s  |  76.6 min  |  -Inf: 4
[21:03:29]  eval 21400  |  ll:  -4865.135  |  4.61 eval/s  |  77.3 min  |  -Inf: 4
[21:04:14]  eval 21600  |  ll:  -4871.668  |  4.61 eval/s  |  78.0 min  |  -Inf: 4
[21:04:58]  eval 21800  |  ll:  -4883.375  |  4.61 eval/s  |  78.8 min  |  -Inf: 4
[21:05:39]  eval 22000  |  ll:  -4977.136  |  4.61 eval/s  |  79.5 min  |  -Inf: 4
[21:06:21]  eval 22200  |  ll:  -6070.756  |  4.61 eval/s  |  80.2 min  |  -Inf: 4
[21:07:04]  eval 22400  |  ll:  -4881.515  |  4.62 eval/s  |  80.9 min  |  -Inf: 4
[21:07:51]  eval 22600  |  ll:  -4890.855  |  4.61 eval/s  |  81.7 min  |  -Inf: 4
[21:08:31]  eval 22800  |  ll:  -5983.206  |  4.62 eval/s  |  82.3 min  |  -Inf: 4
[21:09:12]  eval 23000  |  ll:  -4917.115  |  4.62 eval/s  |  83.0 min  |  -Inf: 4
[21:09:55]  eval 23200  |  ll:  -4891.647  |  4.62 eval/s  |  83.7 min  |  -Inf: 4
[21:10:38]  eval 23400  |  ll:  -4880.657  |  4.62 eval/s  |  84.5 min  |  -Inf: 4
[21:11:24]  eval 23600  |  ll:  -4870.224  |  4.62 eval/s  |  85.2 min  |  -Inf: 4
[21:12:06]  eval 23800  |  ll:  -4881.396  |  4.62 eval/s  |  85.9 min  |  -Inf: 4
[21:12:49]  eval 24000  |  ll:  -5553.341  |  4.62 eval/s  |  86.6 min  |  -Inf: 4
[21:13:32]  eval 24200  |  ll:  -4931.260  |  4.62 eval/s  |  87.3 min  |  -Inf: 4
[21:14:15]  eval 24400  |  ll:  -4870.819  |  4.62 eval/s  |  88.1 min  |  -Inf: 4
[21:15:01]  eval 24600  |  ll:  -4867.701  |  4.62 eval/s  |  88.8 min  |  -Inf: 4
[21:15:43]  eval 24800  |  ll:  -4868.448  |  4.62 eval/s  |  89.5 min  |  -Inf: 4
[21:16:25]  eval 25000  |  ll:  -4901.586  |  4.62 eval/s  |  90.2 min  |  -Inf: 4
[21:17:09]  eval 25200  |  ll:  -4863.417  |  4.62 eval/s  |  91.0 min  |  -Inf: 4
[21:17:56]  eval 25400  |  ll:  -4916.172  |  4.61 eval/s  |  91.8 min  |  -Inf: 4
[21:18:46]  eval 25600  |  ll:  -4875.797  |  4.61 eval/s  |  92.6 min  |  -Inf: 4
[21:19:29]  eval 25800  |  ll:  -4879.268  |  4.61 eval/s  |  93.3 min  |  -Inf: 4
[21:20:11]  eval 26000  |  ll:  -4889.936  |  4.61 eval/s  |  94.0 min  |  -Inf: 4
[21:20:54]  eval 26200  |  ll:  -4880.351  |  4.61 eval/s  |  94.7 min  |  -Inf: 4
[21:21:40]  eval 26400  |  ll:  -4874.976  |  4.61 eval/s  |  95.5 min  |  -Inf: 4
[21:22:22]  eval 26600  |  ll:  -4878.560  |  4.61 eval/s  |  96.2 min  |  -Inf: 4
[21:23:05]  eval 26800  |  ll: -20272.335  |  4.61 eval/s  |  96.9 min  |  -Inf: 4
[21:23:47]  eval 27000  |  ll:  -4972.829  |  4.61 eval/s  |  97.6 min  |  -Inf: 4
[21:24:29]  eval 27200  |  ll:  -4916.611  |  4.61 eval/s  |  98.3 min  |  -Inf: 4
[21:25:16]  eval 27400  |  ll:  -4886.106  |  4.61 eval/s  |  99.1 min  |  -Inf: 4
[21:25:59]  eval 27600  |  ll:  -5335.488  |  4.61 eval/s  |  99.8 min  |  -Inf: 4
[21:26:41]  eval 27800  |  ll:  -4891.390  |  4.61 eval/s  |  100.5 min  |  -Inf: 4
[21:27:24]  eval 28000  |  ll:  -5025.186  |  4.61 eval/s  |  101.2 min  |  -Inf: 4
[21:28:06]  eval 28200  |  ll:  -4877.662  |  4.61 eval/s  |  101.9 min  |  -Inf: 4
[21:28:53]  eval 28400  |  ll:  -6565.769  |  4.61 eval/s  |  102.7 min  |  -Inf: 4
[21:29:36]  eval 28600  |  ll:  -5176.544  |  4.61 eval/s  |  103.4 min  |  -Inf: 4
[21:30:19]  eval 28800  |  ll:  -4874.718  |  4.61 eval/s  |  104.1 min  |  -Inf: 4
[21:31:01]  eval 29000  |  ll:  -4880.123  |  4.61 eval/s  |  104.8 min  |  -Inf: 4
[21:31:45]  eval 29200  |  ll:  -5103.801  |  4.61 eval/s  |  105.6 min  |  -Inf: 4
[21:32:31]  eval 29400  |  ll:  -4981.630  |  4.61 eval/s  |  106.3 min  |  -Inf: 4
[21:33:13]  eval 29600  |  ll:  -4932.843  |  4.61 eval/s  |  107.0 min  |  -Inf: 4
[21:33:54]  eval 29800  |  ll:  -4899.143  |  4.61 eval/s  |  107.7 min  |  -Inf: 4
[21:34:35]  eval 30000  |  ll:  -4925.791  |  4.61 eval/s  |  108.4 min  |  -Inf: 4
[21:35:21]  eval 30200  |  ll:  -4928.910  |  4.61 eval/s  |  109.2 min  |  -Inf: 4
[21:36:03]  eval 30400  |  ll:  -5058.072  |  4.61 eval/s  |  109.9 min  |  -Inf: 4
[21:36:43]  eval 30600  |  ll:  -4863.967  |  4.61 eval/s  |  110.5 min  |  -Inf: 4
[21:37:24]  eval 30800  |  ll:  -4897.510  |  4.62 eval/s  |  111.2 min  |  -Inf: 4
[21:38:03]  eval 31000  |  ll:  -4952.173  |  4.62 eval/s  |  111.9 min  |  -Inf: 4
[21:38:47]  eval 31200  |  ll:  -4902.591  |  4.62 eval/s  |  112.6 min  |  -Inf: 4
[21:39:27]  eval 31400  |  ll:  -4886.985  |  4.62 eval/s  |  113.3 min  |  -Inf: 4
[21:40:07]  eval 31600  |  ll:  -5006.931  |  4.62 eval/s  |  113.9 min  |  -Inf: 4
[21:40:46]  eval 31800  |  ll: -303528.571  |  4.63 eval/s  |  114.6 min  |  -Inf: 4
[21:41:26]  eval 32000  |  ll:  -4885.838  |  4.63 eval/s  |  115.3 min  |  -Inf: 4
[21:42:10]  eval 32200  |  ll:  -4896.917  |  4.63 eval/s  |  116.0 min  |  -Inf: 4
[21:42:50]  eval 32400  |  ll:  -4873.396  |  4.63 eval/s  |  116.7 min  |  -Inf: 4
[21:43:29]  eval 32600  |  ll:  -5322.910  |  4.63 eval/s  |  117.3 min  |  -Inf: 4
[21:44:08]  eval 32800  |  ll:  -4864.267  |  4.63 eval/s  |  118.0 min  |  -Inf: 4
[21:44:50]  eval 33000  |  ll:  -4906.429  |  4.64 eval/s  |  118.7 min  |  -Inf: 4
[21:45:31]  eval 33200  |  ll:  -5101.508  |  4.64 eval/s  |  119.3 min  |  -Inf: 4
[21:46:11]  eval 33400  |  ll:  -4872.881  |  4.64 eval/s  |  120.0 min  |  -Inf: 4
[21:46:51]  eval 33600  |  ll:  -5058.859  |  4.64 eval/s  |  120.7 min  |  -Inf: 4
[21:47:31]  eval 33800  |  ll:  -4874.840  |  4.64 eval/s  |  121.3 min  |  -Inf: 4
[21:48:16]  eval 34000  |  ll:  -4984.262  |  4.64 eval/s  |  122.1 min  |  -Inf: 4
[21:48:56]  eval 34200  |  ll:  -4880.748  |  4.64 eval/s  |  122.7 min  |  -Inf: 4
[21:49:36]  eval 34400  |  ll:  -4906.026  |  4.65 eval/s  |  123.4 min  |  -Inf: 5
[21:50:15]  eval 34600  |  ll:  -7936.555  |  4.65 eval/s  |  124.1 min  |  -Inf: 5
[21:50:55]  eval 34800  |  ll:  -5333.739  |  4.65 eval/s  |  124.7 min  |  -Inf: 5
[21:51:40]  eval 35000  |  ll: -11208.886  |  4.65 eval/s  |  125.5 min  |  -Inf: 5
[21:52:20]  eval 35200  |  ll:  -4886.260  |  4.65 eval/s  |  126.2 min  |  -Inf: 5
[21:53:00]  eval 35400  |  ll:  -5387.684  |  4.65 eval/s  |  126.8 min  |  -Inf: 5
[21:53:40]  eval 35600  |  ll:  -4943.241  |  4.65 eval/s  |  127.5 min  |  -Inf: 5
[21:54:19]  eval 35800  |  ll:  -4879.912  |  4.66 eval/s  |  128.1 min  |  -Inf: 5
[21:55:04]  eval 36000  |  ll:  -5036.346  |  4.65 eval/s  |  128.9 min  |  -Inf: 5
[21:55:44]  eval 36200  |  ll:  -4917.676  |  4.66 eval/s  |  129.6 min  |  -Inf: 5
[21:56:23]  eval 36400  |  ll:  -5024.114  |  4.66 eval/s  |  130.2 min  |  -Inf: 5
[21:57:03]  eval 36600  |  ll:  -4878.408  |  4.66 eval/s  |  130.9 min  |  -Inf: 5
[21:57:49]  eval 36800  |  ll:  -6372.381  |  4.66 eval/s  |  131.6 min  |  -Inf: 5
[21:58:31]  eval 37000  |  ll:  -5430.297  |  4.66 eval/s  |  132.3 min  |  -Inf: 5
[21:59:12]  eval 37200  |  ll:  -4923.505  |  4.66 eval/s  |  133.0 min  |  -Inf: 5
[21:59:53]  eval 37400  |  ll:  -5168.895  |  4.66 eval/s  |  133.7 min  |  -Inf: 5
[22:00:33]  eval 37600  |  ll:  -6986.644  |  4.66 eval/s  |  134.4 min  |  -Inf: 5
[22:01:18]  eval 37800  |  ll:  -5240.189  |  4.66 eval/s  |  135.1 min  |  -Inf: 5
[22:01:59]  eval 38000  |  ll:  -4930.628  |  4.66 eval/s  |  135.8 min  |  -Inf: 5
[22:02:40]  eval 38200  |  ll:  -5037.852  |  4.66 eval/s  |  136.5 min  |  -Inf: 5
[22:03:21]  eval 38400  |  ll:  -6000.447  |  4.67 eval/s  |  137.2 min  |  -Inf: 5
[22:04:01]  eval 38600  |  ll:  -4885.364  |  4.67 eval/s  |  137.8 min  |  -Inf: 5
[22:04:47]  eval 38800  |  ll:  -5235.826  |  4.67 eval/s  |  138.6 min  |  -Inf: 5
[22:05:28]  eval 39000  |  ll:  -5341.694  |  4.67 eval/s  |  139.3 min  |  -Inf: 6
[22:06:09]  eval 39200  |  ll:  -4871.994  |  4.67 eval/s  |  140.0 min  |  -Inf: 6
[22:06:49]  eval 39400  |  ll:  -4887.304  |  4.67 eval/s  |  140.6 min  |  -Inf: 6
[22:07:30]  eval 39600  |  ll:  -6519.785  |  4.67 eval/s  |  141.3 min  |  -Inf: 6
[22:08:15]  eval 39800  |  ll:  -5233.267  |  4.67 eval/s  |  142.1 min  |  -Inf: 6
[22:08:56]  eval 40000  |  ll:  -5093.983  |  4.67 eval/s  |  142.8 min  |  -Inf: 6
[22:09:37]  eval 40200  |  ll:  -4867.693  |  4.67 eval/s  |  143.4 min  |  -Inf: 6
[22:10:18]  eval 40400  |  ll:  -4901.284  |  4.67 eval/s  |  144.1 min  |  -Inf: 6
[22:11:03]  eval 40600  |  ll:  -4949.557  |  4.67 eval/s  |  144.9 min  |  -Inf: 6
[22:11:45]  eval 40800  |  ll:  -4873.579  |  4.67 eval/s  |  145.6 min  |  -Inf: 6
[22:12:27]  eval 41000  |  ll:  -4990.132  |  4.67 eval/s  |  146.3 min  |  -Inf: 6
[22:13:08]  eval 41200  |  ll:  -5127.084  |  4.67 eval/s  |  147.0 min  |  -Inf: 6
[22:13:49]  eval 41400  |  ll:  -4872.595  |  4.67 eval/s  |  147.6 min  |  -Inf: 6
[22:14:35]  eval 41600  |  ll:  -5244.319  |  4.67 eval/s  |  148.4 min  |  -Inf: 6
[22:15:17]  eval 41800  |  ll:  -4923.614  |  4.67 eval/s  |  149.1 min  |  -Inf: 6
[22:15:59]  eval 42000  |  ll:  -4874.630  |  4.67 eval/s  |  149.8 min  |  -Inf: 6
[22:16:40]  eval 42200  |  ll:  -4862.714  |  4.67 eval/s  |  150.5 min  |  -Inf: 6
[22:17:21]  eval 42400  |  ll:  -4870.449  |  4.67 eval/s  |  151.2 min  |  -Inf: 6
[22:18:07]  eval 42600  |  ll:  -5115.959  |  4.67 eval/s  |  151.9 min  |  -Inf: 6
[22:18:48]  eval 42800  |  ll:  -4898.102  |  4.67 eval/s  |  152.6 min  |  -Inf: 6
[22:19:30]  eval 43000  |  ll:  -4911.222  |  4.67 eval/s  |  153.3 min  |  -Inf: 6
[22:20:11]  eval 43200  |  ll:  -6930.294  |  4.67 eval/s  |  154.0 min  |  -Inf: 6
[22:20:52]  eval 43400  |  ll:  -4893.866  |  4.68 eval/s  |  154.7 min  |  -Inf: 6
[22:21:40]  eval 43600  |  ll:  -4867.817  |  4.67 eval/s  |  155.5 min  |  -Inf: 6

Chain 3 finished: 2026-06-01 22:21:42.676598  (155.5 min)
Total evaluations: 43611  |  -Inf rejects: 6 (0.01%)
