==========================================================
  Yasso07  Chain 3 / 4
  Run ID:  20260430_101843
  Started: 2026-04-30 11:27:21.918722
  Plots:   20 | Iter: 10000 | Cores: 11
==========================================================

Initial ll at best_x: -292.380

[11:28:06]  eval   200  |  ll:   -366.486  |  4.56 eval/s  |  0.7 min  |  -Inf: 13
[11:28:48]  eval   400  |  ll:   -286.783  |  4.65 eval/s  |  1.4 min  |  -Inf: 41
[11:29:31]  eval   600  |  ll:   -287.649  |  4.62 eval/s  |  2.2 min  |  -Inf: 68
[11:30:12]  eval   800  |  ll:   -295.049  |  4.70 eval/s  |  2.8 min  |  -Inf: 72
[11:30:48]  eval  1000  |  ll:   -288.733  |  4.84 eval/s  |  3.4 min  |  -Inf: 74
[11:31:25]  eval  1200  |  ll:   -281.035  |  4.93 eval/s  |  4.1 min  |  -Inf: 74
[11:32:04]  eval  1400  |  ll:   -269.090  |  4.96 eval/s  |  4.7 min  |  -Inf: 75
[11:32:43]  eval  1600  |  ll:   -283.561  |  4.98 eval/s  |  5.4 min  |  -Inf: 77
[11:33:22]  eval  1800  |  ll:   -353.512  |  5.00 eval/s  |  6.0 min  |  -Inf: 79
[11:34:02]  eval  2000  |  ll:   -273.843  |  5.00 eval/s  |  6.7 min  |  -Inf: 92
[11:34:38]  eval  2200  |  ll:   -270.777  |  5.04 eval/s  |  7.3 min  |  -Inf: 108
[11:35:14]  eval  2400  |  ll:   -294.176  |  5.08 eval/s  |  7.9 min  |  -Inf: 139
[11:35:53]  eval  2600  |  ll:   -272.387  |  5.08 eval/s  |  8.5 min  |  -Inf: 155
[11:36:33]  eval  2800  |  ll:   -278.283  |  5.08 eval/s  |  9.2 min  |  -Inf: 169
[11:37:10]  eval  3000  |  ll:   -278.635  |  5.10 eval/s  |  9.8 min  |  -Inf: 174
[11:37:47]  eval  3200  |  ll:   -272.887  |  5.11 eval/s  |  10.4 min  |  -Inf: 217
[11:38:25]  eval  3400  |  ll:   -279.262  |  5.12 eval/s  |  11.1 min  |  -Inf: 267
[11:39:06]  eval  3600  |  ll:   -286.905  |  5.11 eval/s  |  11.7 min  |  -Inf: 292
[11:39:44]  eval  3800  |  ll:   -279.162  |  5.12 eval/s  |  12.4 min  |  -Inf: 301
[11:40:22]  eval  4000  |  ll:   -278.727  |  5.12 eval/s  |  13.0 min  |  -Inf: 313
[11:41:02]  eval  4200  |  ll:       -Inf  |  5.12 eval/s  |  13.7 min  |  -Inf: 362
[11:41:43]  eval  4400  |  ll:   -279.959  |  5.11 eval/s  |  14.4 min  |  -Inf: 384
[11:42:20]  eval  4600  |  ll:   -286.032  |  5.12 eval/s  |  15.0 min  |  -Inf: 401
[11:42:57]  eval  4800  |  ll:   -275.598  |  5.13 eval/s  |  15.6 min  |  -Inf: 435
[11:43:36]  eval  5000  |  ll:   -280.263  |  5.13 eval/s  |  16.2 min  |  -Inf: 460
[11:44:17]  eval  5200  |  ll:   -304.992  |  5.12 eval/s  |  16.9 min  |  -Inf: 472
[11:44:54]  eval  5400  |  ll:   -279.092  |  5.13 eval/s  |  17.5 min  |  -Inf: 480
[11:45:33]  eval  5600  |  ll:   -275.725  |  5.13 eval/s  |  18.2 min  |  -Inf: 480
[11:46:12]  eval  5800  |  ll:   -283.800  |  5.13 eval/s  |  18.8 min  |  -Inf: 489
[11:46:51]  eval  6000  |  ll:   -274.744  |  5.13 eval/s  |  19.5 min  |  -Inf: 518
[11:47:32]  eval  6200  |  ll:       -Inf  |  5.12 eval/s  |  20.2 min  |  -Inf: 537
[11:48:13]  eval  6400  |  ll:   -281.242  |  5.11 eval/s  |  20.9 min  |  -Inf: 543
[11:48:50]  eval  6600  |  ll:   -292.754  |  5.12 eval/s  |  21.5 min  |  -Inf: 559
[11:49:28]  eval  6800  |  ll:   -277.034  |  5.13 eval/s  |  22.1 min  |  -Inf: 576
[11:50:07]  eval  7000  |  ll:   -275.219  |  5.12 eval/s  |  22.8 min  |  -Inf: 585
[11:50:47]  eval  7200  |  ll:   -271.182  |  5.12 eval/s  |  23.4 min  |  -Inf: 597
[11:51:27]  eval  7400  |  ll:       -Inf  |  5.12 eval/s  |  24.1 min  |  -Inf: 633
[11:52:08]  eval  7600  |  ll:   -280.418  |  5.11 eval/s  |  24.8 min  |  -Inf: 667
[11:52:44]  eval  7800  |  ll:       -Inf  |  5.12 eval/s  |  25.4 min  |  -Inf: 699
[11:53:21]  eval  8000  |  ll:   -283.511  |  5.13 eval/s  |  26.0 min  |  -Inf: 743
[11:54:00]  eval  8200  |  ll:   -278.637  |  5.13 eval/s  |  26.6 min  |  -Inf: 795
[11:54:39]  eval  8400  |  ll:   -273.142  |  5.13 eval/s  |  27.3 min  |  -Inf: 818
[11:55:18]  eval  8600  |  ll:   -267.565  |  5.13 eval/s  |  27.9 min  |  -Inf: 837
[11:55:59]  eval  8800  |  ll:       -Inf  |  5.12 eval/s  |  28.6 min  |  -Inf: 870
[11:56:36]  eval  9000  |  ll:   -278.664  |  5.13 eval/s  |  29.2 min  |  -Inf: 922
[11:57:13]  eval  9200  |  ll:   -288.003  |  5.14 eval/s  |  29.9 min  |  -Inf: 964
[11:57:53]  eval  9400  |  ll:   -266.029  |  5.13 eval/s  |  30.5 min  |  -Inf: 1011
[11:58:32]  eval  9600  |  ll:   -273.243  |  5.13 eval/s  |  31.2 min  |  -Inf: 1035
[11:59:09]  eval  9800  |  ll:   -365.383  |  5.14 eval/s  |  31.8 min  |  -Inf: 1059
[11:59:45]  eval 10000  |  ll:   -277.692  |  5.14 eval/s  |  32.4 min  |  -Inf: 1079

Chain 3 finished: 2026-04-30 11:59:46.337381  (32.4 min)
Total evaluations: 10002  |  -Inf rejects: 1079 (10.79%)
