==========================================================
  Yasso07  Chain 2 / 4
  Run ID:  20260430_153604
  Started: 2026-04-30 16:20:27.065465
  Plots:   40 | Iter: 10000 | Cores: 11
==========================================================

Initial ll at best_x: -520.845

[16:21:24]  eval   200  |  ll:   -566.766  |  3.51 eval/s  |  1.0 min  |  -Inf: 2
[16:22:18]  eval   400  |  ll:   -521.673  |  3.58 eval/s  |  1.9 min  |  -Inf: 7
[16:23:10]  eval   600  |  ll:   -517.208  |  3.69 eval/s  |  2.7 min  |  -Inf: 11
[16:24:00]  eval   800  |  ll:   -516.518  |  3.75 eval/s  |  3.6 min  |  -Inf: 27
[16:24:51]  eval  1000  |  ll:   -530.072  |  3.79 eval/s  |  4.4 min  |  -Inf: 43
[16:25:42]  eval  1200  |  ll:       -Inf  |  3.81 eval/s  |  5.2 min  |  -Inf: 59
[16:26:32]  eval  1400  |  ll:   -511.701  |  3.83 eval/s  |  6.1 min  |  -Inf: 71
[16:27:24]  eval  1600  |  ll:   -509.013  |  3.84 eval/s  |  7.0 min  |  -Inf: 76
[16:28:14]  eval  1800  |  ll:   -514.206  |  3.86 eval/s  |  7.8 min  |  -Inf: 95
[16:28:57]  eval  2000  |  ll:       -Inf  |  3.92 eval/s  |  8.5 min  |  -Inf: 113
[16:29:38]  eval  2200  |  ll:   -510.935  |  3.99 eval/s  |  9.2 min  |  -Inf: 129
[16:30:19]  eval  2400  |  ll:   -502.742  |  4.06 eval/s  |  9.9 min  |  -Inf: 161
[16:30:57]  eval  2600  |  ll:   -539.941  |  4.12 eval/s  |  10.5 min  |  -Inf: 171
[16:31:38]  eval  2800  |  ll:  -2906.803  |  4.17 eval/s  |  11.2 min  |  -Inf: 173
[16:32:18]  eval  3000  |  ll:   -506.441  |  4.22 eval/s  |  11.8 min  |  -Inf: 180
[16:32:57]  eval  3200  |  ll:   -506.451  |  4.27 eval/s  |  12.5 min  |  -Inf: 195
[16:33:36]  eval  3400  |  ll:   -500.389  |  4.31 eval/s  |  13.2 min  |  -Inf: 203
[16:34:16]  eval  3600  |  ll:   -506.304  |  4.34 eval/s  |  13.8 min  |  -Inf: 229
[16:34:55]  eval  3800  |  ll:   -523.356  |  4.38 eval/s  |  14.5 min  |  -Inf: 242
[16:35:35]  eval  4000  |  ll:   -512.798  |  4.41 eval/s  |  15.1 min  |  -Inf: 257
[16:36:12]  eval  4200  |  ll:   -497.562  |  4.44 eval/s  |  15.8 min  |  -Inf: 268
[16:36:49]  eval  4400  |  ll:   -505.099  |  4.48 eval/s  |  16.4 min  |  -Inf: 277
[16:37:25]  eval  4600  |  ll:   -495.811  |  4.52 eval/s  |  17.0 min  |  -Inf: 305
[16:38:03]  eval  4800  |  ll:   -510.002  |  4.54 eval/s  |  17.6 min  |  -Inf: 322
[16:38:41]  eval  5000  |  ll:   -502.343  |  4.57 eval/s  |  18.2 min  |  -Inf: 328
[16:39:23]  eval  5200  |  ll:   -519.895  |  4.58 eval/s  |  18.9 min  |  -Inf: 336
[16:40:09]  eval  5400  |  ll:   -516.599  |  4.57 eval/s  |  19.7 min  |  -Inf: 345
[16:40:52]  eval  5600  |  ll:   -501.542  |  4.57 eval/s  |  20.4 min  |  -Inf: 352
[16:41:38]  eval  5800  |  ll:   -525.469  |  4.56 eval/s  |  21.2 min  |  -Inf: 360
[16:42:39]  eval  6000  |  ll:   -541.385  |  4.50 eval/s  |  22.2 min  |  -Inf: 373
[16:43:11]  eval  6200  |  ll:   -503.685  |  4.54 eval/s  |  22.7 min  |  -Inf: 389
[16:43:45]  eval  6400  |  ll:   -503.516  |  4.58 eval/s  |  23.3 min  |  -Inf: 407
[16:44:22]  eval  6600  |  ll:   -555.023  |  4.60 eval/s  |  23.9 min  |  -Inf: 425
[16:44:59]  eval  6800  |  ll:       -Inf  |  4.62 eval/s  |  24.5 min  |  -Inf: 450
[16:45:35]  eval  7000  |  ll:       -Inf  |  4.64 eval/s  |  25.1 min  |  -Inf: 472
[16:46:12]  eval  7200  |  ll:   -523.768  |  4.66 eval/s  |  25.8 min  |  -Inf: 503
[16:46:50]  eval  7400  |  ll:   -537.730  |  4.67 eval/s  |  26.4 min  |  -Inf: 517
[16:47:29]  eval  7600  |  ll:   -506.044  |  4.68 eval/s  |  27.0 min  |  -Inf: 543
[16:48:09]  eval  7800  |  ll:   -496.673  |  4.69 eval/s  |  27.7 min  |  -Inf: 584
[16:48:48]  eval  8000  |  ll:   -494.733  |  4.70 eval/s  |  28.3 min  |  -Inf: 613
[16:49:25]  eval  8200  |  ll:   -851.788  |  4.72 eval/s  |  29.0 min  |  -Inf: 660
[16:50:01]  eval  8400  |  ll:   -498.112  |  4.74 eval/s  |  29.6 min  |  -Inf: 687
[16:50:37]  eval  8600  |  ll:   -673.773  |  4.75 eval/s  |  30.2 min  |  -Inf: 691
[16:51:14]  eval  8800  |  ll:   -497.941  |  4.76 eval/s  |  30.8 min  |  -Inf: 697
[16:51:51]  eval  9000  |  ll:   -563.126  |  4.78 eval/s  |  31.4 min  |  -Inf: 719
[16:52:27]  eval  9200  |  ll:   -540.561  |  4.79 eval/s  |  32.0 min  |  -Inf: 722
[16:53:04]  eval  9400  |  ll:   -521.157  |  4.80 eval/s  |  32.6 min  |  -Inf: 734
[16:53:41]  eval  9600  |  ll:   -517.915  |  4.81 eval/s  |  33.2 min  |  -Inf: 745
[16:54:19]  eval  9800  |  ll:   -506.242  |  4.82 eval/s  |  33.9 min  |  -Inf: 774
[16:54:58]  eval 10000  |  ll:   -530.637  |  4.83 eval/s  |  34.5 min  |  -Inf: 803

Chain 2 finished: 2026-04-30 16:54:58.8206  (34.5 min)
Total evaluations: 10002  |  -Inf rejects: 803 (8.03%)
