==========================================================
  Yasso07  Chain 2 / 4
  Run ID:  20260504_100551
  Started: 2026-05-04 10:17:53.086465
  Plots:   40 | Iter: 10000 | Cores: 11
==========================================================

Initial ll at best_x: -520.845

[10:18:05]  eval   200  |  ll:   -566.766  |  16.68 eval/s  |  0.2 min  |  -Inf: 2
[10:18:16]  eval   400  |  ll:   -521.673  |  17.23 eval/s  |  0.4 min  |  -Inf: 7
[10:18:27]  eval   600  |  ll:   -517.208  |  17.52 eval/s  |  0.6 min  |  -Inf: 11
[10:18:38]  eval   800  |  ll:   -516.518  |  17.62 eval/s  |  0.8 min  |  -Inf: 27
[10:18:50]  eval  1000  |  ll:   -530.072  |  17.49 eval/s  |  1.0 min  |  -Inf: 43
[10:19:01]  eval  1200  |  ll:       -Inf  |  17.48 eval/s  |  1.1 min  |  -Inf: 59
[10:19:13]  eval  1400  |  ll:   -511.701  |  17.46 eval/s  |  1.3 min  |  -Inf: 71
[10:19:24]  eval  1600  |  ll:   -509.013  |  17.50 eval/s  |  1.5 min  |  -Inf: 76
[10:19:36]  eval  1800  |  ll:   -514.206  |  17.48 eval/s  |  1.7 min  |  -Inf: 95
[10:19:48]  eval  2000  |  ll:       -Inf  |  17.41 eval/s  |  1.9 min  |  -Inf: 113
[10:19:59]  eval  2200  |  ll:   -510.935  |  17.38 eval/s  |  2.1 min  |  -Inf: 129
[10:20:11]  eval  2400  |  ll:   -502.742  |  17.38 eval/s  |  2.3 min  |  -Inf: 161
[10:20:22]  eval  2600  |  ll:   -539.941  |  17.38 eval/s  |  2.5 min  |  -Inf: 171
[10:20:34]  eval  2800  |  ll:  -2906.803  |  17.37 eval/s  |  2.7 min  |  -Inf: 173
[10:20:45]  eval  3000  |  ll:   -506.441  |  17.37 eval/s  |  2.9 min  |  -Inf: 180
[10:20:57]  eval  3200  |  ll:   -506.451  |  17.38 eval/s  |  3.1 min  |  -Inf: 195
[10:21:08]  eval  3400  |  ll:   -500.389  |  17.38 eval/s  |  3.3 min  |  -Inf: 203
[10:21:20]  eval  3600  |  ll:   -506.304  |  17.38 eval/s  |  3.5 min  |  -Inf: 229
[10:21:32]  eval  3800  |  ll:   -523.356  |  17.36 eval/s  |  3.6 min  |  -Inf: 242
[10:21:43]  eval  4000  |  ll:   -512.798  |  17.36 eval/s  |  3.8 min  |  -Inf: 257
[10:21:55]  eval  4200  |  ll:   -497.562  |  17.35 eval/s  |  4.0 min  |  -Inf: 268
[10:22:06]  eval  4400  |  ll:   -505.099  |  17.35 eval/s  |  4.2 min  |  -Inf: 277
[10:22:18]  eval  4600  |  ll:   -495.811  |  17.34 eval/s  |  4.4 min  |  -Inf: 305
[10:22:30]  eval  4800  |  ll:   -510.002  |  17.34 eval/s  |  4.6 min  |  -Inf: 322
[10:22:41]  eval  5000  |  ll:   -502.343  |  17.34 eval/s  |  4.8 min  |  -Inf: 328
[10:22:53]  eval  5200  |  ll:   -519.895  |  17.34 eval/s  |  5.0 min  |  -Inf: 336
[10:23:04]  eval  5400  |  ll:   -516.599  |  17.33 eval/s  |  5.2 min  |  -Inf: 345
[10:23:16]  eval  5600  |  ll:   -501.542  |  17.32 eval/s  |  5.4 min  |  -Inf: 352
[10:23:28]  eval  5800  |  ll:   -525.469  |  17.32 eval/s  |  5.6 min  |  -Inf: 360
[10:23:40]  eval  6000  |  ll:   -541.385  |  17.29 eval/s  |  5.8 min  |  -Inf: 373
[10:23:51]  eval  6200  |  ll:   -503.685  |  17.29 eval/s  |  6.0 min  |  -Inf: 389
[10:24:03]  eval  6400  |  ll:   -503.516  |  17.30 eval/s  |  6.2 min  |  -Inf: 407
[10:24:14]  eval  6600  |  ll:   -555.023  |  17.31 eval/s  |  6.4 min  |  -Inf: 425
[10:24:25]  eval  6800  |  ll:       -Inf  |  17.32 eval/s  |  6.5 min  |  -Inf: 450
[10:24:37]  eval  7000  |  ll:       -Inf  |  17.32 eval/s  |  6.7 min  |  -Inf: 472
[10:24:48]  eval  7200  |  ll:   -523.768  |  17.32 eval/s  |  6.9 min  |  -Inf: 503
[10:25:00]  eval  7400  |  ll:   -537.730  |  17.33 eval/s  |  7.1 min  |  -Inf: 517
[10:25:12]  eval  7600  |  ll:   -506.044  |  17.32 eval/s  |  7.3 min  |  -Inf: 543
[10:25:24]  eval  7800  |  ll:   -496.673  |  17.29 eval/s  |  7.5 min  |  -Inf: 584
[10:25:36]  eval  8000  |  ll:   -494.733  |  17.26 eval/s  |  7.7 min  |  -Inf: 613
[10:25:48]  eval  8200  |  ll:   -851.788  |  17.24 eval/s  |  7.9 min  |  -Inf: 660
[10:26:01]  eval  8400  |  ll:   -498.112  |  17.22 eval/s  |  8.1 min  |  -Inf: 687
[10:26:13]  eval  8600  |  ll:   -673.773  |  17.20 eval/s  |  8.3 min  |  -Inf: 691
[10:26:25]  eval  8800  |  ll:   -497.941  |  17.17 eval/s  |  8.5 min  |  -Inf: 697
[10:26:37]  eval  9000  |  ll:   -563.126  |  17.15 eval/s  |  8.7 min  |  -Inf: 719
[10:26:50]  eval  9200  |  ll:   -540.561  |  17.12 eval/s  |  9.0 min  |  -Inf: 722
[10:27:01]  eval  9400  |  ll:   -521.157  |  17.14 eval/s  |  9.1 min  |  -Inf: 734
[10:27:13]  eval  9600  |  ll:   -517.915  |  17.12 eval/s  |  9.3 min  |  -Inf: 745
[10:27:25]  eval  9800  |  ll:   -506.242  |  17.12 eval/s  |  9.5 min  |  -Inf: 774
[10:27:37]  eval 10000  |  ll:   -530.637  |  17.11 eval/s  |  9.7 min  |  -Inf: 803

Chain 2 finished: 2026-05-04 10:27:37.713049  (9.7 min)
Total evaluations: 10002  |  -Inf rejects: 803 (8.03%)
