==========================================================
  Yasso07  Chain 1 / 4
  Run ID:  20260428_124147
  Started: 2026-04-28 12:42:06.691964
  Plots:   20 | Iter: 10000 | Cores: 11
==========================================================

Initial ll at best_x: -285.043

[12:42:22]  eval   200  |  ll:   -282.726  |  12.43 eval/s  |  0.3 min  |  -Inf: 6
[12:42:37]  eval   400  |  ll:   -283.023  |  13.01 eval/s  |  0.5 min  |  -Inf: 20
[12:42:52]  eval   600  |  ll:   -284.558  |  13.13 eval/s  |  0.8 min  |  -Inf: 23
[12:43:07]  eval   800  |  ll:   -289.563  |  13.18 eval/s  |  1.0 min  |  -Inf: 41
[12:43:21]  eval  1000  |  ll:   -302.153  |  13.30 eval/s  |  1.3 min  |  -Inf: 54
[12:43:36]  eval  1200  |  ll:   -288.159  |  13.37 eval/s  |  1.5 min  |  -Inf: 63
[12:43:50]  eval  1400  |  ll:   -283.352  |  13.45 eval/s  |  1.7 min  |  -Inf: 86
[12:44:05]  eval  1600  |  ll:   -277.161  |  13.46 eval/s  |  2.0 min  |  -Inf: 114
[12:44:20]  eval  1800  |  ll:   -278.400  |  13.46 eval/s  |  2.2 min  |  -Inf: 123
[12:44:35]  eval  2000  |  ll:   -256.601  |  13.49 eval/s  |  2.5 min  |  -Inf: 146
[12:44:49]  eval  2200  |  ll:   -264.590  |  13.51 eval/s  |  2.7 min  |  -Inf: 167
[12:45:04]  eval  2400  |  ll:   -289.386  |  13.47 eval/s  |  3.0 min  |  -Inf: 179
[12:45:19]  eval  2600  |  ll:   -368.472  |  13.47 eval/s  |  3.2 min  |  -Inf: 194
[12:45:34]  eval  2800  |  ll:   -289.302  |  13.49 eval/s  |  3.5 min  |  -Inf: 205
[12:45:49]  eval  3000  |  ll:   -284.986  |  13.50 eval/s  |  3.7 min  |  -Inf: 209
[12:46:03]  eval  3200  |  ll:   -260.359  |  13.51 eval/s  |  3.9 min  |  -Inf: 232
[12:46:17]  eval  3400  |  ll:       -Inf  |  13.54 eval/s  |  4.2 min  |  -Inf: 251
[12:46:32]  eval  3600  |  ll:   -259.273  |  13.56 eval/s  |  4.4 min  |  -Inf: 272
[12:46:46]  eval  3800  |  ll:   -316.964  |  13.58 eval/s  |  4.7 min  |  -Inf: 317
[12:47:01]  eval  4000  |  ll:   -269.300  |  13.58 eval/s  |  4.9 min  |  -Inf: 345
[12:47:15]  eval  4200  |  ll:   -273.142  |  13.60 eval/s  |  5.1 min  |  -Inf: 362
[12:47:29]  eval  4400  |  ll:   -309.478  |  13.61 eval/s  |  5.4 min  |  -Inf: 381
[12:47:44]  eval  4600  |  ll:   -262.251  |  13.62 eval/s  |  5.6 min  |  -Inf: 405
[12:47:59]  eval  4800  |  ll:   -272.469  |  13.63 eval/s  |  5.9 min  |  -Inf: 432
[12:48:13]  eval  5000  |  ll:       -Inf  |  13.62 eval/s  |  6.1 min  |  -Inf: 450
[12:48:28]  eval  5200  |  ll:   -281.435  |  13.61 eval/s  |  6.4 min  |  -Inf: 458
[12:48:43]  eval  5400  |  ll:       -Inf  |  13.61 eval/s  |  6.6 min  |  -Inf: 489
[12:48:58]  eval  5600  |  ll:   -279.371  |  13.61 eval/s  |  6.9 min  |  -Inf: 502
[12:49:12]  eval  5800  |  ll:   -269.174  |  13.63 eval/s  |  7.1 min  |  -Inf: 520
[12:49:27]  eval  6000  |  ll:   -271.165  |  13.63 eval/s  |  7.3 min  |  -Inf: 534
[12:49:41]  eval  6200  |  ll:   -264.019  |  13.63 eval/s  |  7.6 min  |  -Inf: 559
[12:49:56]  eval  6400  |  ll:   -263.134  |  13.63 eval/s  |  7.8 min  |  -Inf: 592
[12:50:11]  eval  6600  |  ll:   -470.308  |  13.62 eval/s  |  8.1 min  |  -Inf: 618
[12:50:26]  eval  6800  |  ll:   -263.573  |  13.62 eval/s  |  8.3 min  |  -Inf: 634
[12:50:40]  eval  7000  |  ll:   -258.239  |  13.62 eval/s  |  8.6 min  |  -Inf: 656
[12:50:55]  eval  7200  |  ll:   -809.268  |  13.63 eval/s  |  8.8 min  |  -Inf: 664
[12:51:09]  eval  7400  |  ll:   -264.942  |  13.62 eval/s  |  9.1 min  |  -Inf: 699
[12:51:24]  eval  7600  |  ll:   -273.051  |  13.63 eval/s  |  9.3 min  |  -Inf: 731
[12:51:39]  eval  7800  |  ll:   -276.099  |  13.62 eval/s  |  9.5 min  |  -Inf: 739
[12:51:54]  eval  8000  |  ll:   -256.048  |  13.61 eval/s  |  9.8 min  |  -Inf: 752
[12:52:09]  eval  8200  |  ll:   -263.671  |  13.61 eval/s  |  10.0 min  |  -Inf: 770
[12:52:24]  eval  8400  |  ll:   -269.553  |  13.61 eval/s  |  10.3 min  |  -Inf: 802
[12:52:38]  eval  8600  |  ll:   -265.304  |  13.60 eval/s  |  10.5 min  |  -Inf: 816
[12:52:54]  eval  8800  |  ll:   -262.921  |  13.60 eval/s  |  10.8 min  |  -Inf: 832
[12:53:08]  eval  9000  |  ll:   -261.579  |  13.60 eval/s  |  11.0 min  |  -Inf: 843
[12:53:23]  eval  9200  |  ll:   -276.866  |  13.60 eval/s  |  11.3 min  |  -Inf: 857
[12:53:37]  eval  9400  |  ll:   -271.674  |  13.61 eval/s  |  11.5 min  |  -Inf: 872
[12:53:51]  eval  9600  |  ll:   -255.596  |  13.62 eval/s  |  11.7 min  |  -Inf: 906
[12:54:05]  eval  9800  |  ll: -209187814.751  |  13.63 eval/s  |  12.0 min  |  -Inf: 923
[12:54:20]  eval 10000  |  ll:   -262.640  |  13.63 eval/s  |  12.2 min  |  -Inf: 932

Chain 1 finished: 2026-04-28 12:54:20.569421  (12.2 min)
Total evaluations: 10002  |  -Inf rejects: 932 (9.32%)
