==========================================================
  Yasso07  Chain 4 / 4
  Run ID:  20260428_124147
  Started: 2026-04-28 13:19:36.035146
  Plots:   20 | Iter: 10000 | Cores: 11
==========================================================

Initial ll at best_x: -285.043

[13:19:51]  eval   200  |  ll:   -288.681  |  12.81 eval/s  |  0.3 min  |  -Inf: 9
[13:20:06]  eval   400  |  ll:   -283.011  |  13.04 eval/s  |  0.5 min  |  -Inf: 11
[13:20:22]  eval   600  |  ll:   -281.362  |  13.09 eval/s  |  0.8 min  |  -Inf: 23
[13:20:37]  eval   800  |  ll:   -276.419  |  13.13 eval/s  |  1.0 min  |  -Inf: 44
[13:20:52]  eval  1000  |  ll:   -285.469  |  13.15 eval/s  |  1.3 min  |  -Inf: 60
[13:21:06]  eval  1200  |  ll:   -280.295  |  13.24 eval/s  |  1.5 min  |  -Inf: 83
[13:21:21]  eval  1400  |  ll:   -276.256  |  13.32 eval/s  |  1.8 min  |  -Inf: 105
[13:21:35]  eval  1600  |  ll:   -277.557  |  13.36 eval/s  |  2.0 min  |  -Inf: 144
[13:21:50]  eval  1800  |  ll:   -275.606  |  13.38 eval/s  |  2.2 min  |  -Inf: 162
[13:22:05]  eval  2000  |  ll:   -274.351  |  13.36 eval/s  |  2.5 min  |  -Inf: 176
[13:22:20]  eval  2200  |  ll:   -269.246  |  13.36 eval/s  |  2.7 min  |  -Inf: 204
[13:22:36]  eval  2400  |  ll:   -272.981  |  13.34 eval/s  |  3.0 min  |  -Inf: 221
[13:22:51]  eval  2600  |  ll:   -265.938  |  13.31 eval/s  |  3.3 min  |  -Inf: 249
[13:23:06]  eval  2800  |  ll:   -267.549  |  13.31 eval/s  |  3.5 min  |  -Inf: 256
[13:23:21]  eval  3000  |  ll:   -282.853  |  13.32 eval/s  |  3.8 min  |  -Inf: 260
[13:23:36]  eval  3200  |  ll:   -278.546  |  13.33 eval/s  |  4.0 min  |  -Inf: 269
[13:23:51]  eval  3400  |  ll:   -265.722  |  13.33 eval/s  |  4.3 min  |  -Inf: 285
[13:24:05]  eval  3600  |  ll:   -266.952  |  13.34 eval/s  |  4.5 min  |  -Inf: 294
[13:24:20]  eval  3800  |  ll:   -269.233  |  13.36 eval/s  |  4.7 min  |  -Inf: 304
[13:24:35]  eval  4000  |  ll:   -268.388  |  13.36 eval/s  |  5.0 min  |  -Inf: 318
[13:24:50]  eval  4200  |  ll:   -273.467  |  13.36 eval/s  |  5.2 min  |  -Inf: 331
[13:25:07]  eval  4400  |  ll:   -307.992  |  13.30 eval/s  |  5.5 min  |  -Inf: 356
[13:25:21]  eval  4600  |  ll:   -263.572  |  13.33 eval/s  |  5.8 min  |  -Inf: 380
[13:25:35]  eval  4800  |  ll:   -260.232  |  13.36 eval/s  |  6.0 min  |  -Inf: 400
[13:25:49]  eval  5000  |  ll:   -264.634  |  13.39 eval/s  |  6.2 min  |  -Inf: 418
[13:26:03]  eval  5200  |  ll:   -262.538  |  13.41 eval/s  |  6.5 min  |  -Inf: 451
[13:26:18]  eval  5400  |  ll:   -265.018  |  13.42 eval/s  |  6.7 min  |  -Inf: 464
[13:26:32]  eval  5600  |  ll:   -266.078  |  13.44 eval/s  |  6.9 min  |  -Inf: 468
[13:26:47]  eval  5800  |  ll:   -533.935  |  13.45 eval/s  |  7.2 min  |  -Inf: 477
[13:27:01]  eval  6000  |  ll:   -276.824  |  13.47 eval/s  |  7.4 min  |  -Inf: 489
[13:27:15]  eval  6200  |  ll:   -261.058  |  13.50 eval/s  |  7.7 min  |  -Inf: 521
[13:27:29]  eval  6400  |  ll:   -271.922  |  13.53 eval/s  |  7.9 min  |  -Inf: 539
[13:27:42]  eval  6600  |  ll:   -277.839  |  13.56 eval/s  |  8.1 min  |  -Inf: 563
[13:27:56]  eval  6800  |  ll:   -270.872  |  13.58 eval/s  |  8.3 min  |  -Inf: 579
[13:28:11]  eval  7000  |  ll:   -267.299  |  13.59 eval/s  |  8.6 min  |  -Inf: 590
[13:28:25]  eval  7200  |  ll:   -418.687  |  13.60 eval/s  |  8.8 min  |  -Inf: 597
[13:28:40]  eval  7400  |  ll:   -269.379  |  13.60 eval/s  |  9.1 min  |  -Inf: 613
[13:28:54]  eval  7600  |  ll:   -286.850  |  13.61 eval/s  |  9.3 min  |  -Inf: 637
[13:29:08]  eval  7800  |  ll:   -262.440  |  13.63 eval/s  |  9.5 min  |  -Inf: 654
[13:29:22]  eval  8000  |  ll:   -268.612  |  13.64 eval/s  |  9.8 min  |  -Inf: 689
[13:29:36]  eval  8200  |  ll:   -268.353  |  13.66 eval/s  |  10.0 min  |  -Inf: 718
[13:29:50]  eval  8400  |  ll:   -258.674  |  13.67 eval/s  |  10.2 min  |  -Inf: 731
[13:30:04]  eval  8600  |  ll:   -259.683  |  13.70 eval/s  |  10.5 min  |  -Inf: 733
[13:30:17]  eval  8800  |  ll:   -257.570  |  13.72 eval/s  |  10.7 min  |  -Inf: 735
[13:30:31]  eval  9000  |  ll:   -287.240  |  13.74 eval/s  |  10.9 min  |  -Inf: 746
[13:30:46]  eval  9200  |  ll:   -257.461  |  13.73 eval/s  |  11.2 min  |  -Inf: 763
[13:31:00]  eval  9400  |  ll:   -257.232  |  13.73 eval/s  |  11.4 min  |  -Inf: 768
[13:31:15]  eval  9600  |  ll:   -340.744  |  13.73 eval/s  |  11.7 min  |  -Inf: 782
[13:31:29]  eval  9800  |  ll:   -269.343  |  13.74 eval/s  |  11.9 min  |  -Inf: 793
[13:31:43]  eval 10000  |  ll:   -299.555  |  13.74 eval/s  |  12.1 min  |  -Inf: 814

Chain 4 finished: 2026-04-28 13:31:43.957679  (12.1 min)
Total evaluations: 10002  |  -Inf rejects: 815 (8.15%)
