==========================================================
  Yasso07  Chain 1 / 4
  Run ID:  20260504_100551
  Started: 2026-05-04 10:06:08.46097
  Plots:   40 | Iter: 10000 | Cores: 11
==========================================================

Initial ll at best_x: -520.845

[10:06:24]  eval   200  |  ll:   -520.229  |  12.23 eval/s  |  0.3 min  |  -Inf: 4
[10:06:40]  eval   400  |  ll:   -520.007  |  12.61 eval/s  |  0.5 min  |  -Inf: 6
[10:06:55]  eval   600  |  ll:   -520.163  |  12.81 eval/s  |  0.8 min  |  -Inf: 14
[10:07:11]  eval   800  |  ll:   -550.192  |  12.78 eval/s  |  1.0 min  |  -Inf: 40
[10:07:27]  eval  1000  |  ll:   -569.171  |  12.71 eval/s  |  1.3 min  |  -Inf: 59
[10:07:43]  eval  1200  |  ll:   -578.271  |  12.66 eval/s  |  1.6 min  |  -Inf: 93
[10:07:59]  eval  1400  |  ll:   -522.026  |  12.64 eval/s  |  1.8 min  |  -Inf: 107
[10:08:16]  eval  1600  |  ll:   -514.533  |  12.54 eval/s  |  2.1 min  |  -Inf: 124
[10:08:31]  eval  1800  |  ll:   -546.968  |  12.55 eval/s  |  2.4 min  |  -Inf: 144
[10:08:46]  eval  2000  |  ll:   -557.487  |  12.65 eval/s  |  2.6 min  |  -Inf: 169
[10:09:02]  eval  2200  |  ll:   -517.259  |  12.63 eval/s  |  2.9 min  |  -Inf: 189
[10:09:18]  eval  2400  |  ll:   -651.263  |  12.66 eval/s  |  3.2 min  |  -Inf: 197
[10:09:33]  eval  2600  |  ll:   -551.087  |  12.71 eval/s  |  3.4 min  |  -Inf: 205
[10:09:48]  eval  2800  |  ll:   -526.698  |  12.71 eval/s  |  3.7 min  |  -Inf: 231
[10:10:05]  eval  3000  |  ll:   -526.824  |  12.69 eval/s  |  3.9 min  |  -Inf: 267
[10:10:20]  eval  3200  |  ll:       -Inf  |  12.71 eval/s  |  4.2 min  |  -Inf: 285
[10:10:34]  eval  3400  |  ll:   -518.801  |  12.77 eval/s  |  4.4 min  |  -Inf: 315
[10:10:49]  eval  3600  |  ll:   -652.981  |  12.80 eval/s  |  4.7 min  |  -Inf: 367
[10:11:04]  eval  3800  |  ll:   -635.174  |  12.84 eval/s  |  4.9 min  |  -Inf: 401
[10:11:19]  eval  4000  |  ll:   -518.243  |  12.87 eval/s  |  5.2 min  |  -Inf: 432
[10:11:34]  eval  4200  |  ll:   -584.655  |  12.89 eval/s  |  5.4 min  |  -Inf: 458
[10:11:49]  eval  4400  |  ll:   -516.090  |  12.89 eval/s  |  5.7 min  |  -Inf: 503
[10:12:04]  eval  4600  |  ll:   -509.180  |  12.92 eval/s  |  5.9 min  |  -Inf: 530
[10:12:20]  eval  4800  |  ll:   -517.288  |  12.92 eval/s  |  6.2 min  |  -Inf: 572
[10:12:34]  eval  5000  |  ll:   -507.348  |  12.94 eval/s  |  6.4 min  |  -Inf: 610
[10:12:49]  eval  5200  |  ll:   -674.560  |  12.96 eval/s  |  6.7 min  |  -Inf: 644
[10:13:04]  eval  5400  |  ll:   -502.317  |  12.98 eval/s  |  6.9 min  |  -Inf: 671
[10:13:18]  eval  5600  |  ll:   -504.574  |  13.02 eval/s  |  7.2 min  |  -Inf: 719
[10:13:32]  eval  5800  |  ll:   -622.862  |  13.06 eval/s  |  7.4 min  |  -Inf: 767
[10:13:46]  eval  6000  |  ll:   -512.989  |  13.10 eval/s  |  7.6 min  |  -Inf: 809
[10:14:00]  eval  6200  |  ll:   -506.220  |  13.15 eval/s  |  7.9 min  |  -Inf: 841
[10:14:14]  eval  6400  |  ll:       -Inf  |  13.17 eval/s  |  8.1 min  |  -Inf: 864
[10:14:28]  eval  6600  |  ll:   -499.252  |  13.21 eval/s  |  8.3 min  |  -Inf: 901
[10:14:42]  eval  6800  |  ll:   -503.461  |  13.24 eval/s  |  8.6 min  |  -Inf: 940
[10:14:59]  eval  7000  |  ll:   -506.355  |  13.19 eval/s  |  8.8 min  |  -Inf: 966
[10:15:10]  eval  7200  |  ll:   -558.634  |  13.28 eval/s  |  9.0 min  |  -Inf: 985
[10:15:22]  eval  7400  |  ll:   -497.819  |  13.35 eval/s  |  9.2 min  |  -Inf: 1017
[10:15:34]  eval  7600  |  ll:   -501.795  |  13.43 eval/s  |  9.4 min  |  -Inf: 1057
[10:15:46]  eval  7800  |  ll:   -559.674  |  13.50 eval/s  |  9.6 min  |  -Inf: 1083
[10:15:58]  eval  8000  |  ll:   -507.243  |  13.57 eval/s  |  9.8 min  |  -Inf: 1100
[10:16:10]  eval  8200  |  ll:   -497.144  |  13.63 eval/s  |  10.0 min  |  -Inf: 1111
[10:16:22]  eval  8400  |  ll:   -499.066  |  13.69 eval/s  |  10.2 min  |  -Inf: 1122
[10:16:33]  eval  8600  |  ll:   -501.031  |  13.75 eval/s  |  10.4 min  |  -Inf: 1128
[10:16:44]  eval  8800  |  ll:   -493.968  |  13.83 eval/s  |  10.6 min  |  -Inf: 1139
[10:16:56]  eval  9000  |  ll:   -499.685  |  13.90 eval/s  |  10.8 min  |  -Inf: 1147
[10:17:07]  eval  9200  |  ll:       -Inf  |  13.96 eval/s  |  11.0 min  |  -Inf: 1156
[10:17:18]  eval  9400  |  ll:   -494.591  |  14.02 eval/s  |  11.2 min  |  -Inf: 1187
[10:17:29]  eval  9600  |  ll:   -492.928  |  14.09 eval/s  |  11.4 min  |  -Inf: 1200
[10:17:41]  eval  9800  |  ll:   -508.634  |  14.15 eval/s  |  11.5 min  |  -Inf: 1218
[10:17:52]  eval 10000  |  ll:   -512.811  |  14.20 eval/s  |  11.7 min  |  -Inf: 1228

Chain 1 finished: 2026-05-04 10:17:53.079432  (11.7 min)
Total evaluations: 10002  |  -Inf rejects: 1228 (12.28%)
