==========================================================
  Yasso07  Chain 4 / 4
  Run ID:  20260430_153604
  Started: 2026-04-30 17:28:19.637554
  Plots:   40 | Iter: 10000 | Cores: 11
==========================================================

Initial ll at best_x: -520.845

[17:29:06]  eval   200  |  ll:   -521.739  |  4.26 eval/s  |  0.8 min  |  -Inf: 14
[17:29:50]  eval   400  |  ll:   -522.014  |  4.43 eval/s  |  1.5 min  |  -Inf: 16
[17:30:30]  eval   600  |  ll:   -522.360  |  4.59 eval/s  |  2.2 min  |  -Inf: 21
[17:31:09]  eval   800  |  ll:   -517.894  |  4.73 eval/s  |  2.8 min  |  -Inf: 36
[17:31:51]  eval  1000  |  ll:   -519.131  |  4.72 eval/s  |  3.5 min  |  -Inf: 44
[17:32:35]  eval  1200  |  ll:   -522.139  |  4.69 eval/s  |  4.3 min  |  -Inf: 54
[17:33:19]  eval  1400  |  ll:   -519.096  |  4.68 eval/s  |  5.0 min  |  -Inf: 71
[17:34:03]  eval  1600  |  ll:   -525.557  |  4.65 eval/s  |  5.7 min  |  -Inf: 81
[17:34:47]  eval  1800  |  ll:   -518.572  |  4.64 eval/s  |  6.5 min  |  -Inf: 105
[17:35:29]  eval  2000  |  ll:   -508.721  |  4.65 eval/s  |  7.2 min  |  -Inf: 125
[17:36:12]  eval  2200  |  ll:   -516.656  |  4.65 eval/s  |  7.9 min  |  -Inf: 151
[17:36:52]  eval  2400  |  ll:   -516.088  |  4.68 eval/s  |  8.6 min  |  -Inf: 163
[17:37:33]  eval  2600  |  ll:   -813.435  |  4.70 eval/s  |  9.2 min  |  -Inf: 168
[17:38:14]  eval  2800  |  ll:   -522.843  |  4.71 eval/s  |  9.9 min  |  -Inf: 169
[17:38:55]  eval  3000  |  ll:   -756.801  |  4.72 eval/s  |  10.6 min  |  -Inf: 174
[17:39:36]  eval  3200  |  ll:   -504.731  |  4.73 eval/s  |  11.3 min  |  -Inf: 186
[17:40:16]  eval  3400  |  ll:   -561.349  |  4.74 eval/s  |  11.9 min  |  -Inf: 201
[17:40:57]  eval  3600  |  ll:   -507.301  |  4.75 eval/s  |  12.6 min  |  -Inf: 230
[17:41:38]  eval  3800  |  ll:   -841.175  |  4.76 eval/s  |  13.3 min  |  -Inf: 238
[17:42:20]  eval  4000  |  ll:   -624.948  |  4.76 eval/s  |  14.0 min  |  -Inf: 246
[17:43:03]  eval  4200  |  ll:   -505.520  |  4.75 eval/s  |  14.7 min  |  -Inf: 262
[17:43:42]  eval  4400  |  ll:   -506.130  |  4.77 eval/s  |  15.4 min  |  -Inf: 287
[17:44:22]  eval  4600  |  ll:   -511.888  |  4.78 eval/s  |  16.0 min  |  -Inf: 293
[17:45:02]  eval  4800  |  ll:   -499.207  |  4.79 eval/s  |  16.7 min  |  -Inf: 298
[17:45:42]  eval  5000  |  ll:   -653.299  |  4.80 eval/s  |  17.4 min  |  -Inf: 323
[17:46:23]  eval  5200  |  ll:   -502.678  |  4.80 eval/s  |  18.1 min  |  -Inf: 340
[17:47:02]  eval  5400  |  ll:   -497.375  |  4.81 eval/s  |  18.7 min  |  -Inf: 367
[17:47:44]  eval  5600  |  ll:   -510.303  |  4.81 eval/s  |  19.4 min  |  -Inf: 380
[17:48:25]  eval  5800  |  ll:       -Inf  |  4.81 eval/s  |  20.1 min  |  -Inf: 397
[17:49:05]  eval  6000  |  ll:   -513.418  |  4.81 eval/s  |  20.8 min  |  -Inf: 422
[17:49:47]  eval  6200  |  ll:   -508.601  |  4.81 eval/s  |  21.5 min  |  -Inf: 428
[17:50:27]  eval  6400  |  ll:   -691.953  |  4.82 eval/s  |  22.1 min  |  -Inf: 435
[17:51:06]  eval  6600  |  ll:   -530.144  |  4.83 eval/s  |  22.8 min  |  -Inf: 446
[17:51:46]  eval  6800  |  ll:   -513.518  |  4.83 eval/s  |  23.4 min  |  -Inf: 478
[17:52:26]  eval  7000  |  ll:   -491.213  |  4.84 eval/s  |  24.1 min  |  -Inf: 514
[17:53:05]  eval  7200  |  ll:   -497.542  |  4.85 eval/s  |  24.8 min  |  -Inf: 527
[17:53:45]  eval  7400  |  ll:   -511.876  |  4.85 eval/s  |  25.4 min  |  -Inf: 535
[17:54:24]  eval  7600  |  ll:   -532.114  |  4.86 eval/s  |  26.1 min  |  -Inf: 538
[17:55:04]  eval  7800  |  ll:   -496.538  |  4.86 eval/s  |  26.7 min  |  -Inf: 550
[17:55:44]  eval  8000  |  ll:   -515.034  |  4.86 eval/s  |  27.4 min  |  -Inf: 556
[17:56:24]  eval  8200  |  ll:   -497.883  |  4.87 eval/s  |  28.1 min  |  -Inf: 578
[17:57:04]  eval  8400  |  ll:   -496.864  |  4.87 eval/s  |  28.7 min  |  -Inf: 584
[17:57:42]  eval  8600  |  ll:   -724.767  |  4.88 eval/s  |  29.4 min  |  -Inf: 594
[17:58:20]  eval  8800  |  ll:   -563.636  |  4.89 eval/s  |  30.0 min  |  -Inf: 604
[17:58:59]  eval  9000  |  ll:   -498.760  |  4.89 eval/s  |  30.7 min  |  -Inf: 626
[17:59:37]  eval  9200  |  ll:   -494.897  |  4.90 eval/s  |  31.3 min  |  -Inf: 647
[18:00:15]  eval  9400  |  ll:   -497.983  |  4.91 eval/s  |  31.9 min  |  -Inf: 665
[18:00:54]  eval  9600  |  ll:   -552.481  |  4.91 eval/s  |  32.6 min  |  -Inf: 682
[18:01:34]  eval  9800  |  ll:   -516.379  |  4.91 eval/s  |  33.2 min  |  -Inf: 697
[18:02:14]  eval 10000  |  ll:   -523.759  |  4.92 eval/s  |  33.9 min  |  -Inf: 713

Chain 4 finished: 2026-04-30 18:02:14.829139  (33.9 min)
Total evaluations: 10002  |  -Inf rejects: 713 (7.13%)
