==========================================================
  Yasso20  Chain 2 / 4
  Run ID:  20260505_153030
  Started: 2026-05-05 15:43:05.658298
  Plots:   40 | Iter: 10000 | Cores: 11
==========================================================

Initial ll at best_x: -570.244

[15:43:16]  eval   200  |  ll:   -543.458  |  18.39 eval/s  |  0.2 min  |  -Inf: 0
[15:43:27]  eval   400  |  ll:   -526.400  |  18.59 eval/s  |  0.4 min  |  -Inf: 7
[15:43:37]  eval   600  |  ll:  -2014.230  |  18.83 eval/s  |  0.5 min  |  -Inf: 19
[15:43:48]  eval   800  |  ll:   -522.511  |  18.65 eval/s  |  0.7 min  |  -Inf: 43
[15:43:58]  eval  1000  |  ll:   -524.863  |  18.92 eval/s  |  0.9 min  |  -Inf: 64
[15:44:09]  eval  1200  |  ll:       -Inf  |  18.94 eval/s  |  1.1 min  |  -Inf: 107
[15:44:19]  eval  1400  |  ll:   -524.215  |  18.96 eval/s  |  1.2 min  |  -Inf: 173
[15:44:29]  eval  1600  |  ll:       -Inf  |  19.02 eval/s  |  1.4 min  |  -Inf: 240
[15:44:40]  eval  1800  |  ll:       -Inf  |  19.09 eval/s  |  1.6 min  |  -Inf: 300
[15:44:49]  eval  2000  |  ll:   -522.723  |  19.22 eval/s  |  1.7 min  |  -Inf: 354
[15:44:59]  eval  2200  |  ll:       -Inf  |  19.26 eval/s  |  1.9 min  |  -Inf: 409
[15:45:10]  eval  2400  |  ll:   -541.162  |  19.30 eval/s  |  2.1 min  |  -Inf: 464
[15:45:20]  eval  2600  |  ll:   -534.071  |  19.32 eval/s  |  2.2 min  |  -Inf: 508
[15:45:30]  eval  2800  |  ll:   -537.323  |  19.33 eval/s  |  2.4 min  |  -Inf: 542
[15:45:40]  eval  3000  |  ll:   -525.529  |  19.35 eval/s  |  2.6 min  |  -Inf: 583
[15:45:51]  eval  3200  |  ll:   -536.531  |  19.30 eval/s  |  2.8 min  |  -Inf: 610
[15:46:02]  eval  3400  |  ll:   -501.517  |  19.29 eval/s  |  2.9 min  |  -Inf: 627
[15:46:12]  eval  3600  |  ll:   -542.249  |  19.25 eval/s  |  3.1 min  |  -Inf: 649
[15:46:23]  eval  3800  |  ll:   -673.780  |  19.23 eval/s  |  3.3 min  |  -Inf: 674
[15:46:34]  eval  4000  |  ll:   -517.726  |  19.19 eval/s  |  3.5 min  |  -Inf: 707
[15:46:44]  eval  4200  |  ll:       -Inf  |  19.17 eval/s  |  3.7 min  |  -Inf: 732
[15:46:55]  eval  4400  |  ll:       -Inf  |  19.17 eval/s  |  3.8 min  |  -Inf: 755
[15:47:05]  eval  4600  |  ll:   -657.194  |  19.18 eval/s  |  4.0 min  |  -Inf: 786
[15:47:15]  eval  4800  |  ll:   -510.422  |  19.21 eval/s  |  4.2 min  |  -Inf: 810
[15:47:26]  eval  5000  |  ll:   -517.692  |  19.17 eval/s  |  4.3 min  |  -Inf: 831
[15:47:37]  eval  5200  |  ll:   -516.103  |  19.16 eval/s  |  4.5 min  |  -Inf: 853
[15:47:47]  eval  5400  |  ll:       -Inf  |  19.15 eval/s  |  4.7 min  |  -Inf: 879
[15:47:58]  eval  5600  |  ll:   -510.362  |  19.14 eval/s  |  4.9 min  |  -Inf: 912
[15:48:08]  eval  5800  |  ll:   -502.808  |  19.15 eval/s  |  5.0 min  |  -Inf: 937
[15:48:19]  eval  6000  |  ll:   -520.632  |  19.11 eval/s  |  5.2 min  |  -Inf: 964
[15:48:30]  eval  6200  |  ll:   -542.148  |  19.09 eval/s  |  5.4 min  |  -Inf: 985
[15:48:40]  eval  6400  |  ll:   -504.523  |  19.09 eval/s  |  5.6 min  |  -Inf: 1023
[15:48:50]  eval  6600  |  ll:   -507.407  |  19.12 eval/s  |  5.8 min  |  -Inf: 1082
[15:49:00]  eval  6800  |  ll:       -Inf  |  19.15 eval/s  |  5.9 min  |  -Inf: 1139
[15:49:11]  eval  7000  |  ll:   -506.884  |  19.16 eval/s  |  6.1 min  |  -Inf: 1207
[15:49:21]  eval  7200  |  ll:       -Inf  |  19.17 eval/s  |  6.3 min  |  -Inf: 1269
[15:49:32]  eval  7400  |  ll:   -527.594  |  19.14 eval/s  |  6.4 min  |  -Inf: 1317
[15:49:42]  eval  7600  |  ll:   -523.844  |  19.17 eval/s  |  6.6 min  |  -Inf: 1355
[15:49:52]  eval  7800  |  ll:  -1349.682  |  19.19 eval/s  |  6.8 min  |  -Inf: 1378
[15:50:02]  eval  8000  |  ll:       -Inf  |  19.18 eval/s  |  7.0 min  |  -Inf: 1403
[15:50:13]  eval  8200  |  ll:   -559.324  |  19.19 eval/s  |  7.1 min  |  -Inf: 1438
[15:50:23]  eval  8400  |  ll:   -508.625  |  19.19 eval/s  |  7.3 min  |  -Inf: 1471
[15:50:33]  eval  8600  |  ll:   -588.758  |  19.22 eval/s  |  7.5 min  |  -Inf: 1507
[15:50:43]  eval  8800  |  ll:   -515.670  |  19.21 eval/s  |  7.6 min  |  -Inf: 1532
[15:50:54]  eval  9000  |  ll:   -510.559  |  19.21 eval/s  |  7.8 min  |  -Inf: 1562
[15:51:05]  eval  9200  |  ll:   -501.375  |  19.19 eval/s  |  8.0 min  |  -Inf: 1582
[15:51:15]  eval  9400  |  ll:   -512.378  |  19.18 eval/s  |  8.2 min  |  -Inf: 1600
[15:51:25]  eval  9600  |  ll:   -500.840  |  19.20 eval/s  |  8.3 min  |  -Inf: 1625
[15:51:36]  eval  9800  |  ll:   -515.386  |  19.20 eval/s  |  8.5 min  |  -Inf: 1653
[15:51:47]  eval 10000  |  ll:   -507.672  |  19.18 eval/s  |  8.7 min  |  -Inf: 1682

Chain 2 finished: 2026-05-05 15:51:47.326087  (8.7 min)
Total evaluations: 10002  |  -Inf rejects: 1682 (16.82%)
