------------------------------
r-env 4.5.2
https://docs.csc.fi/apps/r-env
------------------------------

Attaching package: ‘dplyr’

The following objects are masked from ‘package:stats’:

    filter, lag

The following objects are masked from ‘package:base’:

    intersect, setdiff, setequal, union

=============================================================
  Yasso15 Calibration  |  Run: 20260507_094151
=============================================================

Transform round-trip: OK
Loading data...
Calibration-ready plots: 350
Plots after mapping: 350
SOC observations: 700  |  obs CV: 0.453  |  sigma_obs fixed: 0.453

Prior widths (unconstrained space):

-------------------------------------------------------------
Pre-MCMC sanity: forward run at defaults...
Sanity plot saved: ./Calibration_real_data/diagnostics/Yasso15/Yasso15_forward_at_defaults_20260507_094151.png
Forward-run sanity: PASS
Inputs saved: [./Data/model_inputs//Yasso15_inputs_20260507_094151.rds]

Likelihood at defaults: -4756.194
Likelihood check: PASS

-------------------------------------------------------------
Starting MCMC: 4 chains x 10000 iterations
  Cores per chain: 39 | Burn-in: 2000 | Log every: 200
-------------------------------------------------------------

  Chain 1 / 4  -->  ./Calibration_real_data/progress_logs//Yasso15_chain_01_20260507_094151.log
runMCMC terminated after 2641.19seconds
  Chain 1 / 4 complete (44.0 min)
  Chain 2 / 4  -->  ./Calibration_real_data/progress_logs//Yasso15_chain_02_20260507_094151.log
runMCMC terminated after 2972.813seconds
  Chain 2 / 4 complete (49.5 min)
  Chain 3 / 4  -->  ./Calibration_real_data/progress_logs//Yasso15_chain_03_20260507_094151.log
runMCMC terminated after 2867.085seconds
  Chain 3 / 4 complete (47.8 min)
  Chain 4 / 4  -->  ./Calibration_real_data/progress_logs//Yasso15_chain_04_20260507_094151.log
runMCMC terminated after 3039.276seconds
  Chain 4 / 4 complete (50.7 min)

All chains complete. Wallclock: 192.0 min

-------------------------------------------------------------
Computing convergence diagnostics...
  Output: ./Calibration_real_data/diagnostics/Yasso15/Yasso15_*_20260507_094151.*
-------------------------------------------------------------

  Chain 1: 8007 post-burnin samples, 100% finite  [PASS]
  Chain 2: 8007 post-burnin samples, 100% finite  [PASS]
  Chain 3: 8007 post-burnin samples, 100% finite  [PASS]
  Chain 4: 8007 post-burnin samples, 100% finite  [PASS]
R-hat: 1.353 -- 7.173  (26 warnings)  [./Calibration_real_data/diagnostics/Yasso15/Yasso15_rhat_20260507_094151.txt]
  WARNING: 26 parameter(s) with R-hat > 1.10 -- consider longer run
ESS:   1 -- 24  (26 < 200)  [./Calibration_real_data/diagnostics/Yasso15/Yasso15_ess_20260507_094151.txt]
  WARNING: Low ESS -- consider running longer chains
Posterior summary: [./Calibration_real_data/diagnostics/Yasso15/Yasso15_posterior_summary_20260507_094151.txt]
Traces:    [./Calibration_real_data/diagnostics/Yasso15/Yasso15_traces_20260507_094151.png]
R-hat PNG: [./Calibration_real_data/diagnostics/Yasso15/Yasso15_rhat_barplot_20260507_094151.png]
Marginals: [./Calibration_real_data/diagnostics/Yasso15/Yasso15_marginals_fractions_20260507_094151.png]
Marginals: [./Calibration_real_data/diagnostics/Yasso15/Yasso15_marginals_climate_nuisance_20260507_094151.png]
KL PNG:    [./Calibration_real_data/diagnostics/Yasso15/Yasso15_kl_divergence_20260507_094151.png]

Saved to ./Calibration_real_data/runs/:
  Yasso15_chains_20260507_094151.rds
  Yasso15_posterior_20260507_094151.rds
  Yasso15_metadata_20260507_094151.rds
Calibration report: [./Calibration_real_data/diagnostics/Yasso15/Yasso15_report_20260507_094151.txt]

=============================================================
  Yasso15 Calibration Complete
  Run ID:    20260507_094151
  Wallclock: 192.0 min
  Plots:     350
  Free params: 26
=============================================================

Next: run_Yasso15_predictive.R with RUN_ID=20260507_094151
