==========================================================
  Yasso07  Chain 3 / 4
  Run ID:  20260505_142137
  Started: 2026-05-05 14:40:45.725204
  Plots:   40 | Iter: 10000 | Cores: 11
==========================================================

Initial ll at best_x: -536.736

[14:40:56]  eval   200  |  ll:   -779.458  |  19.12 eval/s  |  0.2 min  |  -Inf: 11
[14:41:05]  eval   400  |  ll:   -529.774  |  19.83 eval/s  |  0.3 min  |  -Inf: 31
[14:41:16]  eval   600  |  ll:   -515.344  |  19.70 eval/s  |  0.5 min  |  -Inf: 51
[14:41:26]  eval   800  |  ll:       -Inf  |  19.66 eval/s  |  0.7 min  |  -Inf: 94
[14:41:36]  eval  1000  |  ll:   -546.511  |  19.70 eval/s  |  0.8 min  |  -Inf: 126
[14:41:46]  eval  1200  |  ll:   -519.079  |  19.69 eval/s  |  1.0 min  |  -Inf: 150
[14:41:56]  eval  1400  |  ll:   -657.322  |  19.83 eval/s  |  1.2 min  |  -Inf: 186
[14:42:06]  eval  1600  |  ll:   -521.434  |  19.92 eval/s  |  1.3 min  |  -Inf: 200
[14:42:15]  eval  1800  |  ll:   -795.444  |  19.97 eval/s  |  1.5 min  |  -Inf: 216
[14:42:25]  eval  2000  |  ll:       -Inf  |  20.03 eval/s  |  1.7 min  |  -Inf: 233
[14:42:35]  eval  2200  |  ll:   -514.772  |  20.05 eval/s  |  1.8 min  |  -Inf: 258
[14:42:45]  eval  2400  |  ll:   -517.941  |  20.05 eval/s  |  2.0 min  |  -Inf: 274
[14:42:55]  eval  2600  |  ll:   -517.133  |  20.01 eval/s  |  2.2 min  |  -Inf: 289
[14:43:06]  eval  2800  |  ll:   -516.708  |  19.84 eval/s  |  2.4 min  |  -Inf: 311
[14:43:16]  eval  3000  |  ll:   -515.577  |  19.89 eval/s  |  2.5 min  |  -Inf: 327
[14:43:26]  eval  3200  |  ll:   -508.842  |  19.97 eval/s  |  2.7 min  |  -Inf: 348
[14:43:35]  eval  3400  |  ll:   -535.448  |  19.98 eval/s  |  2.8 min  |  -Inf: 359
[14:43:46]  eval  3600  |  ll:       -Inf  |  19.96 eval/s  |  3.0 min  |  -Inf: 378
[14:43:55]  eval  3800  |  ll:   -512.802  |  20.01 eval/s  |  3.2 min  |  -Inf: 401
[14:44:06]  eval  4000  |  ll:   -502.516  |  19.97 eval/s  |  3.3 min  |  -Inf: 414
[14:44:16]  eval  4200  |  ll:       -Inf  |  19.95 eval/s  |  3.5 min  |  -Inf: 436
[14:44:26]  eval  4400  |  ll:   -506.668  |  19.93 eval/s  |  3.7 min  |  -Inf: 456
[14:44:36]  eval  4600  |  ll:   -510.664  |  19.95 eval/s  |  3.8 min  |  -Inf: 478
[14:44:46]  eval  4800  |  ll:   -504.923  |  19.95 eval/s  |  4.0 min  |  -Inf: 487
[14:44:55]  eval  5000  |  ll:   -514.159  |  19.99 eval/s  |  4.2 min  |  -Inf: 499
[14:45:05]  eval  5200  |  ll:   -508.661  |  20.05 eval/s  |  4.3 min  |  -Inf: 519
[14:45:14]  eval  5400  |  ll:   -504.196  |  20.10 eval/s  |  4.5 min  |  -Inf: 539
[14:45:24]  eval  5600  |  ll:       -Inf  |  20.12 eval/s  |  4.6 min  |  -Inf: 563
[14:45:34]  eval  5800  |  ll:   -615.753  |  20.11 eval/s  |  4.8 min  |  -Inf: 589
[14:45:44]  eval  6000  |  ll:   -495.625  |  20.11 eval/s  |  5.0 min  |  -Inf: 609
[14:45:54]  eval  6200  |  ll:   -501.422  |  20.08 eval/s  |  5.1 min  |  -Inf: 631
[14:46:04]  eval  6400  |  ll:   -501.712  |  20.07 eval/s  |  5.3 min  |  -Inf: 641
[14:46:15]  eval  6600  |  ll:   -570.500  |  20.03 eval/s  |  5.5 min  |  -Inf: 656
[14:46:25]  eval  6800  |  ll:   -508.066  |  19.99 eval/s  |  5.7 min  |  -Inf: 660
[14:46:36]  eval  7000  |  ll:   -603.127  |  19.97 eval/s  |  5.8 min  |  -Inf: 670
[14:46:45]  eval  7200  |  ll:   -499.900  |  19.99 eval/s  |  6.0 min  |  -Inf: 675
[14:46:55]  eval  7400  |  ll:   -500.468  |  20.00 eval/s  |  6.2 min  |  -Inf: 679
[14:47:05]  eval  7600  |  ll:   -510.335  |  20.01 eval/s  |  6.3 min  |  -Inf: 689
[14:47:15]  eval  7800  |  ll:   -498.013  |  20.01 eval/s  |  6.5 min  |  -Inf: 696
[14:47:25]  eval  8000  |  ll:   -496.609  |  20.00 eval/s  |  6.7 min  |  -Inf: 698
[14:47:36]  eval  8200  |  ll:   -546.361  |  19.98 eval/s  |  6.8 min  |  -Inf: 700
[14:47:46]  eval  8400  |  ll:   -497.363  |  19.96 eval/s  |  7.0 min  |  -Inf: 700
[14:47:57]  eval  8600  |  ll:   -506.013  |  19.94 eval/s  |  7.2 min  |  -Inf: 701
[14:48:07]  eval  8800  |  ll:   -537.495  |  19.93 eval/s  |  7.4 min  |  -Inf: 703
[14:48:17]  eval  9000  |  ll:   -491.574  |  19.94 eval/s  |  7.5 min  |  -Inf: 703
[14:48:26]  eval  9200  |  ll:   -509.293  |  19.95 eval/s  |  7.7 min  |  -Inf: 707
[14:48:37]  eval  9400  |  ll:   -680.300  |  19.94 eval/s  |  7.9 min  |  -Inf: 715
[14:48:47]  eval  9600  |  ll:   -523.010  |  19.91 eval/s  |  8.0 min  |  -Inf: 720
[14:48:58]  eval  9800  |  ll:   -595.381  |  19.88 eval/s  |  8.2 min  |  -Inf: 730
[14:49:12]  eval 10000  |  ll:   -513.185  |  19.74 eval/s  |  8.4 min  |  -Inf: 737

Chain 3 finished: 2026-05-05 14:49:12.366839  (8.4 min)
Total evaluations: 10002  |  -Inf rejects: 737 (7.37%)
