==========================================================
  Yasso07  Chain 3 / 4
  Run ID:  20260504_112723
  Started: 2026-05-04 11:44:24.763838
  Plots:   40 | Iter: 10000 | Cores: 11
==========================================================

Initial ll at best_x: -520.845

[11:44:33]  eval   200  |  ll:   -785.604  |  22.08 eval/s  |  0.2 min  |  -Inf: 14
[11:44:43]  eval   400  |  ll:   -516.841  |  21.68 eval/s  |  0.3 min  |  -Inf: 32
[11:44:52]  eval   600  |  ll:       -Inf  |  21.67 eval/s  |  0.5 min  |  -Inf: 60
[11:45:01]  eval   800  |  ll:   -514.562  |  21.94 eval/s  |  0.6 min  |  -Inf: 94
[11:45:10]  eval  1000  |  ll:       -Inf  |  21.93 eval/s  |  0.8 min  |  -Inf: 148
[11:45:18]  eval  1200  |  ll:   -506.834  |  22.24 eval/s  |  0.9 min  |  -Inf: 176
[11:45:27]  eval  1400  |  ll:   -527.807  |  22.38 eval/s  |  1.0 min  |  -Inf: 201
[11:45:36]  eval  1600  |  ll:   -507.750  |  22.42 eval/s  |  1.2 min  |  -Inf: 211
[11:45:44]  eval  1800  |  ll:   -567.571  |  22.56 eval/s  |  1.3 min  |  -Inf: 227
[11:45:53]  eval  2000  |  ll:   -673.187  |  22.64 eval/s  |  1.5 min  |  -Inf: 236
[11:46:01]  eval  2200  |  ll:   -513.808  |  22.78 eval/s  |  1.6 min  |  -Inf: 261
[11:46:10]  eval  2400  |  ll:   -505.842  |  22.81 eval/s  |  1.8 min  |  -Inf: 283
[11:46:18]  eval  2600  |  ll:   -515.845  |  22.84 eval/s  |  1.9 min  |  -Inf: 307
[11:46:27]  eval  2800  |  ll:   -514.659  |  22.86 eval/s  |  2.0 min  |  -Inf: 341
[11:46:35]  eval  3000  |  ll:   -512.215  |  22.89 eval/s  |  2.2 min  |  -Inf: 351
[11:46:44]  eval  3200  |  ll:   -518.413  |  22.92 eval/s  |  2.3 min  |  -Inf: 374
[11:46:53]  eval  3400  |  ll:   -536.409  |  22.87 eval/s  |  2.5 min  |  -Inf: 387
[11:47:01]  eval  3600  |  ll:   -837.587  |  22.91 eval/s  |  2.6 min  |  -Inf: 398
[11:47:10]  eval  3800  |  ll:   -510.072  |  22.95 eval/s  |  2.8 min  |  -Inf: 413
[11:47:18]  eval  4000  |  ll:   -508.771  |  22.97 eval/s  |  2.9 min  |  -Inf: 420
[11:47:27]  eval  4200  |  ll:   -581.129  |  22.96 eval/s  |  3.0 min  |  -Inf: 423
[11:47:36]  eval  4400  |  ll:   -508.500  |  22.91 eval/s  |  3.2 min  |  -Inf: 431
[11:47:46]  eval  4600  |  ll:       -Inf  |  22.82 eval/s  |  3.4 min  |  -Inf: 452
[11:47:55]  eval  4800  |  ll:   -513.226  |  22.80 eval/s  |  3.5 min  |  -Inf: 473
[11:48:04]  eval  5000  |  ll:   -505.621  |  22.79 eval/s  |  3.7 min  |  -Inf: 487
[11:48:13]  eval  5200  |  ll:   -549.854  |  22.75 eval/s  |  3.8 min  |  -Inf: 504
[11:48:22]  eval  5400  |  ll:   -503.277  |  22.72 eval/s  |  4.0 min  |  -Inf: 550
[11:48:31]  eval  5600  |  ll:   -493.863  |  22.70 eval/s  |  4.1 min  |  -Inf: 579
[11:48:40]  eval  5800  |  ll:   -505.177  |  22.68 eval/s  |  4.3 min  |  -Inf: 601
[11:48:49]  eval  6000  |  ll:   -498.213  |  22.69 eval/s  |  4.4 min  |  -Inf: 609
[11:48:58]  eval  6200  |  ll:   -504.836  |  22.69 eval/s  |  4.6 min  |  -Inf: 626
[11:49:06]  eval  6400  |  ll:   -502.321  |  22.71 eval/s  |  4.7 min  |  -Inf: 644
[11:49:15]  eval  6600  |  ll:   -596.336  |  22.72 eval/s  |  4.8 min  |  -Inf: 662
[11:49:23]  eval  6800  |  ll:   -499.740  |  22.73 eval/s  |  5.0 min  |  -Inf: 668
[11:49:32]  eval  7000  |  ll:   -763.820  |  22.75 eval/s  |  5.1 min  |  -Inf: 674
[11:49:41]  eval  7200  |  ll:   -524.023  |  22.75 eval/s  |  5.3 min  |  -Inf: 680
[11:49:49]  eval  7400  |  ll:   -490.341  |  22.76 eval/s  |  5.4 min  |  -Inf: 687
[11:49:58]  eval  7600  |  ll:   -503.874  |  22.77 eval/s  |  5.6 min  |  -Inf: 698
[11:50:07]  eval  7800  |  ll:   -520.981  |  22.77 eval/s  |  5.7 min  |  -Inf: 714
[11:50:16]  eval  8000  |  ll:   -506.863  |  22.78 eval/s  |  5.9 min  |  -Inf: 746
[11:50:24]  eval  8200  |  ll:   -490.947  |  22.79 eval/s  |  6.0 min  |  -Inf: 777
[11:50:33]  eval  8400  |  ll:   -492.933  |  22.81 eval/s  |  6.1 min  |  -Inf: 804
[11:50:41]  eval  8600  |  ll:   -510.409  |  22.83 eval/s  |  6.3 min  |  -Inf: 819
[11:50:49]  eval  8800  |  ll:   -689.757  |  22.85 eval/s  |  6.4 min  |  -Inf: 830
[11:50:58]  eval  9000  |  ll:   -512.863  |  22.85 eval/s  |  6.6 min  |  -Inf: 835
[11:51:07]  eval  9200  |  ll:   -519.505  |  22.85 eval/s  |  6.7 min  |  -Inf: 850
[11:51:16]  eval  9400  |  ll:   -496.062  |  22.85 eval/s  |  6.9 min  |  -Inf: 853
[11:51:24]  eval  9600  |  ll:   -502.779  |  22.86 eval/s  |  7.0 min  |  -Inf: 857
[11:51:33]  eval  9800  |  ll:   -519.552  |  22.87 eval/s  |  7.1 min  |  -Inf: 864
[11:51:42]  eval 10000  |  ll:   -509.532  |  22.86 eval/s  |  7.3 min  |  -Inf: 880

Chain 3 finished: 2026-05-04 11:51:42.363339  (7.3 min)
Total evaluations: 10002  |  -Inf rejects: 880 (8.80%)
