==========================================================
  Yasso15  Chain 4 / 4
  Run ID:  20260504_115921
  Started: 2026-05-04 12:25:18.235674
  Plots:   40 | Iter: 10000 | Cores: 11
==========================================================

Initial ll at best_x: -539.116

[12:25:27]  eval   200  |  ll:   -516.079  |  21.22 eval/s  |  0.2 min  |  -Inf: 0
[12:25:37]  eval   400  |  ll:   -496.295  |  21.36 eval/s  |  0.3 min  |  -Inf: 1
[12:25:46]  eval   600  |  ll:   -541.116  |  21.60 eval/s  |  0.5 min  |  -Inf: 5
[12:25:55]  eval   800  |  ll:       -Inf  |  21.32 eval/s  |  0.6 min  |  -Inf: 14
[12:26:05]  eval  1000  |  ll:   -511.968  |  21.20 eval/s  |  0.8 min  |  -Inf: 23
[12:26:15]  eval  1200  |  ll:   -489.241  |  21.11 eval/s  |  0.9 min  |  -Inf: 41
[12:26:24]  eval  1400  |  ll:   -503.550  |  21.09 eval/s  |  1.1 min  |  -Inf: 72
[12:26:33]  eval  1600  |  ll:   -531.832  |  21.19 eval/s  |  1.3 min  |  -Inf: 92
[12:26:42]  eval  1800  |  ll:   -487.290  |  21.28 eval/s  |  1.4 min  |  -Inf: 123
[12:26:51]  eval  2000  |  ll:       -Inf  |  21.44 eval/s  |  1.6 min  |  -Inf: 157
[12:27:00]  eval  2200  |  ll:   -526.313  |  21.49 eval/s  |  1.7 min  |  -Inf: 181
[12:27:09]  eval  2400  |  ll:   -493.821  |  21.53 eval/s  |  1.9 min  |  -Inf: 204
[12:27:18]  eval  2600  |  ll:   -577.244  |  21.54 eval/s  |  2.0 min  |  -Inf: 239
[12:27:28]  eval  2800  |  ll:   -491.414  |  21.42 eval/s  |  2.2 min  |  -Inf: 262
[12:27:38]  eval  3000  |  ll:       -Inf  |  21.40 eval/s  |  2.3 min  |  -Inf: 283
[12:27:48]  eval  3200  |  ll:   -514.762  |  21.37 eval/s  |  2.5 min  |  -Inf: 301
[12:27:57]  eval  3400  |  ll:   -517.442  |  21.37 eval/s  |  2.7 min  |  -Inf: 322
[12:28:06]  eval  3600  |  ll:   -560.716  |  21.38 eval/s  |  2.8 min  |  -Inf: 341
[12:28:16]  eval  3800  |  ll:       -Inf  |  21.38 eval/s  |  3.0 min  |  -Inf: 356
[12:28:25]  eval  4000  |  ll:   -488.399  |  21.37 eval/s  |  3.1 min  |  -Inf: 379
[12:28:34]  eval  4200  |  ll:   -533.493  |  21.45 eval/s  |  3.3 min  |  -Inf: 417
[12:28:42]  eval  4400  |  ll:   -487.654  |  21.54 eval/s  |  3.4 min  |  -Inf: 446
[12:28:51]  eval  4600  |  ll:   -531.086  |  21.60 eval/s  |  3.5 min  |  -Inf: 482
[12:29:00]  eval  4800  |  ll:   -484.766  |  21.62 eval/s  |  3.7 min  |  -Inf: 518
[12:29:09]  eval  5000  |  ll:   -493.016  |  21.66 eval/s  |  3.8 min  |  -Inf: 547
[12:29:18]  eval  5200  |  ll:   -495.215  |  21.68 eval/s  |  4.0 min  |  -Inf: 566
[12:29:26]  eval  5400  |  ll:   -506.942  |  21.74 eval/s  |  4.1 min  |  -Inf: 605
[12:29:35]  eval  5600  |  ll:   -490.783  |  21.74 eval/s  |  4.3 min  |  -Inf: 646
[12:29:45]  eval  5800  |  ll:       -Inf  |  21.73 eval/s  |  4.4 min  |  -Inf: 687
[12:29:53]  eval  6000  |  ll:   -488.485  |  21.77 eval/s  |  4.6 min  |  -Inf: 725
[12:30:02]  eval  6200  |  ll:       -Inf  |  21.80 eval/s  |  4.7 min  |  -Inf: 794
[12:30:10]  eval  6400  |  ll:   -538.357  |  21.87 eval/s  |  4.9 min  |  -Inf: 870
[12:30:19]  eval  6600  |  ll:       -Inf  |  21.89 eval/s  |  5.0 min  |  -Inf: 910
[12:30:28]  eval  6800  |  ll:   -525.715  |  21.90 eval/s  |  5.2 min  |  -Inf: 942
[12:30:37]  eval  7000  |  ll:   -497.530  |  21.92 eval/s  |  5.3 min  |  -Inf: 972
[12:30:46]  eval  7200  |  ll:   -491.631  |  21.93 eval/s  |  5.5 min  |  -Inf: 994
[12:30:55]  eval  7400  |  ll:   -494.252  |  21.98 eval/s  |  5.6 min  |  -Inf: 1021
[12:31:04]  eval  7600  |  ll:   -537.548  |  21.98 eval/s  |  5.8 min  |  -Inf: 1044
[12:31:13]  eval  7800  |  ll:   -485.825  |  21.97 eval/s  |  5.9 min  |  -Inf: 1062
[12:31:22]  eval  8000  |  ll:   -565.146  |  21.97 eval/s  |  6.1 min  |  -Inf: 1071
[12:31:31]  eval  8200  |  ll:   -487.744  |  21.99 eval/s  |  6.2 min  |  -Inf: 1094
[12:31:39]  eval  8400  |  ll:   -497.153  |  22.02 eval/s  |  6.4 min  |  -Inf: 1121
[12:31:48]  eval  8600  |  ll:   -501.981  |  22.03 eval/s  |  6.5 min  |  -Inf: 1148
[12:31:57]  eval  8800  |  ll:       -Inf  |  22.04 eval/s  |  6.7 min  |  -Inf: 1173
[12:32:06]  eval  9000  |  ll:   -484.188  |  22.06 eval/s  |  6.8 min  |  -Inf: 1201
[12:32:14]  eval  9200  |  ll:   -492.362  |  22.08 eval/s  |  6.9 min  |  -Inf: 1227
[12:32:23]  eval  9400  |  ll:   -487.899  |  22.13 eval/s  |  7.1 min  |  -Inf: 1266
[12:32:32]  eval  9600  |  ll:   -487.089  |  22.13 eval/s  |  7.2 min  |  -Inf: 1303
[12:32:41]  eval  9800  |  ll:   -493.104  |  22.12 eval/s  |  7.4 min  |  -Inf: 1321
[12:32:50]  eval 10000  |  ll:   -490.984  |  22.11 eval/s  |  7.5 min  |  -Inf: 1332

Chain 4 finished: 2026-05-04 12:32:50.658013  (7.5 min)
Total evaluations: 10002  |  -Inf rejects: 1332 (13.32%)
