==========================================================
  Yasso20  Chain 3 / 4
  Run ID:  20260507_100220
  Started: 2026-05-07 12:01:24.801388
  Plots:   350 | Iter: 10000 | Cores: 39
==========================================================

Initial ll at best_x: -4708.556

[12:02:38]  eval   200  |  ll:  -4062.213  |  2.71 eval/s  |  1.2 min  |  -Inf: 0
[12:03:51]  eval   400  |  ll:  -4023.674  |  2.74 eval/s  |  2.4 min  |  -Inf: 2
[12:05:02]  eval   600  |  ll:  -4045.574  |  2.76 eval/s  |  3.6 min  |  -Inf: 3
[12:06:14]  eval   800  |  ll:  -4011.405  |  2.76 eval/s  |  4.8 min  |  -Inf: 17
[12:07:27]  eval  1000  |  ll:  -3927.360  |  2.76 eval/s  |  6.0 min  |  -Inf: 53
[12:08:39]  eval  1200  |  ll:  -6901.662  |  2.76 eval/s  |  7.2 min  |  -Inf: 88
[12:09:51]  eval  1400  |  ll:  -4103.611  |  2.76 eval/s  |  8.4 min  |  -Inf: 109
[12:11:03]  eval  1600  |  ll:  -3876.831  |  2.77 eval/s  |  9.6 min  |  -Inf: 135
[12:12:15]  eval  1800  |  ll:  -3912.096  |  2.77 eval/s  |  10.8 min  |  -Inf: 161
[12:13:28]  eval  2000  |  ll:  -4014.274  |  2.77 eval/s  |  12.1 min  |  -Inf: 186
[12:14:40]  eval  2200  |  ll:  -3855.666  |  2.77 eval/s  |  13.3 min  |  -Inf: 211
[12:15:53]  eval  2400  |  ll:  -3989.597  |  2.76 eval/s  |  14.5 min  |  -Inf: 226
[12:17:05]  eval  2600  |  ll:  -4972.031  |  2.77 eval/s  |  15.7 min  |  -Inf: 242
[12:18:17]  eval  2800  |  ll:  -4132.395  |  2.77 eval/s  |  16.9 min  |  -Inf: 266
[12:19:29]  eval  3000  |  ll:  -5829.541  |  2.77 eval/s  |  18.1 min  |  -Inf: 286
[12:20:41]  eval  3200  |  ll:  -4825.979  |  2.77 eval/s  |  19.3 min  |  -Inf: 294
[12:21:53]  eval  3400  |  ll:  -3922.118  |  2.77 eval/s  |  20.5 min  |  -Inf: 298
[12:23:05]  eval  3600  |  ll:  -4348.964  |  2.77 eval/s  |  21.7 min  |  -Inf: 302
[12:24:17]  eval  3800  |  ll:  -3980.993  |  2.77 eval/s  |  22.9 min  |  -Inf: 307
[12:25:30]  eval  4000  |  ll:  -3846.169  |  2.77 eval/s  |  24.1 min  |  -Inf: 315
[12:26:42]  eval  4200  |  ll:  -4028.711  |  2.77 eval/s  |  25.3 min  |  -Inf: 316
[12:27:54]  eval  4400  |  ll:  -6856.380  |  2.77 eval/s  |  26.5 min  |  -Inf: 317
[12:29:06]  eval  4600  |  ll:  -4327.787  |  2.77 eval/s  |  27.7 min  |  -Inf: 322
[12:30:19]  eval  4800  |  ll:  -4095.195  |  2.77 eval/s  |  28.9 min  |  -Inf: 329
[12:31:32]  eval  5000  |  ll:  -3813.034  |  2.77 eval/s  |  30.1 min  |  -Inf: 339
[12:32:44]  eval  5200  |  ll:  -3805.660  |  2.77 eval/s  |  31.3 min  |  -Inf: 352
[12:33:56]  eval  5400  |  ll:  -4224.022  |  2.77 eval/s  |  32.5 min  |  -Inf: 367
[12:35:09]  eval  5600  |  ll:  -3814.798  |  2.77 eval/s  |  33.7 min  |  -Inf: 381
[12:36:22]  eval  5800  |  ll:  -4118.517  |  2.77 eval/s  |  35.0 min  |  -Inf: 400
[12:37:35]  eval  6000  |  ll:       -Inf  |  2.76 eval/s  |  36.2 min  |  -Inf: 451
[12:38:47]  eval  6200  |  ll:  -3787.891  |  2.76 eval/s  |  37.4 min  |  -Inf: 482
[12:39:59]  eval  6400  |  ll:  -3797.228  |  2.76 eval/s  |  38.6 min  |  -Inf: 503
[12:41:12]  eval  6600  |  ll:  -3813.523  |  2.76 eval/s  |  39.8 min  |  -Inf: 521
[12:42:25]  eval  6800  |  ll:  -3826.650  |  2.76 eval/s  |  41.0 min  |  -Inf: 530
[12:43:38]  eval  7000  |  ll:       -Inf  |  2.76 eval/s  |  42.2 min  |  -Inf: 552
[12:44:55]  eval  7200  |  ll:  -3795.553  |  2.76 eval/s  |  43.5 min  |  -Inf: 581
[12:46:07]  eval  7400  |  ll:  -3806.703  |  2.76 eval/s  |  44.7 min  |  -Inf: 603
[12:47:20]  eval  7600  |  ll:  -3910.633  |  2.76 eval/s  |  45.9 min  |  -Inf: 630
[12:48:32]  eval  7800  |  ll: -12357.241  |  2.76 eval/s  |  47.1 min  |  -Inf: 659
[12:49:44]  eval  8000  |  ll:  -3846.802  |  2.76 eval/s  |  48.3 min  |  -Inf: 695
[12:50:56]  eval  8200  |  ll:  -3920.986  |  2.76 eval/s  |  49.5 min  |  -Inf: 732
[12:52:08]  eval  8400  |  ll:  -3839.110  |  2.76 eval/s  |  50.7 min  |  -Inf: 774
[12:53:21]  eval  8600  |  ll:       -Inf  |  2.76 eval/s  |  51.9 min  |  -Inf: 818
[12:54:34]  eval  8800  |  ll:  -3835.816  |  2.76 eval/s  |  53.2 min  |  -Inf: 859
[12:55:46]  eval  9000  |  ll:  -3782.802  |  2.76 eval/s  |  54.4 min  |  -Inf: 888
[12:56:58]  eval  9200  |  ll:  -3877.473  |  2.76 eval/s  |  55.6 min  |  -Inf: 929
[12:58:11]  eval  9400  |  ll:  -3802.325  |  2.76 eval/s  |  56.8 min  |  -Inf: 993
[12:59:24]  eval  9600  |  ll:  -3874.607  |  2.76 eval/s  |  58.0 min  |  -Inf: 1044
[13:00:36]  eval  9800  |  ll:       -Inf  |  2.76 eval/s  |  59.2 min  |  -Inf: 1092
[13:01:48]  eval 10000  |  ll:  -3956.841  |  2.76 eval/s  |  60.4 min  |  -Inf: 1131

Chain 3 finished: 2026-05-07 13:01:49.701729  (60.4 min)
Total evaluations: 10002  |  -Inf rejects: 1133 (11.33%)
