==========================================================
  Yasso07  Chain 1 / 4
  Run ID:  20260504_112723
  Started: 2026-05-04 11:27:39.454909
  Plots:   40 | Iter: 10000 | Cores: 11
==========================================================

Initial ll at best_x: -520.845

[11:27:51]  eval   200  |  ll:   -520.229  |  16.45 eval/s  |  0.2 min  |  -Inf: 4
[11:28:03]  eval   400  |  ll:   -520.007  |  16.61 eval/s  |  0.4 min  |  -Inf: 6
[11:28:15]  eval   600  |  ll:   -520.163  |  16.75 eval/s  |  0.6 min  |  -Inf: 14
[11:28:27]  eval   800  |  ll:   -550.192  |  16.77 eval/s  |  0.8 min  |  -Inf: 40
[11:28:39]  eval  1000  |  ll:   -569.171  |  16.79 eval/s  |  1.0 min  |  -Inf: 59
[11:28:50]  eval  1200  |  ll:   -578.271  |  16.84 eval/s  |  1.2 min  |  -Inf: 93
[11:29:02]  eval  1400  |  ll:   -522.026  |  16.95 eval/s  |  1.4 min  |  -Inf: 107
[11:29:13]  eval  1600  |  ll:   -514.533  |  16.98 eval/s  |  1.6 min  |  -Inf: 124
[11:29:25]  eval  1800  |  ll:   -546.968  |  16.95 eval/s  |  1.8 min  |  -Inf: 144
[11:29:37]  eval  2000  |  ll:   -557.487  |  17.00 eval/s  |  2.0 min  |  -Inf: 169
[11:29:48]  eval  2200  |  ll:   -517.259  |  16.99 eval/s  |  2.2 min  |  -Inf: 189
[11:29:59]  eval  2400  |  ll:   -651.263  |  17.10 eval/s  |  2.3 min  |  -Inf: 197
[11:30:11]  eval  2600  |  ll:   -551.087  |  17.14 eval/s  |  2.5 min  |  -Inf: 205
[11:30:22]  eval  2800  |  ll:   -526.698  |  17.19 eval/s  |  2.7 min  |  -Inf: 231
[11:30:33]  eval  3000  |  ll:   -526.824  |  17.24 eval/s  |  2.9 min  |  -Inf: 267
[11:30:44]  eval  3200  |  ll:       -Inf  |  17.26 eval/s  |  3.1 min  |  -Inf: 285
[11:30:56]  eval  3400  |  ll:   -518.801  |  17.29 eval/s  |  3.3 min  |  -Inf: 315
[11:31:07]  eval  3600  |  ll:   -652.981  |  17.31 eval/s  |  3.5 min  |  -Inf: 367
[11:31:18]  eval  3800  |  ll:   -635.174  |  17.35 eval/s  |  3.6 min  |  -Inf: 401
[11:31:29]  eval  4000  |  ll:   -518.243  |  17.40 eval/s  |  3.8 min  |  -Inf: 432
[11:31:40]  eval  4200  |  ll:   -584.655  |  17.45 eval/s  |  4.0 min  |  -Inf: 458
[11:31:51]  eval  4400  |  ll:   -516.090  |  17.47 eval/s  |  4.2 min  |  -Inf: 503
[11:32:02]  eval  4600  |  ll:   -509.180  |  17.48 eval/s  |  4.4 min  |  -Inf: 530
[11:32:14]  eval  4800  |  ll:   -517.288  |  17.49 eval/s  |  4.6 min  |  -Inf: 572
[11:32:25]  eval  5000  |  ll:   -507.348  |  17.49 eval/s  |  4.8 min  |  -Inf: 610
[11:32:36]  eval  5200  |  ll:   -674.560  |  17.48 eval/s  |  5.0 min  |  -Inf: 644
[11:32:48]  eval  5400  |  ll:   -502.317  |  17.47 eval/s  |  5.2 min  |  -Inf: 671
[11:32:59]  eval  5600  |  ll:   -504.574  |  17.50 eval/s  |  5.3 min  |  -Inf: 719
[11:33:10]  eval  5800  |  ll:   -622.862  |  17.53 eval/s  |  5.5 min  |  -Inf: 767
[11:33:20]  eval  6000  |  ll:   -512.989  |  17.59 eval/s  |  5.7 min  |  -Inf: 809
[11:33:30]  eval  6200  |  ll:   -506.220  |  17.65 eval/s  |  5.9 min  |  -Inf: 841
[11:33:41]  eval  6400  |  ll:       -Inf  |  17.70 eval/s  |  6.0 min  |  -Inf: 864
[11:33:51]  eval  6600  |  ll:   -499.252  |  17.75 eval/s  |  6.2 min  |  -Inf: 901
[11:34:01]  eval  6800  |  ll:   -503.461  |  17.78 eval/s  |  6.4 min  |  -Inf: 940
[11:34:12]  eval  7000  |  ll:   -506.355  |  17.83 eval/s  |  6.5 min  |  -Inf: 966
[11:34:22]  eval  7200  |  ll:   -558.634  |  17.87 eval/s  |  6.7 min  |  -Inf: 985
[11:34:33]  eval  7400  |  ll:   -497.819  |  17.89 eval/s  |  6.9 min  |  -Inf: 1017
[11:34:43]  eval  7600  |  ll:   -501.795  |  17.92 eval/s  |  7.1 min  |  -Inf: 1057
[11:34:53]  eval  7800  |  ll:   -559.674  |  17.96 eval/s  |  7.2 min  |  -Inf: 1083
[11:35:04]  eval  8000  |  ll:   -507.243  |  17.99 eval/s  |  7.4 min  |  -Inf: 1100
[11:35:14]  eval  8200  |  ll:   -497.144  |  18.01 eval/s  |  7.6 min  |  -Inf: 1111
[11:35:25]  eval  8400  |  ll:   -499.066  |  18.04 eval/s  |  7.8 min  |  -Inf: 1122
[11:35:35]  eval  8600  |  ll:   -501.031  |  18.07 eval/s  |  7.9 min  |  -Inf: 1128
[11:35:45]  eval  8800  |  ll:   -493.968  |  18.10 eval/s  |  8.1 min  |  -Inf: 1139
[11:35:56]  eval  9000  |  ll:   -499.685  |  18.11 eval/s  |  8.3 min  |  -Inf: 1147
[11:36:07]  eval  9200  |  ll:       -Inf  |  18.12 eval/s  |  8.5 min  |  -Inf: 1156
[11:36:17]  eval  9400  |  ll:   -494.591  |  18.14 eval/s  |  8.6 min  |  -Inf: 1187
[11:36:28]  eval  9600  |  ll:   -492.928  |  18.16 eval/s  |  8.8 min  |  -Inf: 1200
[11:36:38]  eval  9800  |  ll:   -508.634  |  18.18 eval/s  |  9.0 min  |  -Inf: 1218
[11:36:48]  eval 10000  |  ll:   -512.811  |  18.20 eval/s  |  9.2 min  |  -Inf: 1228

Chain 1 finished: 2026-05-04 11:36:49.095911  (9.2 min)
Total evaluations: 10002  |  -Inf rejects: 1228 (12.28%)
