==========================================================
  Yasso15  Chain 2 / 4
  Run ID:  20260504_115921
  Started: 2026-05-04 12:09:32.133686
  Plots:   40 | Iter: 10000 | Cores: 11
==========================================================

Initial ll at best_x: -539.116

[12:09:43]  eval   200  |  ll:   -509.466  |  17.39 eval/s  |  0.2 min  |  -Inf: 0
[12:09:54]  eval   400  |  ll:   -503.064  |  17.77 eval/s  |  0.4 min  |  -Inf: 0
[12:10:05]  eval   600  |  ll:   -538.978  |  18.01 eval/s  |  0.6 min  |  -Inf: 1
[12:10:16]  eval   800  |  ll:   -491.215  |  18.11 eval/s  |  0.7 min  |  -Inf: 1
[12:10:27]  eval  1000  |  ll:   -496.258  |  17.99 eval/s  |  0.9 min  |  -Inf: 3
[12:10:39]  eval  1200  |  ll:   -506.091  |  17.94 eval/s  |  1.1 min  |  -Inf: 5
[12:10:50]  eval  1400  |  ll:   -484.496  |  17.87 eval/s  |  1.3 min  |  -Inf: 12
[12:11:02]  eval  1600  |  ll:   -485.889  |  17.79 eval/s  |  1.5 min  |  -Inf: 20
[12:11:13]  eval  1800  |  ll:   -585.675  |  17.76 eval/s  |  1.7 min  |  -Inf: 21
[12:11:25]  eval  2000  |  ll:   -489.660  |  17.58 eval/s  |  1.9 min  |  -Inf: 44
[12:11:35]  eval  2200  |  ll:   -480.365  |  17.88 eval/s  |  2.1 min  |  -Inf: 70
[12:11:44]  eval  2400  |  ll:   -495.353  |  18.15 eval/s  |  2.2 min  |  -Inf: 71
[12:11:53]  eval  2600  |  ll:   -497.538  |  18.39 eval/s  |  2.4 min  |  -Inf: 73
[12:12:02]  eval  2800  |  ll:   -604.603  |  18.58 eval/s  |  2.5 min  |  -Inf: 77
[12:12:12]  eval  3000  |  ll:   -536.249  |  18.73 eval/s  |  2.7 min  |  -Inf: 91
[12:12:21]  eval  3200  |  ll:   -855.646  |  18.88 eval/s  |  2.8 min  |  -Inf: 115
[12:12:30]  eval  3400  |  ll:   -503.771  |  19.03 eval/s  |  3.0 min  |  -Inf: 150
[12:12:40]  eval  3600  |  ll:   -489.468  |  19.16 eval/s  |  3.1 min  |  -Inf: 181
[12:12:49]  eval  3800  |  ll:   -497.972  |  19.25 eval/s  |  3.3 min  |  -Inf: 205
[12:12:59]  eval  4000  |  ll:   -492.435  |  19.30 eval/s  |  3.5 min  |  -Inf: 208
[12:13:08]  eval  4200  |  ll:   -501.908  |  19.40 eval/s  |  3.6 min  |  -Inf: 223
[12:13:17]  eval  4400  |  ll:   -486.249  |  19.51 eval/s  |  3.8 min  |  -Inf: 227
[12:13:26]  eval  4600  |  ll:   -515.077  |  19.63 eval/s  |  3.9 min  |  -Inf: 236
[12:13:36]  eval  4800  |  ll:   -491.260  |  19.67 eval/s  |  4.1 min  |  -Inf: 248
[12:13:46]  eval  5000  |  ll:   -547.656  |  19.69 eval/s  |  4.2 min  |  -Inf: 252
[12:13:55]  eval  5200  |  ll:   -650.137  |  19.74 eval/s  |  4.4 min  |  -Inf: 257
[12:14:05]  eval  5400  |  ll:   -678.957  |  19.79 eval/s  |  4.5 min  |  -Inf: 266
[12:14:14]  eval  5600  |  ll:   -488.755  |  19.86 eval/s  |  4.7 min  |  -Inf: 278
[12:14:23]  eval  5800  |  ll:   -488.473  |  19.92 eval/s  |  4.9 min  |  -Inf: 294
[12:14:32]  eval  6000  |  ll:   -562.949  |  19.96 eval/s  |  5.0 min  |  -Inf: 299
[12:14:42]  eval  6200  |  ll:   -483.354  |  20.01 eval/s  |  5.2 min  |  -Inf: 317
[12:14:51]  eval  6400  |  ll:   -486.600  |  20.04 eval/s  |  5.3 min  |  -Inf: 335
[12:15:00]  eval  6600  |  ll:   -478.848  |  20.09 eval/s  |  5.5 min  |  -Inf: 351
[12:15:09]  eval  6800  |  ll:   -486.801  |  20.14 eval/s  |  5.6 min  |  -Inf: 357
[12:15:19]  eval  7000  |  ll:   -480.970  |  20.17 eval/s  |  5.8 min  |  -Inf: 360
[12:15:28]  eval  7200  |  ll:   -489.537  |  20.19 eval/s  |  5.9 min  |  -Inf: 384
[12:15:38]  eval  7400  |  ll:   -484.144  |  20.21 eval/s  |  6.1 min  |  -Inf: 410
[12:15:47]  eval  7600  |  ll:       -Inf  |  20.23 eval/s  |  6.3 min  |  -Inf: 443
[12:15:57]  eval  7800  |  ll:   -578.514  |  20.25 eval/s  |  6.4 min  |  -Inf: 470
[12:16:07]  eval  8000  |  ll:   -523.242  |  20.26 eval/s  |  6.6 min  |  -Inf: 505
[12:16:16]  eval  8200  |  ll:   -492.597  |  20.28 eval/s  |  6.7 min  |  -Inf: 509
[12:16:25]  eval  8400  |  ll:   -491.790  |  20.31 eval/s  |  6.9 min  |  -Inf: 530
[12:16:34]  eval  8600  |  ll:   -482.209  |  20.36 eval/s  |  7.0 min  |  -Inf: 560
[12:16:43]  eval  8800  |  ll:   -492.083  |  20.38 eval/s  |  7.2 min  |  -Inf: 591
[12:16:52]  eval  9000  |  ll:   -491.403  |  20.43 eval/s  |  7.3 min  |  -Inf: 626
[12:17:01]  eval  9200  |  ll:   -486.568  |  20.46 eval/s  |  7.5 min  |  -Inf: 660
[12:17:10]  eval  9400  |  ll:   -490.350  |  20.49 eval/s  |  7.6 min  |  -Inf: 697
[12:17:19]  eval  9600  |  ll:   -493.483  |  20.52 eval/s  |  7.8 min  |  -Inf: 730
[12:17:29]  eval  9800  |  ll:   -525.091  |  20.53 eval/s  |  8.0 min  |  -Inf: 776
[12:17:39]  eval 10000  |  ll:   -476.173  |  20.53 eval/s  |  8.1 min  |  -Inf: 823

Chain 2 finished: 2026-05-04 12:17:39.378289  (8.1 min)
Total evaluations: 10002  |  -Inf rejects: 823 (8.23%)
