------------------------------
r-env 4.5.2
https://docs.csc.fi/apps/r-env
------------------------------

Attaching package: ‘dplyr’

The following objects are masked from ‘package:stats’:

    filter, lag

The following objects are masked from ‘package:base’:

    intersect, setdiff, setequal, union

=============================================================
  Yasso07 Calibration  |  Run: 20260506_134253
=============================================================

Transform round-trip: OK
Loading data...
Calibration-ready plots: 350
Plots after mapping: 350
SOC observations: 700  |  obs CV: 0.453  |  sigma_obs fixed: 0.453

Prior widths (unconstrained space):

-------------------------------------------------------------
Pre-MCMC sanity: forward run at defaults...
Sanity plot saved: ./Calibration_real_data/diagnostics/Yasso07/Yasso07_forward_at_defaults_20260506_134253.png
Forward-run sanity: PASS
Inputs saved: [./Data/model_inputs//Yasso07_inputs_20260506_134253.rds]

Likelihood at defaults: -4321.247
Likelihood check: PASS

-------------------------------------------------------------
Starting MCMC: 4 chains x 10000 iterations
  Cores per chain: 39 | Burn-in: 2000 | Log every: 200
-------------------------------------------------------------

  Chain 1 / 4  -->  ./Calibration_real_data/progress_logs//Yasso07_chain_01_20260506_134253.log
runMCMC terminated after 2619.727seconds
  Chain 1 / 4 complete (43.7 min)
  Chain 2 / 4  -->  ./Calibration_real_data/progress_logs//Yasso07_chain_02_20260506_134253.log
runMCMC terminated after 2832.982seconds
  Chain 2 / 4 complete (47.2 min)
  Chain 3 / 4  -->  ./Calibration_real_data/progress_logs//Yasso07_chain_03_20260506_134253.log
runMCMC terminated after 2942.174seconds
  Chain 3 / 4 complete (49.0 min)
  Chain 4 / 4  -->  ./Calibration_real_data/progress_logs//Yasso07_chain_04_20260506_134253.log
runMCMC terminated after 2958.474seconds
  Chain 4 / 4 complete (49.3 min)

All chains complete. Wallclock: 189.2 min

-------------------------------------------------------------
Computing convergence diagnostics...
  Output: ./Calibration_real_data/diagnostics/Yasso07/Yasso07_*_20260506_134253.*
-------------------------------------------------------------

  Chain 1: 8007 post-burnin samples, 100% finite  [PASS]
  Chain 2: 8007 post-burnin samples, 100% finite  [PASS]
  Chain 3: 8007 post-burnin samples, 100% finite  [PASS]
  Chain 4: 8007 post-burnin samples, 100% finite  [PASS]
R-hat: 1.228 -- 7.604  (20 warnings)  [./Calibration_real_data/diagnostics/Yasso07/Yasso07_rhat_20260506_134253.txt]
  WARNING: 20 parameter(s) with R-hat > 1.10 -- consider longer run
ESS:   2 -- 45  (20 < 200)  [./Calibration_real_data/diagnostics/Yasso07/Yasso07_ess_20260506_134253.txt]
  WARNING: Low ESS -- consider running longer chains
Posterior summary: [./Calibration_real_data/diagnostics/Yasso07/Yasso07_posterior_summary_20260506_134253.txt]
Traces:    [./Calibration_real_data/diagnostics/Yasso07/Yasso07_traces_20260506_134253.png]
R-hat PNG: [./Calibration_real_data/diagnostics/Yasso07/Yasso07_rhat_barplot_20260506_134253.png]
Marginals: [./Calibration_real_data/diagnostics/Yasso07/Yasso07_marginals_fractions_20260506_134253.png]
Marginals: [./Calibration_real_data/diagnostics/Yasso07/Yasso07_marginals_climate_nuisance_20260506_134253.png]
KL PNG:    [./Calibration_real_data/diagnostics/Yasso07/Yasso07_kl_divergence_20260506_134253.png]

Saved to ./Calibration_real_data/runs/:
  Yasso07_chains_20260506_134253.rds
  Yasso07_posterior_20260506_134253.rds
  Yasso07_metadata_20260506_134253.rds
Calibration report: [./Calibration_real_data/diagnostics/Yasso07/Yasso07_report_20260506_134253.txt]

=============================================================
  Yasso07 Calibration Complete
  Run ID:    20260506_134253
  Wallclock: 189.2 min
  Plots:     350
  Free params: 20
=============================================================

Next: run_Yasso07_predictive.R with RUN_ID=20260506_134253
