==========================================================
  Yasso20  Chain 1 / 4
  Run ID:  20260504_135309
  Started: 2026-05-04 13:53:29.790709
  Plots:   40 | Iter: 10000 | Cores: 11
==========================================================

Initial ll at best_x: -536.018

[13:53:53]  eval   200  |  ll:   -513.330  |  8.48 eval/s  |  0.4 min  |  -Inf: 0
[13:54:15]  eval   400  |  ll:   -520.890  |  8.86 eval/s  |  0.8 min  |  -Inf: 2
[13:54:36]  eval   600  |  ll:   -511.728  |  9.05 eval/s  |  1.1 min  |  -Inf: 5
[13:54:56]  eval   800  |  ll:   -504.846  |  9.21 eval/s  |  1.4 min  |  -Inf: 9
[13:55:16]  eval  1000  |  ll:   -519.837  |  9.35 eval/s  |  1.8 min  |  -Inf: 13
[13:55:37]  eval  1200  |  ll:   -508.814  |  9.43 eval/s  |  2.1 min  |  -Inf: 17
[13:55:57]  eval  1400  |  ll:   -507.913  |  9.49 eval/s  |  2.5 min  |  -Inf: 22
[13:56:17]  eval  1600  |  ll:   -505.766  |  9.57 eval/s  |  2.8 min  |  -Inf: 41
[13:56:37]  eval  1800  |  ll:   -576.067  |  9.59 eval/s  |  3.1 min  |  -Inf: 65
[13:56:57]  eval  2000  |  ll:   -507.708  |  9.61 eval/s  |  3.5 min  |  -Inf: 83
[13:57:17]  eval  2200  |  ll:   -593.161  |  9.65 eval/s  |  3.8 min  |  -Inf: 87
[13:57:38]  eval  2400  |  ll:   -516.773  |  9.66 eval/s  |  4.1 min  |  -Inf: 91
[13:57:59]  eval  2600  |  ll:   -514.189  |  9.65 eval/s  |  4.5 min  |  -Inf: 97
[13:58:20]  eval  2800  |  ll:   -541.220  |  9.63 eval/s  |  4.8 min  |  -Inf: 100
[13:58:41]  eval  3000  |  ll:   -519.433  |  9.62 eval/s  |  5.2 min  |  -Inf: 114
[13:59:02]  eval  3200  |  ll:   -513.932  |  9.61 eval/s  |  5.6 min  |  -Inf: 124
[13:59:23]  eval  3400  |  ll:   -533.011  |  9.62 eval/s  |  5.9 min  |  -Inf: 128
[13:59:43]  eval  3600  |  ll:   -503.546  |  9.63 eval/s  |  6.2 min  |  -Inf: 133
[14:00:04]  eval  3800  |  ll:   -526.168  |  9.63 eval/s  |  6.6 min  |  -Inf: 139
[14:00:25]  eval  4000  |  ll:   -589.830  |  9.62 eval/s  |  6.9 min  |  -Inf: 151
[14:00:48]  eval  4200  |  ll:   -520.113  |  9.58 eval/s  |  7.3 min  |  -Inf: 158
[14:01:09]  eval  4400  |  ll:   -526.687  |  9.57 eval/s  |  7.7 min  |  -Inf: 163
[14:01:31]  eval  4600  |  ll:   -502.388  |  9.56 eval/s  |  8.0 min  |  -Inf: 170
[14:01:52]  eval  4800  |  ll:   -539.783  |  9.55 eval/s  |  8.4 min  |  -Inf: 185
[14:02:14]  eval  5000  |  ll:       -Inf  |  9.54 eval/s  |  8.7 min  |  -Inf: 224
[14:02:35]  eval  5200  |  ll:       -Inf  |  9.53 eval/s  |  9.1 min  |  -Inf: 251
[14:02:57]  eval  5400  |  ll:   -523.778  |  9.52 eval/s  |  9.5 min  |  -Inf: 303
[14:03:18]  eval  5600  |  ll:   -499.763  |  9.52 eval/s  |  9.8 min  |  -Inf: 339
[14:03:39]  eval  5800  |  ll:   -502.682  |  9.52 eval/s  |  10.2 min  |  -Inf: 374
[14:04:00]  eval  6000  |  ll:   -496.452  |  9.52 eval/s  |  10.5 min  |  -Inf: 396
[14:04:21]  eval  6200  |  ll:   -503.823  |  9.51 eval/s  |  10.9 min  |  -Inf: 425
[14:04:42]  eval  6400  |  ll:   -516.984  |  9.51 eval/s  |  11.2 min  |  -Inf: 451
[14:05:04]  eval  6600  |  ll:   -497.172  |  9.51 eval/s  |  11.6 min  |  -Inf: 484
[14:05:25]  eval  6800  |  ll:   -521.983  |  9.50 eval/s  |  11.9 min  |  -Inf: 524
[14:05:47]  eval  7000  |  ll:       -Inf  |  9.49 eval/s  |  12.3 min  |  -Inf: 561
[14:06:08]  eval  7200  |  ll:   -563.448  |  9.49 eval/s  |  12.7 min  |  -Inf: 597
[14:06:30]  eval  7400  |  ll:  -2322.013  |  9.48 eval/s  |  13.0 min  |  -Inf: 639
[14:06:52]  eval  7600  |  ll:   -515.193  |  9.47 eval/s  |  13.4 min  |  -Inf: 654
[14:07:14]  eval  7800  |  ll:   -511.013  |  9.46 eval/s  |  13.7 min  |  -Inf: 680
[14:07:35]  eval  8000  |  ll:   -506.816  |  9.46 eval/s  |  14.1 min  |  -Inf: 694
[14:07:56]  eval  8200  |  ll:   -542.566  |  9.46 eval/s  |  14.5 min  |  -Inf: 736
[14:08:18]  eval  8400  |  ll:   -509.547  |  9.45 eval/s  |  14.8 min  |  -Inf: 764
[14:08:40]  eval  8600  |  ll:   -703.846  |  9.44 eval/s  |  15.2 min  |  -Inf: 787
[14:09:02]  eval  8800  |  ll:   -630.531  |  9.44 eval/s  |  15.5 min  |  -Inf: 816
[14:09:23]  eval  9000  |  ll:   -507.744  |  9.43 eval/s  |  15.9 min  |  -Inf: 844
[14:09:45]  eval  9200  |  ll:   -531.601  |  9.43 eval/s  |  16.3 min  |  -Inf: 880
[14:10:07]  eval  9400  |  ll:       -Inf  |  9.43 eval/s  |  16.6 min  |  -Inf: 915
[14:10:28]  eval  9600  |  ll:   -496.402  |  9.42 eval/s  |  17.0 min  |  -Inf: 959
[14:10:51]  eval  9800  |  ll:   -626.663  |  9.41 eval/s  |  17.4 min  |  -Inf: 1033
[14:11:12]  eval 10000  |  ll:       -Inf  |  9.41 eval/s  |  17.7 min  |  -Inf: 1097

Chain 1 finished: 2026-05-04 14:11:12.933749  (17.7 min)
Total evaluations: 10002  |  -Inf rejects: 1098 (10.98%)
