==========================================================
  Yasso20  Chain 2 / 4
  Run ID:  20260504_135309
  Started: 2026-05-04 14:11:12.949588
  Plots:   40 | Iter: 10000 | Cores: 11
==========================================================

Initial ll at best_x: -536.018

[14:11:35]  eval   200  |  ll:   -596.885  |  9.02 eval/s  |  0.4 min  |  -Inf: 0
[14:11:57]  eval   400  |  ll:   -508.403  |  8.91 eval/s  |  0.7 min  |  -Inf: 4
[14:12:20]  eval   600  |  ll:   -518.471  |  8.90 eval/s  |  1.1 min  |  -Inf: 11
[14:12:42]  eval   800  |  ll:   -504.781  |  8.92 eval/s  |  1.5 min  |  -Inf: 11
[14:13:04]  eval  1000  |  ll:   -510.974  |  8.95 eval/s  |  1.9 min  |  -Inf: 14
[14:13:25]  eval  1200  |  ll:   -513.556  |  9.03 eval/s  |  2.2 min  |  -Inf: 31
[14:13:47]  eval  1400  |  ll:   -498.216  |  9.05 eval/s  |  2.6 min  |  -Inf: 34
[14:14:09]  eval  1600  |  ll:   -563.628  |  9.08 eval/s  |  2.9 min  |  -Inf: 35
[14:14:30]  eval  1800  |  ll:   -533.540  |  9.13 eval/s  |  3.3 min  |  -Inf: 45
[14:14:52]  eval  2000  |  ll:   -495.491  |  9.13 eval/s  |  3.7 min  |  -Inf: 59
[14:15:13]  eval  2200  |  ll:   -498.021  |  9.16 eval/s  |  4.0 min  |  -Inf: 72
[14:15:33]  eval  2400  |  ll:   -527.696  |  9.20 eval/s  |  4.3 min  |  -Inf: 104
[14:15:55]  eval  2600  |  ll:       -Inf  |  9.20 eval/s  |  4.7 min  |  -Inf: 137
[14:16:16]  eval  2800  |  ll:   -645.332  |  9.24 eval/s  |  5.1 min  |  -Inf: 169
[14:16:35]  eval  3000  |  ll:   -509.759  |  9.29 eval/s  |  5.4 min  |  -Inf: 207
[14:16:56]  eval  3200  |  ll:   -592.447  |  9.31 eval/s  |  5.7 min  |  -Inf: 251
[14:17:17]  eval  3400  |  ll:       -Inf  |  9.32 eval/s  |  6.1 min  |  -Inf: 291
[14:17:38]  eval  3600  |  ll:   -496.727  |  9.33 eval/s  |  6.4 min  |  -Inf: 332
[14:18:00]  eval  3800  |  ll:   -537.164  |  9.33 eval/s  |  6.8 min  |  -Inf: 373
[14:18:21]  eval  4000  |  ll:   -514.878  |  9.35 eval/s  |  7.1 min  |  -Inf: 431
[14:18:42]  eval  4200  |  ll:   -494.878  |  9.34 eval/s  |  7.5 min  |  -Inf: 487
[14:19:04]  eval  4400  |  ll:   -499.950  |  9.34 eval/s  |  7.9 min  |  -Inf: 549
[14:19:23]  eval  4600  |  ll:       -Inf  |  9.37 eval/s  |  8.2 min  |  -Inf: 623
[14:19:44]  eval  4800  |  ll:   -505.578  |  9.38 eval/s  |  8.5 min  |  -Inf: 700
[14:20:04]  eval  5000  |  ll:   -502.559  |  9.40 eval/s  |  8.9 min  |  -Inf: 780
[14:20:24]  eval  5200  |  ll:   -557.994  |  9.43 eval/s  |  9.2 min  |  -Inf: 858
[14:20:44]  eval  5400  |  ll:       -Inf  |  9.46 eval/s  |  9.5 min  |  -Inf: 933
[14:21:04]  eval  5600  |  ll:   -504.608  |  9.47 eval/s  |  9.9 min  |  -Inf: 1008
[14:21:24]  eval  5800  |  ll:       -Inf  |  9.49 eval/s  |  10.2 min  |  -Inf: 1074
[14:21:44]  eval  6000  |  ll:   -506.518  |  9.51 eval/s  |  10.5 min  |  -Inf: 1145
[14:22:04]  eval  6200  |  ll:   -494.299  |  9.51 eval/s  |  10.9 min  |  -Inf: 1186
[14:22:25]  eval  6400  |  ll:       -Inf  |  9.52 eval/s  |  11.2 min  |  -Inf: 1245
[14:22:45]  eval  6600  |  ll:   -492.082  |  9.53 eval/s  |  11.5 min  |  -Inf: 1292
[14:23:05]  eval  6800  |  ll:   -503.397  |  9.54 eval/s  |  11.9 min  |  -Inf: 1340
[14:23:26]  eval  7000  |  ll:       -Inf  |  9.54 eval/s  |  12.2 min  |  -Inf: 1379
[14:23:47]  eval  7200  |  ll:   -491.899  |  9.54 eval/s  |  12.6 min  |  -Inf: 1418
[14:24:07]  eval  7400  |  ll:   -516.917  |  9.55 eval/s  |  12.9 min  |  -Inf: 1453
[14:24:29]  eval  7600  |  ll:       -Inf  |  9.54 eval/s  |  13.3 min  |  -Inf: 1480
[14:24:49]  eval  7800  |  ll:       -Inf  |  9.55 eval/s  |  13.6 min  |  -Inf: 1523
[14:25:09]  eval  8000  |  ll:   -518.485  |  9.57 eval/s  |  13.9 min  |  -Inf: 1557
[14:25:29]  eval  8200  |  ll:   -553.429  |  9.58 eval/s  |  14.3 min  |  -Inf: 1597
[14:25:49]  eval  8400  |  ll:   -543.460  |  9.58 eval/s  |  14.6 min  |  -Inf: 1630
[14:26:09]  eval  8600  |  ll:   -536.694  |  9.59 eval/s  |  14.9 min  |  -Inf: 1665
[14:26:30]  eval  8800  |  ll:       -Inf  |  9.60 eval/s  |  15.3 min  |  -Inf: 1706
[14:26:49]  eval  9000  |  ll:   -543.367  |  9.61 eval/s  |  15.6 min  |  -Inf: 1716
[14:27:09]  eval  9200  |  ll:   -710.651  |  9.62 eval/s  |  15.9 min  |  -Inf: 1731
[14:27:28]  eval  9400  |  ll:   -516.756  |  9.63 eval/s  |  16.3 min  |  -Inf: 1753
[14:27:47]  eval  9600  |  ll:   -493.045  |  9.65 eval/s  |  16.6 min  |  -Inf: 1784
[14:28:07]  eval  9800  |  ll:   -494.093  |  9.66 eval/s  |  16.9 min  |  -Inf: 1814
[14:28:27]  eval 10000  |  ll:       -Inf  |  9.67 eval/s  |  17.2 min  |  -Inf: 1844

Chain 2 finished: 2026-05-04 14:28:27.364375  (17.2 min)
Total evaluations: 10002  |  -Inf rejects: 1844 (18.44%)
