==========================================================
  Yasso20  Chain 4 / 4
  Run ID:  20260505_153030
  Started: 2026-05-05 16:01:08.69826
  Plots:   40 | Iter: 10000 | Cores: 11
==========================================================

Initial ll at best_x: -570.244

[16:01:19]  eval   200  |  ll:   -528.603  |  18.04 eval/s  |  0.2 min  |  -Inf: 0
[16:01:31]  eval   400  |  ll:   -530.099  |  17.43 eval/s  |  0.4 min  |  -Inf: 16
[16:01:42]  eval   600  |  ll:   -578.059  |  18.03 eval/s  |  0.6 min  |  -Inf: 65
[16:01:52]  eval   800  |  ll:   -522.422  |  18.14 eval/s  |  0.7 min  |  -Inf: 99
[16:02:03]  eval  1000  |  ll:   -529.100  |  18.17 eval/s  |  0.9 min  |  -Inf: 144
[16:02:14]  eval  1200  |  ll:       -Inf  |  18.29 eval/s  |  1.1 min  |  -Inf: 208
[16:02:25]  eval  1400  |  ll:   -541.529  |  18.25 eval/s  |  1.3 min  |  -Inf: 251
[16:02:35]  eval  1600  |  ll:   -531.627  |  18.38 eval/s  |  1.5 min  |  -Inf: 297
[16:02:46]  eval  1800  |  ll:   -517.118  |  18.49 eval/s  |  1.6 min  |  -Inf: 352
[16:02:55]  eval  2000  |  ll:  -4199.289  |  18.69 eval/s  |  1.8 min  |  -Inf: 422
[16:03:06]  eval  2200  |  ll:   -618.768  |  18.74 eval/s  |  2.0 min  |  -Inf: 520
[16:03:16]  eval  2400  |  ll:   -561.398  |  18.78 eval/s  |  2.1 min  |  -Inf: 609
[16:03:26]  eval  2600  |  ll:       -Inf  |  18.83 eval/s  |  2.3 min  |  -Inf: 697
[16:03:37]  eval  2800  |  ll:   -563.278  |  18.87 eval/s  |  2.5 min  |  -Inf: 780
[16:03:46]  eval  3000  |  ll:       -Inf  |  18.98 eval/s  |  2.6 min  |  -Inf: 882
[16:03:57]  eval  3200  |  ll:       -Inf  |  19.02 eval/s  |  2.8 min  |  -Inf: 991
[16:04:07]  eval  3400  |  ll:   -667.961  |  19.04 eval/s  |  3.0 min  |  -Inf: 1090
[16:04:17]  eval  3600  |  ll:   -507.922  |  19.06 eval/s  |  3.1 min  |  -Inf: 1204
[16:04:28]  eval  3800  |  ll:       -Inf  |  19.07 eval/s  |  3.3 min  |  -Inf: 1307
[16:04:38]  eval  4000  |  ll:       -Inf  |  19.06 eval/s  |  3.5 min  |  -Inf: 1408
[16:04:49]  eval  4200  |  ll:   -552.777  |  19.03 eval/s  |  3.7 min  |  -Inf: 1493
[16:05:00]  eval  4400  |  ll:   -581.019  |  18.95 eval/s  |  3.9 min  |  -Inf: 1592
[16:05:12]  eval  4600  |  ll:   -520.055  |  18.88 eval/s  |  4.1 min  |  -Inf: 1660
[16:05:22]  eval  4800  |  ll:   -560.477  |  18.91 eval/s  |  4.2 min  |  -Inf: 1738
[16:05:33]  eval  5000  |  ll:   -553.859  |  18.88 eval/s  |  4.4 min  |  -Inf: 1817
[16:05:44]  eval  5200  |  ll:   -527.061  |  18.84 eval/s  |  4.6 min  |  -Inf: 1887
[16:05:55]  eval  5400  |  ll:   -540.569  |  18.86 eval/s  |  4.8 min  |  -Inf: 1948
[16:06:05]  eval  5600  |  ll:   -530.261  |  18.86 eval/s  |  4.9 min  |  -Inf: 2015
[16:06:16]  eval  5800  |  ll:   -555.407  |  18.86 eval/s  |  5.1 min  |  -Inf: 2082
[16:06:27]  eval  6000  |  ll:   -508.605  |  18.85 eval/s  |  5.3 min  |  -Inf: 2160
[16:06:37]  eval  6200  |  ll:       -Inf  |  18.85 eval/s  |  5.5 min  |  -Inf: 2249
[16:06:48]  eval  6400  |  ll:       -Inf  |  18.85 eval/s  |  5.7 min  |  -Inf: 2332
[16:06:58]  eval  6600  |  ll:   -524.125  |  18.88 eval/s  |  5.8 min  |  -Inf: 2405
[16:07:09]  eval  6800  |  ll:       -Inf  |  18.87 eval/s  |  6.0 min  |  -Inf: 2499
[16:07:19]  eval  7000  |  ll:       -Inf  |  18.87 eval/s  |  6.2 min  |  -Inf: 2583
[16:07:30]  eval  7200  |  ll:       -Inf  |  18.86 eval/s  |  6.4 min  |  -Inf: 2663
[16:07:41]  eval  7400  |  ll:       -Inf  |  18.85 eval/s  |  6.5 min  |  -Inf: 2764
[16:07:52]  eval  7600  |  ll:       -Inf  |  18.82 eval/s  |  6.7 min  |  -Inf: 2838
[16:08:04]  eval  7800  |  ll:       -Inf  |  18.77 eval/s  |  6.9 min  |  -Inf: 2927
[16:08:15]  eval  8000  |  ll:   -498.920  |  18.74 eval/s  |  7.1 min  |  -Inf: 3007
[16:08:27]  eval  8200  |  ll:   -502.230  |  18.69 eval/s  |  7.3 min  |  -Inf: 3110
[16:08:38]  eval  8400  |  ll:   -497.552  |  18.70 eval/s  |  7.5 min  |  -Inf: 3203
[16:08:48]  eval  8600  |  ll:       -Inf  |  18.70 eval/s  |  7.7 min  |  -Inf: 3287
[16:09:00]  eval  8800  |  ll:  -1041.128  |  18.65 eval/s  |  7.9 min  |  -Inf: 3369
[16:09:11]  eval  9000  |  ll:       -Inf  |  18.64 eval/s  |  8.0 min  |  -Inf: 3478
[16:09:22]  eval  9200  |  ll:       -Inf  |  18.65 eval/s  |  8.2 min  |  -Inf: 3586
[16:09:31]  eval  9400  |  ll:       -Inf  |  18.68 eval/s  |  8.4 min  |  -Inf: 3693
[16:09:42]  eval  9600  |  ll:  -1066.592  |  18.69 eval/s  |  8.6 min  |  -Inf: 3795
[16:09:54]  eval  9800  |  ll:   -517.732  |  18.66 eval/s  |  8.8 min  |  -Inf: 3902
[16:10:05]  eval 10000  |  ll:       -Inf  |  18.64 eval/s  |  8.9 min  |  -Inf: 4002

Chain 4 finished: 2026-05-05 16:10:05.448296  (8.9 min)
Total evaluations: 10002  |  -Inf rejects: 4004 (40.03%)
