==========================================================
  Yasso15  Chain 1 / 4
  Run ID:  20260504_115921
  Started: 2026-05-04 11:59:38.208078
  Plots:   40 | Iter: 10000 | Cores: 11
==========================================================

Initial ll at best_x: -539.116

[11:59:51]  eval   200  |  ll:   -520.911  |  15.53 eval/s  |  0.2 min  |  -Inf: 0
[12:00:03]  eval   400  |  ll:   -519.228  |  15.71 eval/s  |  0.4 min  |  -Inf: 5
[12:00:16]  eval   600  |  ll:   -540.410  |  15.80 eval/s  |  0.6 min  |  -Inf: 10
[12:00:28]  eval   800  |  ll:   -607.634  |  15.93 eval/s  |  0.8 min  |  -Inf: 19
[12:00:40]  eval  1000  |  ll:   -503.793  |  15.97 eval/s  |  1.0 min  |  -Inf: 27
[12:00:53]  eval  1200  |  ll:   -503.590  |  15.99 eval/s  |  1.3 min  |  -Inf: 49
[12:01:06]  eval  1400  |  ll:   -511.249  |  15.87 eval/s  |  1.5 min  |  -Inf: 66
[12:01:18]  eval  1600  |  ll:   -497.251  |  15.89 eval/s  |  1.7 min  |  -Inf: 83
[12:01:31]  eval  1800  |  ll:   -514.771  |  15.87 eval/s  |  1.9 min  |  -Inf: 98
[12:01:44]  eval  2000  |  ll:       -Inf  |  15.87 eval/s  |  2.1 min  |  -Inf: 133
[12:01:56]  eval  2200  |  ll:   -514.605  |  15.91 eval/s  |  2.3 min  |  -Inf: 170
[12:02:08]  eval  2400  |  ll:   -496.223  |  15.93 eval/s  |  2.5 min  |  -Inf: 226
[12:02:21]  eval  2600  |  ll:       -Inf  |  15.93 eval/s  |  2.7 min  |  -Inf: 282
[12:02:34]  eval  2800  |  ll:       -Inf  |  15.92 eval/s  |  2.9 min  |  -Inf: 340
[12:02:46]  eval  3000  |  ll:   -550.420  |  15.91 eval/s  |  3.1 min  |  -Inf: 402
[12:02:59]  eval  3200  |  ll:   -537.849  |  15.92 eval/s  |  3.4 min  |  -Inf: 494
[12:03:10]  eval  3400  |  ll:       -Inf  |  16.00 eval/s  |  3.5 min  |  -Inf: 567
[12:03:21]  eval  3600  |  ll:       -Inf  |  16.10 eval/s  |  3.7 min  |  -Inf: 649
[12:03:33]  eval  3800  |  ll:   -490.690  |  16.15 eval/s  |  3.9 min  |  -Inf: 711
[12:03:46]  eval  4000  |  ll:   -525.109  |  16.12 eval/s  |  4.1 min  |  -Inf: 761
[12:03:58]  eval  4200  |  ll:   -531.881  |  16.14 eval/s  |  4.3 min  |  -Inf: 769
[12:04:10]  eval  4400  |  ll:   -483.878  |  16.15 eval/s  |  4.5 min  |  -Inf: 775
[12:04:23]  eval  4600  |  ll:   -483.760  |  16.14 eval/s  |  4.7 min  |  -Inf: 801
[12:04:35]  eval  4800  |  ll:   -496.024  |  16.14 eval/s  |  5.0 min  |  -Inf: 841
[12:04:48]  eval  5000  |  ll:   -502.912  |  16.14 eval/s  |  5.2 min  |  -Inf: 894
[12:05:00]  eval  5200  |  ll:   -486.889  |  16.14 eval/s  |  5.4 min  |  -Inf: 932
[12:05:12]  eval  5400  |  ll:   -502.751  |  16.15 eval/s  |  5.6 min  |  -Inf: 980
[12:05:24]  eval  5600  |  ll:   -503.677  |  16.18 eval/s  |  5.8 min  |  -Inf: 1016
[12:05:35]  eval  5800  |  ll:   -626.895  |  16.22 eval/s  |  6.0 min  |  -Inf: 1057
[12:05:47]  eval  6000  |  ll:   -502.464  |  16.25 eval/s  |  6.2 min  |  -Inf: 1102
[12:05:58]  eval  6200  |  ll:   -495.030  |  16.30 eval/s  |  6.3 min  |  -Inf: 1144
[12:06:09]  eval  6400  |  ll:   -512.118  |  16.35 eval/s  |  6.5 min  |  -Inf: 1191
[12:06:20]  eval  6600  |  ll:   -483.577  |  16.40 eval/s  |  6.7 min  |  -Inf: 1234
[12:06:31]  eval  6800  |  ll:       -Inf  |  16.45 eval/s  |  6.9 min  |  -Inf: 1290
[12:06:42]  eval  7000  |  ll:       -Inf  |  16.51 eval/s  |  7.1 min  |  -Inf: 1360
[12:06:53]  eval  7200  |  ll:   -503.192  |  16.56 eval/s  |  7.2 min  |  -Inf: 1413
[12:07:04]  eval  7400  |  ll:       -Inf  |  16.59 eval/s  |  7.4 min  |  -Inf: 1464
[12:07:15]  eval  7600  |  ll:   -485.435  |  16.61 eval/s  |  7.6 min  |  -Inf: 1528
[12:07:26]  eval  7800  |  ll:       -Inf  |  16.65 eval/s  |  7.8 min  |  -Inf: 1571
[12:07:37]  eval  8000  |  ll:       -Inf  |  16.68 eval/s  |  8.0 min  |  -Inf: 1599
[12:07:49]  eval  8200  |  ll:   -497.429  |  16.71 eval/s  |  8.2 min  |  -Inf: 1623
[12:08:00]  eval  8400  |  ll:   -485.957  |  16.73 eval/s  |  8.4 min  |  -Inf: 1657
[12:08:11]  eval  8600  |  ll:   -479.055  |  16.74 eval/s  |  8.6 min  |  -Inf: 1681
[12:08:23]  eval  8800  |  ll:   -533.580  |  16.75 eval/s  |  8.8 min  |  -Inf: 1707
[12:08:35]  eval  9000  |  ll:       -Inf  |  16.76 eval/s  |  8.9 min  |  -Inf: 1735
[12:08:46]  eval  9200  |  ll:   -493.644  |  16.79 eval/s  |  9.1 min  |  -Inf: 1770
[12:08:57]  eval  9400  |  ll:       -Inf  |  16.80 eval/s  |  9.3 min  |  -Inf: 1797
[12:09:09]  eval  9600  |  ll:   -481.638  |  16.81 eval/s  |  9.5 min  |  -Inf: 1835
[12:09:20]  eval  9800  |  ll:   -597.518  |  16.82 eval/s  |  9.7 min  |  -Inf: 1876
[12:09:32]  eval 10000  |  ll:   -496.056  |  16.84 eval/s  |  9.9 min  |  -Inf: 1916

Chain 1 finished: 2026-05-04 12:09:32.125645  (9.9 min)
Total evaluations: 10002  |  -Inf rejects: 1918 (19.18%)
