==========================================================
  Yasso15  Chain 1 / 4
  Run ID:  20260505_145801
  Started: 2026-05-05 14:58:18.24911
  Plots:   40 | Iter: 10000 | Cores: 11
==========================================================

Initial ll at best_x: -574.761

[14:58:30]  eval   200  |  ll:   -542.024  |  16.74 eval/s  |  0.2 min  |  -Inf: 1
[14:58:41]  eval   400  |  ll:   -502.728  |  17.19 eval/s  |  0.4 min  |  -Inf: 14
[14:58:52]  eval   600  |  ll:   -520.903  |  17.55 eval/s  |  0.6 min  |  -Inf: 35
[14:59:03]  eval   800  |  ll:       -Inf  |  17.62 eval/s  |  0.8 min  |  -Inf: 64
[14:59:14]  eval  1000  |  ll:   -507.026  |  17.72 eval/s  |  0.9 min  |  -Inf: 98
[14:59:25]  eval  1200  |  ll:   -504.373  |  17.86 eval/s  |  1.1 min  |  -Inf: 129
[14:59:36]  eval  1400  |  ll:   -489.125  |  17.85 eval/s  |  1.3 min  |  -Inf: 155
[14:59:47]  eval  1600  |  ll:   -512.214  |  17.87 eval/s  |  1.5 min  |  -Inf: 186
[14:59:59]  eval  1800  |  ll:       -Inf  |  17.85 eval/s  |  1.7 min  |  -Inf: 213
[15:00:10]  eval  2000  |  ll:   -512.381  |  17.83 eval/s  |  1.9 min  |  -Inf: 243
[15:00:21]  eval  2200  |  ll:  -1036.837  |  17.82 eval/s  |  2.1 min  |  -Inf: 274
[15:00:32]  eval  2400  |  ll:   -492.695  |  17.84 eval/s  |  2.2 min  |  -Inf: 296
[15:00:43]  eval  2600  |  ll:       -Inf  |  17.86 eval/s  |  2.4 min  |  -Inf: 320
[15:00:54]  eval  2800  |  ll:   -492.324  |  17.91 eval/s  |  2.6 min  |  -Inf: 346
[15:01:05]  eval  3000  |  ll:   -514.711  |  17.96 eval/s  |  2.8 min  |  -Inf: 360
[15:01:16]  eval  3200  |  ll:   -802.367  |  18.00 eval/s  |  3.0 min  |  -Inf: 381
[15:01:27]  eval  3400  |  ll:   -577.532  |  17.99 eval/s  |  3.2 min  |  -Inf: 398
[15:01:38]  eval  3600  |  ll:   -509.701  |  17.98 eval/s  |  3.3 min  |  -Inf: 418
[15:01:49]  eval  3800  |  ll:   -498.812  |  17.96 eval/s  |  3.5 min  |  -Inf: 441
[15:02:01]  eval  4000  |  ll:   -500.625  |  17.96 eval/s  |  3.7 min  |  -Inf: 459
[15:02:11]  eval  4200  |  ll:   -533.619  |  17.98 eval/s  |  3.9 min  |  -Inf: 477
[15:02:22]  eval  4400  |  ll:   -503.094  |  18.00 eval/s  |  4.1 min  |  -Inf: 491
[15:02:33]  eval  4600  |  ll:   -498.239  |  18.02 eval/s  |  4.3 min  |  -Inf: 507
[15:02:44]  eval  4800  |  ll:       -Inf  |  18.04 eval/s  |  4.4 min  |  -Inf: 538
[15:02:54]  eval  5000  |  ll:       -Inf  |  18.08 eval/s  |  4.6 min  |  -Inf: 551
[15:03:05]  eval  5200  |  ll:   -500.971  |  18.09 eval/s  |  4.8 min  |  -Inf: 572
[15:03:17]  eval  5400  |  ll:   -487.931  |  18.08 eval/s  |  5.0 min  |  -Inf: 600
[15:03:28]  eval  5600  |  ll:   -507.233  |  18.07 eval/s  |  5.2 min  |  -Inf: 615
[15:03:39]  eval  5800  |  ll:   -515.369  |  18.07 eval/s  |  5.3 min  |  -Inf: 639
[15:03:50]  eval  6000  |  ll:   -490.833  |  18.08 eval/s  |  5.5 min  |  -Inf: 654
[15:04:00]  eval  6200  |  ll:   -499.457  |  18.10 eval/s  |  5.7 min  |  -Inf: 677
[15:04:11]  eval  6400  |  ll:   -498.543  |  18.12 eval/s  |  5.9 min  |  -Inf: 702
[15:04:21]  eval  6600  |  ll:   -495.516  |  18.16 eval/s  |  6.1 min  |  -Inf: 721
[15:04:32]  eval  6800  |  ll:   -504.550  |  18.19 eval/s  |  6.2 min  |  -Inf: 744
[15:04:42]  eval  7000  |  ll:   -526.363  |  18.23 eval/s  |  6.4 min  |  -Inf: 767
[15:04:52]  eval  7200  |  ll:   -487.205  |  18.26 eval/s  |  6.6 min  |  -Inf: 791
[15:05:03]  eval  7400  |  ll:   -483.645  |  18.28 eval/s  |  6.7 min  |  -Inf: 818
[15:05:13]  eval  7600  |  ll:   -821.010  |  18.32 eval/s  |  6.9 min  |  -Inf: 854
[15:05:23]  eval  7800  |  ll:   -484.865  |  18.36 eval/s  |  7.1 min  |  -Inf: 881
[15:05:32]  eval  8000  |  ll:   -511.951  |  18.41 eval/s  |  7.2 min  |  -Inf: 912
[15:05:45]  eval  8200  |  ll:   -532.916  |  18.34 eval/s  |  7.5 min  |  -Inf: 945
[15:05:54]  eval  8400  |  ll:   -522.280  |  18.43 eval/s  |  7.6 min  |  -Inf: 972
[15:06:03]  eval  8600  |  ll:   -500.492  |  18.49 eval/s  |  7.8 min  |  -Inf: 998
[15:06:12]  eval  8800  |  ll:   -509.311  |  18.57 eval/s  |  7.9 min  |  -Inf: 1043
[15:06:21]  eval  9000  |  ll:   -487.448  |  18.63 eval/s  |  8.0 min  |  -Inf: 1078
[15:06:30]  eval  9200  |  ll:   -522.289  |  18.70 eval/s  |  8.2 min  |  -Inf: 1099
[15:06:39]  eval  9400  |  ll:   -509.971  |  18.75 eval/s  |  8.4 min  |  -Inf: 1123
[15:06:48]  eval  9600  |  ll:   -503.633  |  18.81 eval/s  |  8.5 min  |  -Inf: 1143
[15:06:57]  eval  9800  |  ll:   -502.988  |  18.86 eval/s  |  8.7 min  |  -Inf: 1169
[15:07:06]  eval 10000  |  ll:   -500.773  |  18.92 eval/s  |  8.8 min  |  -Inf: 1191

Chain 1 finished: 2026-05-05 15:07:07.065968  (8.8 min)
Total evaluations: 10002  |  -Inf rejects: 1191 (11.91%)
