==========================================================
  Yasso15  Chain 2 / 4
  Run ID:  20260505_145801
  Started: 2026-05-05 15:07:07.080144
  Plots:   40 | Iter: 10000 | Cores: 11
==========================================================

Initial ll at best_x: -574.761

[15:07:16]  eval   200  |  ll:   -544.308  |  21.04 eval/s  |  0.2 min  |  -Inf: 0
[15:07:25]  eval   400  |  ll:   -525.805  |  21.60 eval/s  |  0.3 min  |  -Inf: 0
[15:07:34]  eval   600  |  ll:   -789.328  |  21.93 eval/s  |  0.5 min  |  -Inf: 0
[15:07:43]  eval   800  |  ll:   -506.527  |  21.80 eval/s  |  0.6 min  |  -Inf: 9
[15:07:53]  eval  1000  |  ll:   -506.929  |  21.70 eval/s  |  0.8 min  |  -Inf: 26
[15:08:02]  eval  1200  |  ll:   -502.280  |  21.67 eval/s  |  0.9 min  |  -Inf: 38
[15:08:12]  eval  1400  |  ll:   -524.650  |  21.48 eval/s  |  1.1 min  |  -Inf: 53
[15:08:22]  eval  1600  |  ll:   -513.731  |  21.34 eval/s  |  1.2 min  |  -Inf: 62
[15:08:32]  eval  1800  |  ll:   -507.362  |  21.04 eval/s  |  1.4 min  |  -Inf: 84
[15:08:42]  eval  2000  |  ll:   -550.642  |  20.94 eval/s  |  1.6 min  |  -Inf: 106
[15:08:52]  eval  2200  |  ll:   -506.595  |  20.91 eval/s  |  1.8 min  |  -Inf: 131
[15:09:01]  eval  2400  |  ll:   -496.858  |  20.90 eval/s  |  1.9 min  |  -Inf: 154
[15:09:12]  eval  2600  |  ll:   -495.640  |  20.77 eval/s  |  2.1 min  |  -Inf: 172
[15:09:21]  eval  2800  |  ll:   -491.936  |  20.81 eval/s  |  2.2 min  |  -Inf: 183
[15:09:30]  eval  3000  |  ll:   -491.706  |  20.86 eval/s  |  2.4 min  |  -Inf: 197
[15:09:39]  eval  3200  |  ll:   -583.882  |  20.94 eval/s  |  2.5 min  |  -Inf: 211
[15:09:49]  eval  3400  |  ll:   -501.200  |  20.98 eval/s  |  2.7 min  |  -Inf: 218
[15:09:58]  eval  3600  |  ll:   -499.156  |  21.00 eval/s  |  2.9 min  |  -Inf: 220
[15:10:07]  eval  3800  |  ll:   -513.802  |  21.03 eval/s  |  3.0 min  |  -Inf: 224
[15:10:17]  eval  4000  |  ll:   -495.259  |  21.03 eval/s  |  3.2 min  |  -Inf: 227
[15:10:26]  eval  4200  |  ll:   -562.710  |  21.08 eval/s  |  3.3 min  |  -Inf: 232
[15:10:35]  eval  4400  |  ll:   -495.254  |  21.10 eval/s  |  3.5 min  |  -Inf: 242
[15:10:44]  eval  4600  |  ll:   -516.180  |  21.15 eval/s  |  3.6 min  |  -Inf: 268
[15:10:53]  eval  4800  |  ll:   -489.299  |  21.18 eval/s  |  3.8 min  |  -Inf: 277
[15:11:02]  eval  5000  |  ll:       -Inf  |  21.22 eval/s  |  3.9 min  |  -Inf: 301
[15:11:12]  eval  5200  |  ll:       -Inf  |  21.23 eval/s  |  4.1 min  |  -Inf: 325
[15:11:21]  eval  5400  |  ll:       -Inf  |  21.23 eval/s  |  4.2 min  |  -Inf: 365
[15:11:30]  eval  5600  |  ll:       -Inf  |  21.24 eval/s  |  4.4 min  |  -Inf: 433
[15:11:39]  eval  5800  |  ll:       -Inf  |  21.26 eval/s  |  4.5 min  |  -Inf: 480
[15:11:48]  eval  6000  |  ll:   -525.034  |  21.29 eval/s  |  4.7 min  |  -Inf: 506
[15:11:58]  eval  6200  |  ll:   -760.340  |  21.30 eval/s  |  4.9 min  |  -Inf: 539
[15:12:07]  eval  6400  |  ll:   -492.674  |  21.32 eval/s  |  5.0 min  |  -Inf: 568
[15:12:16]  eval  6600  |  ll:   -495.654  |  21.35 eval/s  |  5.2 min  |  -Inf: 587
[15:12:24]  eval  6800  |  ll:   -511.222  |  21.40 eval/s  |  5.3 min  |  -Inf: 611
[15:12:33]  eval  7000  |  ll:   -500.572  |  21.43 eval/s  |  5.4 min  |  -Inf: 628
[15:12:42]  eval  7200  |  ll:   -488.674  |  21.46 eval/s  |  5.6 min  |  -Inf: 638
[15:12:51]  eval  7400  |  ll:   -504.437  |  21.49 eval/s  |  5.7 min  |  -Inf: 651
[15:13:00]  eval  7600  |  ll:   -508.435  |  21.51 eval/s  |  5.9 min  |  -Inf: 668
[15:13:09]  eval  7800  |  ll:   -499.147  |  21.53 eval/s  |  6.0 min  |  -Inf: 679
[15:13:18]  eval  8000  |  ll:   -515.503  |  21.53 eval/s  |  6.2 min  |  -Inf: 689
[15:13:27]  eval  8200  |  ll:   -542.492  |  21.54 eval/s  |  6.3 min  |  -Inf: 703
[15:13:37]  eval  8400  |  ll:   -491.352  |  21.54 eval/s  |  6.5 min  |  -Inf: 717
[15:13:46]  eval  8600  |  ll:       -Inf  |  21.56 eval/s  |  6.6 min  |  -Inf: 729
[15:13:55]  eval  8800  |  ll:   -498.089  |  21.56 eval/s  |  6.8 min  |  -Inf: 746
[15:14:04]  eval  9000  |  ll:       -Inf  |  21.57 eval/s  |  7.0 min  |  -Inf: 793
[15:14:13]  eval  9200  |  ll:   -500.688  |  21.58 eval/s  |  7.1 min  |  -Inf: 806
[15:14:22]  eval  9400  |  ll:   -491.952  |  21.61 eval/s  |  7.3 min  |  -Inf: 836
[15:14:31]  eval  9600  |  ll:   -500.215  |  21.61 eval/s  |  7.4 min  |  -Inf: 855
[15:14:40]  eval  9800  |  ll:   -509.099  |  21.62 eval/s  |  7.6 min  |  -Inf: 876
[15:14:49]  eval 10000  |  ll:   -498.365  |  21.62 eval/s  |  7.7 min  |  -Inf: 889

Chain 2 finished: 2026-05-05 15:14:49.700814  (7.7 min)
Total evaluations: 10002  |  -Inf rejects: 889 (8.89%)
