==========================================================
  Yasso15  Chain 3 / 4
  Run ID:  20260504_115921
  Started: 2026-05-04 12:17:39.3942
  Plots:   40 | Iter: 10000 | Cores: 11
==========================================================

Initial ll at best_x: -539.116

[12:17:49]  eval   200  |  ll:   -510.750  |  20.87 eval/s  |  0.2 min  |  -Inf: 0
[12:17:58]  eval   400  |  ll:   -505.175  |  20.86 eval/s  |  0.3 min  |  -Inf: 0
[12:18:08]  eval   600  |  ll:   -508.972  |  20.94 eval/s  |  0.5 min  |  -Inf: 0
[12:18:17]  eval   800  |  ll:  -2609.239  |  20.98 eval/s  |  0.6 min  |  -Inf: 0
[12:18:26]  eval  1000  |  ll:   -502.477  |  21.11 eval/s  |  0.8 min  |  -Inf: 1
[12:18:35]  eval  1200  |  ll:   -501.774  |  21.25 eval/s  |  0.9 min  |  -Inf: 4
[12:18:45]  eval  1400  |  ll:   -505.467  |  21.23 eval/s  |  1.1 min  |  -Inf: 4
[12:18:54]  eval  1600  |  ll:   -507.803  |  21.23 eval/s  |  1.3 min  |  -Inf: 8
[12:19:04]  eval  1800  |  ll:   -508.560  |  21.27 eval/s  |  1.4 min  |  -Inf: 12
[12:19:13]  eval  2000  |  ll:   -519.583  |  21.36 eval/s  |  1.6 min  |  -Inf: 18
[12:19:22]  eval  2200  |  ll:   -499.850  |  21.41 eval/s  |  1.7 min  |  -Inf: 21
[12:19:31]  eval  2400  |  ll:   -547.334  |  21.34 eval/s  |  1.9 min  |  -Inf: 24
[12:19:41]  eval  2600  |  ll:   -500.650  |  21.37 eval/s  |  2.0 min  |  -Inf: 35
[12:19:50]  eval  2800  |  ll:   -546.088  |  21.43 eval/s  |  2.2 min  |  -Inf: 44
[12:19:58]  eval  3000  |  ll:   -504.182  |  21.55 eval/s  |  2.3 min  |  -Inf: 55
[12:20:07]  eval  3200  |  ll:  -1282.681  |  21.61 eval/s  |  2.5 min  |  -Inf: 66
[12:20:16]  eval  3400  |  ll:   -517.266  |  21.63 eval/s  |  2.6 min  |  -Inf: 71
[12:20:25]  eval  3600  |  ll:   -627.890  |  21.62 eval/s  |  2.8 min  |  -Inf: 78
[12:20:35]  eval  3800  |  ll:   -500.353  |  21.62 eval/s  |  2.9 min  |  -Inf: 89
[12:20:44]  eval  4000  |  ll:   -524.664  |  21.65 eval/s  |  3.1 min  |  -Inf: 98
[12:20:53]  eval  4200  |  ll:   -500.793  |  21.62 eval/s  |  3.2 min  |  -Inf: 104
[12:21:03]  eval  4400  |  ll:   -503.123  |  21.60 eval/s  |  3.4 min  |  -Inf: 115
[12:21:12]  eval  4600  |  ll:   -499.427  |  21.61 eval/s  |  3.5 min  |  -Inf: 132
[12:21:21]  eval  4800  |  ll:   -497.899  |  21.61 eval/s  |  3.7 min  |  -Inf: 136
[12:21:30]  eval  5000  |  ll:   -562.137  |  21.64 eval/s  |  3.9 min  |  -Inf: 140
[12:21:39]  eval  5200  |  ll:   -507.508  |  21.65 eval/s  |  4.0 min  |  -Inf: 150
[12:21:48]  eval  5400  |  ll:   -490.929  |  21.65 eval/s  |  4.2 min  |  -Inf: 164
[12:21:58]  eval  5600  |  ll:   -496.176  |  21.64 eval/s  |  4.3 min  |  -Inf: 171
[12:22:07]  eval  5800  |  ll:       -Inf  |  21.63 eval/s  |  4.5 min  |  -Inf: 175
[12:22:16]  eval  6000  |  ll:   -732.261  |  21.63 eval/s  |  4.6 min  |  -Inf: 187
[12:22:26]  eval  6200  |  ll:   -492.799  |  21.61 eval/s  |  4.8 min  |  -Inf: 207
[12:22:36]  eval  6400  |  ll:   -508.536  |  21.58 eval/s  |  4.9 min  |  -Inf: 221
[12:22:45]  eval  6600  |  ll:   -493.322  |  21.56 eval/s  |  5.1 min  |  -Inf: 237
[12:22:55]  eval  6800  |  ll:   -496.931  |  21.54 eval/s  |  5.3 min  |  -Inf: 245
[12:23:04]  eval  7000  |  ll:   -609.327  |  21.56 eval/s  |  5.4 min  |  -Inf: 255
[12:23:13]  eval  7200  |  ll:   -490.396  |  21.58 eval/s  |  5.6 min  |  -Inf: 262
[12:23:21]  eval  7400  |  ll:   -511.365  |  21.61 eval/s  |  5.7 min  |  -Inf: 270
[12:23:30]  eval  7600  |  ll:   -638.525  |  21.64 eval/s  |  5.9 min  |  -Inf: 285
[12:23:40]  eval  7800  |  ll:   -540.778  |  21.63 eval/s  |  6.0 min  |  -Inf: 290
[12:23:48]  eval  8000  |  ll:   -499.037  |  21.67 eval/s  |  6.2 min  |  -Inf: 299
[12:23:57]  eval  8200  |  ll:   -496.306  |  21.68 eval/s  |  6.3 min  |  -Inf: 303
[12:24:06]  eval  8400  |  ll:   -506.449  |  21.68 eval/s  |  6.5 min  |  -Inf: 310
[12:24:16]  eval  8600  |  ll:  -1044.186  |  21.69 eval/s  |  6.6 min  |  -Inf: 317
[12:24:24]  eval  8800  |  ll:   -518.471  |  21.70 eval/s  |  6.8 min  |  -Inf: 333
[12:24:33]  eval  9000  |  ll:   -544.039  |  21.73 eval/s  |  6.9 min  |  -Inf: 344
[12:24:42]  eval  9200  |  ll:   -919.457  |  21.74 eval/s  |  7.1 min  |  -Inf: 354
[12:24:51]  eval  9400  |  ll:   -525.847  |  21.74 eval/s  |  7.2 min  |  -Inf: 365
[12:25:00]  eval  9600  |  ll:       -Inf  |  21.76 eval/s  |  7.4 min  |  -Inf: 386
[12:25:09]  eval  9800  |  ll:   -556.688  |  21.78 eval/s  |  7.5 min  |  -Inf: 400
[12:25:18]  eval 10000  |  ll:   -482.332  |  21.80 eval/s  |  7.6 min  |  -Inf: 418

Chain 3 finished: 2026-05-04 12:25:18.222302  (7.6 min)
Total evaluations: 10002  |  -Inf rejects: 418 (4.18%)
