==========================================================
  Yasso20  Chain 1 / 4
  Run ID:  20260505_153030
  Started: 2026-05-05 15:30:50.228484
  Plots:   40 | Iter: 10000 | Cores: 11
==========================================================

Initial ll at best_x: -570.244

[15:31:06]  eval   200  |  ll:   -538.383  |  12.22 eval/s  |  0.3 min  |  -Inf: 3
[15:31:22]  eval   400  |  ll:   -526.350  |  12.56 eval/s  |  0.5 min  |  -Inf: 20
[15:31:37]  eval   600  |  ll:   -558.186  |  12.69 eval/s  |  0.8 min  |  -Inf: 56
[15:31:52]  eval   800  |  ll:       -Inf  |  12.90 eval/s  |  1.0 min  |  -Inf: 110
[15:32:07]  eval  1000  |  ll:       -Inf  |  12.94 eval/s  |  1.3 min  |  -Inf: 174
[15:32:22]  eval  1200  |  ll:   -534.847  |  13.00 eval/s  |  1.5 min  |  -Inf: 245
[15:32:38]  eval  1400  |  ll:   -506.151  |  12.95 eval/s  |  1.8 min  |  -Inf: 315
[15:32:53]  eval  1600  |  ll:       -Inf  |  12.99 eval/s  |  2.1 min  |  -Inf: 384
[15:33:09]  eval  1800  |  ll:       -Inf  |  12.96 eval/s  |  2.3 min  |  -Inf: 433
[15:33:24]  eval  2000  |  ll:  -1630.793  |  12.94 eval/s  |  2.6 min  |  -Inf: 479
[15:33:40]  eval  2200  |  ll:   -530.247  |  12.90 eval/s  |  2.8 min  |  -Inf: 518
[15:33:56]  eval  2400  |  ll:       -Inf  |  12.91 eval/s  |  3.1 min  |  -Inf: 565
[15:34:11]  eval  2600  |  ll:       -Inf  |  12.91 eval/s  |  3.4 min  |  -Inf: 606
[15:34:26]  eval  2800  |  ll:   -587.767  |  12.93 eval/s  |  3.6 min  |  -Inf: 641
[15:34:42]  eval  3000  |  ll:       -Inf  |  12.94 eval/s  |  3.9 min  |  -Inf: 689
[15:34:57]  eval  3200  |  ll:       -Inf  |  12.96 eval/s  |  4.1 min  |  -Inf: 764
[15:35:12]  eval  3400  |  ll:   -525.624  |  12.97 eval/s  |  4.4 min  |  -Inf: 834
[15:35:27]  eval  3600  |  ll:   -846.853  |  12.98 eval/s  |  4.6 min  |  -Inf: 909
[15:35:43]  eval  3800  |  ll:   -521.210  |  12.98 eval/s  |  4.9 min  |  -Inf: 965
[15:35:58]  eval  4000  |  ll:       -Inf  |  12.98 eval/s  |  5.1 min  |  -Inf: 1015
[15:36:13]  eval  4200  |  ll:   -523.508  |  13.01 eval/s  |  5.4 min  |  -Inf: 1082
[15:36:28]  eval  4400  |  ll:       -Inf  |  13.02 eval/s  |  5.6 min  |  -Inf: 1142
[15:36:43]  eval  4600  |  ll:   -499.029  |  13.02 eval/s  |  5.9 min  |  -Inf: 1202
[15:36:58]  eval  4800  |  ll:   -553.259  |  13.02 eval/s  |  6.1 min  |  -Inf: 1262
[15:37:14]  eval  5000  |  ll:       -Inf  |  13.03 eval/s  |  6.4 min  |  -Inf: 1317
[15:37:29]  eval  5200  |  ll:       -Inf  |  13.03 eval/s  |  6.6 min  |  -Inf: 1385
[15:37:44]  eval  5400  |  ll:       -Inf  |  13.04 eval/s  |  6.9 min  |  -Inf: 1469
[15:37:59]  eval  5600  |  ll:       -Inf  |  13.06 eval/s  |  7.1 min  |  -Inf: 1543
[15:38:14]  eval  5800  |  ll:   -529.352  |  13.06 eval/s  |  7.4 min  |  -Inf: 1608
[15:38:29]  eval  6000  |  ll:  -3801.825  |  13.07 eval/s  |  7.7 min  |  -Inf: 1667
[15:38:43]  eval  6200  |  ll:       -Inf  |  13.10 eval/s  |  7.9 min  |  -Inf: 1718
[15:38:57]  eval  6400  |  ll:       -Inf  |  13.14 eval/s  |  8.1 min  |  -Inf: 1776
[15:39:11]  eval  6600  |  ll:   -658.210  |  13.17 eval/s  |  8.4 min  |  -Inf: 1826
[15:39:25]  eval  6800  |  ll:   -582.338  |  13.21 eval/s  |  8.6 min  |  -Inf: 1878
[15:39:39]  eval  7000  |  ll:   -501.461  |  13.24 eval/s  |  8.8 min  |  -Inf: 1932
[15:39:53]  eval  7200  |  ll:   -643.882  |  13.26 eval/s  |  9.0 min  |  -Inf: 1981
[15:40:07]  eval  7400  |  ll:   -511.502  |  13.28 eval/s  |  9.3 min  |  -Inf: 2031
[15:40:21]  eval  7600  |  ll:       -Inf  |  13.31 eval/s  |  9.5 min  |  -Inf: 2089
[15:40:35]  eval  7800  |  ll:   -509.645  |  13.33 eval/s  |  9.8 min  |  -Inf: 2139
[15:40:49]  eval  8000  |  ll:       -Inf  |  13.35 eval/s  |  10.0 min  |  -Inf: 2200
[15:41:03]  eval  8200  |  ll:   -689.767  |  13.36 eval/s  |  10.2 min  |  -Inf: 2266
[15:41:18]  eval  8400  |  ll:   -520.591  |  13.38 eval/s  |  10.5 min  |  -Inf: 2313
[15:41:32]  eval  8600  |  ll:   -977.303  |  13.40 eval/s  |  10.7 min  |  -Inf: 2365
[15:41:46]  eval  8800  |  ll:   -527.601  |  13.41 eval/s  |  10.9 min  |  -Inf: 2425
[15:42:00]  eval  9000  |  ll:   -498.085  |  13.42 eval/s  |  11.2 min  |  -Inf: 2477
[15:42:15]  eval  9200  |  ll:   -507.581  |  13.43 eval/s  |  11.4 min  |  -Inf: 2534
[15:42:31]  eval  9400  |  ll:   -510.232  |  13.41 eval/s  |  11.7 min  |  -Inf: 2592
[15:42:45]  eval  9600  |  ll:       -Inf  |  13.42 eval/s  |  11.9 min  |  -Inf: 2653
[15:42:55]  eval  9800  |  ll:   -504.567  |  13.51 eval/s  |  12.1 min  |  -Inf: 2703
[15:43:05]  eval 10000  |  ll:       -Inf  |  13.60 eval/s  |  12.3 min  |  -Inf: 2753

Chain 1 finished: 2026-05-05 15:43:05.643655  (12.3 min)
Total evaluations: 10002  |  -Inf rejects: 2754 (27.53%)
