==========================================================
  Yasso15  Chain 4 / 4
  Run ID:  20260505_145801
  Started: 2026-05-05 15:22:32.226992
  Plots:   40 | Iter: 10000 | Cores: 11
==========================================================

Initial ll at best_x: -574.761

[15:22:41]  eval   200  |  ll:   -542.011  |  20.88 eval/s  |  0.2 min  |  -Inf: 1
[15:22:50]  eval   400  |  ll:   -498.886  |  21.47 eval/s  |  0.3 min  |  -Inf: 11
[15:22:59]  eval   600  |  ll:   -580.504  |  21.74 eval/s  |  0.5 min  |  -Inf: 22
[15:23:08]  eval   800  |  ll:   -519.043  |  21.91 eval/s  |  0.6 min  |  -Inf: 39
[15:23:17]  eval  1000  |  ll:   -516.664  |  22.02 eval/s  |  0.8 min  |  -Inf: 43
[15:23:26]  eval  1200  |  ll:   -494.788  |  22.17 eval/s  |  0.9 min  |  -Inf: 51
[15:23:35]  eval  1400  |  ll:   -502.699  |  22.29 eval/s  |  1.0 min  |  -Inf: 68
[15:23:43]  eval  1600  |  ll:   -516.916  |  22.46 eval/s  |  1.2 min  |  -Inf: 73
[15:23:51]  eval  1800  |  ll:       -Inf  |  22.60 eval/s  |  1.3 min  |  -Inf: 90
[15:24:00]  eval  2000  |  ll:   -481.456  |  22.70 eval/s  |  1.5 min  |  -Inf: 99
[15:24:09]  eval  2200  |  ll:   -581.389  |  22.61 eval/s  |  1.6 min  |  -Inf: 102
[15:24:18]  eval  2400  |  ll:   -502.328  |  22.53 eval/s  |  1.8 min  |  -Inf: 111
[15:24:28]  eval  2600  |  ll:   -489.519  |  22.45 eval/s  |  1.9 min  |  -Inf: 124
[15:24:36]  eval  2800  |  ll:   -508.245  |  22.47 eval/s  |  2.1 min  |  -Inf: 146
[15:24:45]  eval  3000  |  ll:   -484.534  |  22.51 eval/s  |  2.2 min  |  -Inf: 172
[15:24:54]  eval  3200  |  ll:   -491.288  |  22.46 eval/s  |  2.4 min  |  -Inf: 179
[15:25:03]  eval  3400  |  ll:   -497.793  |  22.48 eval/s  |  2.5 min  |  -Inf: 192
[15:25:12]  eval  3600  |  ll:   -505.237  |  22.47 eval/s  |  2.7 min  |  -Inf: 199
[15:25:21]  eval  3800  |  ll:   -877.099  |  22.51 eval/s  |  2.8 min  |  -Inf: 206
[15:25:29]  eval  4000  |  ll:   -489.925  |  22.51 eval/s  |  3.0 min  |  -Inf: 218
[15:25:38]  eval  4200  |  ll:   -498.580  |  22.50 eval/s  |  3.1 min  |  -Inf: 242
[15:25:48]  eval  4400  |  ll:   -498.891  |  22.47 eval/s  |  3.3 min  |  -Inf: 264
[15:25:57]  eval  4600  |  ll:   -495.530  |  22.46 eval/s  |  3.4 min  |  -Inf: 290
[15:26:06]  eval  4800  |  ll:   -609.542  |  22.43 eval/s  |  3.6 min  |  -Inf: 301
[15:26:15]  eval  5000  |  ll:   -489.162  |  22.38 eval/s  |  3.7 min  |  -Inf: 323
[15:26:24]  eval  5200  |  ll:       -Inf  |  22.37 eval/s  |  3.9 min  |  -Inf: 334
[15:26:33]  eval  5400  |  ll:   -508.654  |  22.36 eval/s  |  4.0 min  |  -Inf: 343
[15:26:42]  eval  5600  |  ll:   -491.065  |  22.39 eval/s  |  4.2 min  |  -Inf: 351
[15:26:51]  eval  5800  |  ll:       -Inf  |  22.40 eval/s  |  4.3 min  |  -Inf: 355
[15:26:59]  eval  6000  |  ll:   -507.938  |  22.43 eval/s  |  4.5 min  |  -Inf: 370
[15:27:08]  eval  6200  |  ll:   -488.703  |  22.46 eval/s  |  4.6 min  |  -Inf: 386
[15:27:16]  eval  6400  |  ll:   -492.537  |  22.49 eval/s  |  4.7 min  |  -Inf: 415
[15:27:25]  eval  6600  |  ll:   -719.614  |  22.49 eval/s  |  4.9 min  |  -Inf: 441
[15:27:34]  eval  6800  |  ll:   -492.369  |  22.49 eval/s  |  5.0 min  |  -Inf: 478
[15:27:43]  eval  7000  |  ll:   -506.260  |  22.49 eval/s  |  5.2 min  |  -Inf: 527
[15:27:52]  eval  7200  |  ll:       -Inf  |  22.48 eval/s  |  5.3 min  |  -Inf: 578
[15:28:01]  eval  7400  |  ll:       -Inf  |  22.45 eval/s  |  5.5 min  |  -Inf: 623
[15:28:11]  eval  7600  |  ll:   -490.751  |  22.41 eval/s  |  5.7 min  |  -Inf: 672
[15:28:20]  eval  7800  |  ll:   -528.285  |  22.40 eval/s  |  5.8 min  |  -Inf: 726
[15:28:30]  eval  8000  |  ll:       -Inf  |  22.34 eval/s  |  6.0 min  |  -Inf: 786
[15:28:39]  eval  8200  |  ll:   -520.075  |  22.33 eval/s  |  6.1 min  |  -Inf: 828
[15:28:49]  eval  8400  |  ll:   -504.815  |  22.30 eval/s  |  6.3 min  |  -Inf: 876
[15:28:58]  eval  8600  |  ll:   -488.222  |  22.27 eval/s  |  6.4 min  |  -Inf: 930
[15:29:08]  eval  8800  |  ll:   -503.364  |  22.24 eval/s  |  6.6 min  |  -Inf: 980
[15:29:17]  eval  9000  |  ll:   -496.053  |  22.23 eval/s  |  6.7 min  |  -Inf: 1029
[15:29:26]  eval  9200  |  ll:   -488.232  |  22.19 eval/s  |  6.9 min  |  -Inf: 1080
[15:29:36]  eval  9400  |  ll:   -499.556  |  22.16 eval/s  |  7.1 min  |  -Inf: 1138
[15:29:46]  eval  9600  |  ll:  -1092.650  |  22.13 eval/s  |  7.2 min  |  -Inf: 1189
[15:29:55]  eval  9800  |  ll:   -567.510  |  22.12 eval/s  |  7.4 min  |  -Inf: 1241
[15:30:04]  eval 10000  |  ll:       -Inf  |  22.10 eval/s  |  7.5 min  |  -Inf: 1285

Chain 4 finished: 2026-05-05 15:30:04.786047  (7.5 min)
Total evaluations: 10002  |  -Inf rejects: 1286 (12.86%)
