==========================================================
  Yasso20  Chain 3 / 4
  Run ID:  20260505_153030
  Started: 2026-05-05 15:51:47.340115
  Plots:   40 | Iter: 10000 | Cores: 11
==========================================================

Initial ll at best_x: -570.244

[15:51:58]  eval   200  |  ll:   -535.650  |  18.81 eval/s  |  0.2 min  |  -Inf: 1
[15:52:09]  eval   400  |  ll:   -613.439  |  18.11 eval/s  |  0.4 min  |  -Inf: 8
[15:52:20]  eval   600  |  ll:   -517.964  |  17.94 eval/s  |  0.6 min  |  -Inf: 45
[15:52:32]  eval   800  |  ll:   -517.062  |  17.80 eval/s  |  0.7 min  |  -Inf: 74
[15:52:43]  eval  1000  |  ll:   -516.909  |  17.87 eval/s  |  0.9 min  |  -Inf: 130
[15:52:54]  eval  1200  |  ll:       -Inf  |  17.93 eval/s  |  1.1 min  |  -Inf: 190
[15:53:05]  eval  1400  |  ll:   -538.786  |  18.00 eval/s  |  1.3 min  |  -Inf: 253
[15:53:16]  eval  1600  |  ll:       -Inf  |  18.04 eval/s  |  1.5 min  |  -Inf: 329
[15:53:26]  eval  1800  |  ll:       -Inf  |  18.09 eval/s  |  1.7 min  |  -Inf: 411
[15:53:37]  eval  2000  |  ll:   -595.078  |  18.19 eval/s  |  1.8 min  |  -Inf: 507
[15:53:48]  eval  2200  |  ll:   -564.136  |  18.16 eval/s  |  2.0 min  |  -Inf: 602
[15:53:59]  eval  2400  |  ll:       -Inf  |  18.14 eval/s  |  2.2 min  |  -Inf: 691
[15:54:11]  eval  2600  |  ll:   -576.911  |  18.07 eval/s  |  2.4 min  |  -Inf: 781
[15:54:22]  eval  2800  |  ll:   -523.877  |  18.04 eval/s  |  2.6 min  |  -Inf: 871
[15:54:33]  eval  3000  |  ll:   -576.913  |  18.10 eval/s  |  2.8 min  |  -Inf: 949
[15:54:44]  eval  3200  |  ll:       -Inf  |  18.12 eval/s  |  2.9 min  |  -Inf: 1026
[15:54:54]  eval  3400  |  ll:   -524.282  |  18.16 eval/s  |  3.1 min  |  -Inf: 1090
[15:55:05]  eval  3600  |  ll:   -525.092  |  18.18 eval/s  |  3.3 min  |  -Inf: 1163
[15:55:16]  eval  3800  |  ll:   -540.285  |  18.19 eval/s  |  3.5 min  |  -Inf: 1230
[15:55:26]  eval  4000  |  ll:   -572.408  |  18.24 eval/s  |  3.7 min  |  -Inf: 1298
[15:55:38]  eval  4200  |  ll:   -531.620  |  18.19 eval/s  |  3.8 min  |  -Inf: 1370
[15:55:49]  eval  4400  |  ll:       -Inf  |  18.15 eval/s  |  4.0 min  |  -Inf: 1432
[15:56:00]  eval  4600  |  ll:   -520.175  |  18.15 eval/s  |  4.2 min  |  -Inf: 1492
[15:56:11]  eval  4800  |  ll:   -499.661  |  18.18 eval/s  |  4.4 min  |  -Inf: 1550
[15:56:22]  eval  5000  |  ll:       -Inf  |  18.16 eval/s  |  4.6 min  |  -Inf: 1622
[15:56:34]  eval  5200  |  ll:   -533.239  |  18.15 eval/s  |  4.8 min  |  -Inf: 1679
[15:56:44]  eval  5400  |  ll:   -525.605  |  18.15 eval/s  |  5.0 min  |  -Inf: 1736
[15:56:55]  eval  5600  |  ll:       -Inf  |  18.19 eval/s  |  5.1 min  |  -Inf: 1805
[15:57:05]  eval  5800  |  ll:   -518.849  |  18.24 eval/s  |  5.3 min  |  -Inf: 1865
[15:57:16]  eval  6000  |  ll:  -1469.796  |  18.24 eval/s  |  5.5 min  |  -Inf: 1935
[15:57:27]  eval  6200  |  ll:       -Inf  |  18.23 eval/s  |  5.7 min  |  -Inf: 2002
[15:57:39]  eval  6400  |  ll:   -516.387  |  18.19 eval/s  |  5.9 min  |  -Inf: 2064
[15:57:50]  eval  6600  |  ll:   -500.068  |  18.17 eval/s  |  6.1 min  |  -Inf: 2129
[15:58:01]  eval  6800  |  ll:   -521.377  |  18.17 eval/s  |  6.2 min  |  -Inf: 2190
[15:58:12]  eval  7000  |  ll:       -Inf  |  18.16 eval/s  |  6.4 min  |  -Inf: 2237
[15:58:24]  eval  7200  |  ll:       -Inf  |  18.15 eval/s  |  6.6 min  |  -Inf: 2282
[15:58:35]  eval  7400  |  ll:       -Inf  |  18.11 eval/s  |  6.8 min  |  -Inf: 2350
[15:58:46]  eval  7600  |  ll:       -Inf  |  18.12 eval/s  |  7.0 min  |  -Inf: 2426
[15:58:58]  eval  7800  |  ll:   -551.381  |  18.11 eval/s  |  7.2 min  |  -Inf: 2484
[15:59:09]  eval  8000  |  ll:       -Inf  |  18.09 eval/s  |  7.4 min  |  -Inf: 2540
[15:59:21]  eval  8200  |  ll:       -Inf  |  18.07 eval/s  |  7.6 min  |  -Inf: 2618
[15:59:33]  eval  8400  |  ll:   -521.359  |  18.04 eval/s  |  7.8 min  |  -Inf: 2698
[15:59:44]  eval  8600  |  ll:   -500.882  |  18.04 eval/s  |  7.9 min  |  -Inf: 2781
[15:59:55]  eval  8800  |  ll:       -Inf  |  18.02 eval/s  |  8.1 min  |  -Inf: 2870
[16:00:07]  eval  9000  |  ll:   -539.386  |  17.99 eval/s  |  8.3 min  |  -Inf: 2961
[16:00:19]  eval  9200  |  ll:   -544.576  |  17.97 eval/s  |  8.5 min  |  -Inf: 3049
[16:00:32]  eval  9400  |  ll:   -529.240  |  17.91 eval/s  |  8.7 min  |  -Inf: 3124
[16:00:43]  eval  9600  |  ll:   -514.264  |  17.90 eval/s  |  8.9 min  |  -Inf: 3219
[16:00:56]  eval  9800  |  ll:       -Inf  |  17.85 eval/s  |  9.1 min  |  -Inf: 3305
[16:01:08]  eval 10000  |  ll:       -Inf  |  17.82 eval/s  |  9.4 min  |  -Inf: 3403

Chain 3 finished: 2026-05-05 16:01:08.684616  (9.4 min)
Total evaluations: 10002  |  -Inf rejects: 3403 (34.02%)
