==========================================================
  Yasso07  Chain 2 / 4
  Run ID:  20260505_142137
  Started: 2026-05-05 14:32:07.513508
  Plots:   40 | Iter: 10000 | Cores: 11
==========================================================

Initial ll at best_x: -536.736

[14:32:18]  eval   200  |  ll:   -558.335  |  18.13 eval/s  |  0.2 min  |  -Inf: 2
[14:32:29]  eval   400  |  ll:   -533.213  |  18.05 eval/s  |  0.4 min  |  -Inf: 7
[14:32:40]  eval   600  |  ll:   -533.423  |  18.20 eval/s  |  0.5 min  |  -Inf: 13
[14:32:50]  eval   800  |  ll:   -524.105  |  18.43 eval/s  |  0.7 min  |  -Inf: 19
[14:33:01]  eval  1000  |  ll:   -523.312  |  18.52 eval/s  |  0.9 min  |  -Inf: 28
[14:33:12]  eval  1200  |  ll:       -Inf  |  18.62 eval/s  |  1.1 min  |  -Inf: 42
[14:33:22]  eval  1400  |  ll:   -535.861  |  18.70 eval/s  |  1.2 min  |  -Inf: 44
[14:33:32]  eval  1600  |  ll:   -513.230  |  18.78 eval/s  |  1.4 min  |  -Inf: 45
[14:33:42]  eval  1800  |  ll:   -540.010  |  18.87 eval/s  |  1.6 min  |  -Inf: 52
[14:33:53]  eval  2000  |  ll:   -508.194  |  18.92 eval/s  |  1.8 min  |  -Inf: 55
[14:34:03]  eval  2200  |  ll:       -Inf  |  18.93 eval/s  |  1.9 min  |  -Inf: 66
[14:34:14]  eval  2400  |  ll:   -527.133  |  18.97 eval/s  |  2.1 min  |  -Inf: 73
[14:34:24]  eval  2600  |  ll:   -542.675  |  19.01 eval/s  |  2.3 min  |  -Inf: 76
[14:34:34]  eval  2800  |  ll:  -3160.050  |  19.01 eval/s  |  2.5 min  |  -Inf: 93
[14:34:45]  eval  3000  |  ll:   -513.284  |  19.05 eval/s  |  2.6 min  |  -Inf: 109
[14:34:55]  eval  3200  |  ll:   -510.844  |  19.07 eval/s  |  2.8 min  |  -Inf: 118
[14:35:05]  eval  3400  |  ll:   -504.100  |  19.08 eval/s  |  3.0 min  |  -Inf: 134
[14:35:16]  eval  3600  |  ll:   -517.098  |  19.09 eval/s  |  3.1 min  |  -Inf: 141
[14:35:26]  eval  3800  |  ll:   -542.023  |  19.10 eval/s  |  3.3 min  |  -Inf: 150
[14:35:37]  eval  4000  |  ll:   -505.286  |  19.10 eval/s  |  3.5 min  |  -Inf: 155
[14:35:47]  eval  4200  |  ll:   -511.626  |  19.11 eval/s  |  3.7 min  |  -Inf: 171
[14:35:58]  eval  4400  |  ll:   -511.637  |  19.09 eval/s  |  3.8 min  |  -Inf: 183
[14:36:08]  eval  4600  |  ll:   -587.509  |  19.08 eval/s  |  4.0 min  |  -Inf: 203
[14:36:19]  eval  4800  |  ll:   -519.670  |  19.07 eval/s  |  4.2 min  |  -Inf: 206
[14:36:29]  eval  5000  |  ll:   -538.893  |  19.10 eval/s  |  4.4 min  |  -Inf: 218
[14:36:39]  eval  5200  |  ll:   -502.905  |  19.16 eval/s  |  4.5 min  |  -Inf: 222
[14:36:48]  eval  5400  |  ll:   -500.502  |  19.20 eval/s  |  4.7 min  |  -Inf: 226
[14:36:59]  eval  5600  |  ll:   -514.087  |  19.21 eval/s  |  4.9 min  |  -Inf: 232
[14:37:09]  eval  5800  |  ll:   -512.046  |  19.23 eval/s  |  5.0 min  |  -Inf: 247
[14:37:19]  eval  6000  |  ll:   -506.170  |  19.23 eval/s  |  5.2 min  |  -Inf: 249
[14:37:30]  eval  6200  |  ll:   -510.454  |  19.21 eval/s  |  5.4 min  |  -Inf: 259
[14:37:40]  eval  6400  |  ll:   -518.939  |  19.20 eval/s  |  5.6 min  |  -Inf: 263
[14:37:51]  eval  6600  |  ll:   -498.202  |  19.19 eval/s  |  5.7 min  |  -Inf: 267
[14:38:02]  eval  6800  |  ll:   -504.543  |  19.18 eval/s  |  5.9 min  |  -Inf: 271
[14:38:13]  eval  7000  |  ll:   -494.525  |  19.13 eval/s  |  6.1 min  |  -Inf: 273
[14:38:23]  eval  7200  |  ll:   -641.707  |  19.14 eval/s  |  6.3 min  |  -Inf: 277
[14:38:33]  eval  7400  |  ll:   -517.808  |  19.15 eval/s  |  6.4 min  |  -Inf: 292
[14:38:44]  eval  7600  |  ll:   -515.764  |  19.16 eval/s  |  6.6 min  |  -Inf: 298
[14:38:54]  eval  7800  |  ll:   -552.201  |  19.17 eval/s  |  6.8 min  |  -Inf: 301
[14:39:04]  eval  8000  |  ll:   -501.828  |  19.17 eval/s  |  7.0 min  |  -Inf: 303
[14:39:15]  eval  8200  |  ll:       -Inf  |  19.18 eval/s  |  7.1 min  |  -Inf: 308
[14:39:25]  eval  8400  |  ll:   -504.012  |  19.19 eval/s  |  7.3 min  |  -Inf: 311
[14:39:35]  eval  8600  |  ll:   -680.993  |  19.18 eval/s  |  7.5 min  |  -Inf: 312
[14:39:46]  eval  8800  |  ll:   -504.514  |  19.17 eval/s  |  7.6 min  |  -Inf: 316
[14:39:57]  eval  9000  |  ll:   -504.205  |  19.16 eval/s  |  7.8 min  |  -Inf: 327
[14:40:06]  eval  9200  |  ll:   -535.120  |  19.21 eval/s  |  8.0 min  |  -Inf: 335
[14:40:16]  eval  9400  |  ll:   -545.517  |  19.23 eval/s  |  8.1 min  |  -Inf: 345
[14:40:26]  eval  9600  |  ll:   -501.399  |  19.26 eval/s  |  8.3 min  |  -Inf: 350
[14:40:35]  eval  9800  |  ll:   -515.127  |  19.28 eval/s  |  8.5 min  |  -Inf: 356
[14:40:45]  eval 10000  |  ll:   -548.856  |  19.30 eval/s  |  8.6 min  |  -Inf: 360

Chain 2 finished: 2026-05-05 14:40:45.712946  (8.6 min)
Total evaluations: 10002  |  -Inf rejects: 360 (3.60%)
