==========================================================
  Yasso07  Chain 4 / 4
  Run ID:  20260504_112723
  Started: 2026-05-04 11:51:42.38481
  Plots:   40 | Iter: 10000 | Cores: 11
==========================================================

Initial ll at best_x: -520.845

[11:51:51]  eval   200  |  ll:   -521.739  |  22.30 eval/s  |  0.1 min  |  -Inf: 14
[11:52:00]  eval   400  |  ll:   -522.014  |  22.19 eval/s  |  0.3 min  |  -Inf: 16
[11:52:09]  eval   600  |  ll:   -522.360  |  22.40 eval/s  |  0.4 min  |  -Inf: 21
[11:52:17]  eval   800  |  ll:   -517.894  |  22.55 eval/s  |  0.6 min  |  -Inf: 36
[11:52:26]  eval  1000  |  ll:   -519.131  |  22.61 eval/s  |  0.7 min  |  -Inf: 44
[11:52:35]  eval  1200  |  ll:   -522.139  |  22.75 eval/s  |  0.9 min  |  -Inf: 54
[11:52:44]  eval  1400  |  ll:   -519.096  |  22.74 eval/s  |  1.0 min  |  -Inf: 71
[11:52:52]  eval  1600  |  ll:   -525.557  |  22.71 eval/s  |  1.2 min  |  -Inf: 81
[11:53:01]  eval  1800  |  ll:   -518.572  |  22.72 eval/s  |  1.3 min  |  -Inf: 105
[11:53:10]  eval  2000  |  ll:   -508.721  |  22.73 eval/s  |  1.5 min  |  -Inf: 125
[11:53:19]  eval  2200  |  ll:   -516.656  |  22.75 eval/s  |  1.6 min  |  -Inf: 151
[11:53:27]  eval  2400  |  ll:   -516.088  |  22.76 eval/s  |  1.8 min  |  -Inf: 163
[11:53:36]  eval  2600  |  ll:   -813.435  |  22.79 eval/s  |  1.9 min  |  -Inf: 168
[11:53:45]  eval  2800  |  ll:   -522.843  |  22.83 eval/s  |  2.0 min  |  -Inf: 169
[11:53:53]  eval  3000  |  ll:   -756.801  |  22.85 eval/s  |  2.2 min  |  -Inf: 174
[11:54:02]  eval  3200  |  ll:   -504.731  |  22.86 eval/s  |  2.3 min  |  -Inf: 186
[11:54:10]  eval  3400  |  ll:   -561.349  |  22.90 eval/s  |  2.5 min  |  -Inf: 201
[11:54:19]  eval  3600  |  ll:   -507.301  |  22.93 eval/s  |  2.6 min  |  -Inf: 230
[11:54:28]  eval  3800  |  ll:   -841.175  |  22.89 eval/s  |  2.8 min  |  -Inf: 238
[11:54:36]  eval  4000  |  ll:   -624.948  |  22.95 eval/s  |  2.9 min  |  -Inf: 246
[11:54:45]  eval  4200  |  ll:   -505.520  |  22.99 eval/s  |  3.0 min  |  -Inf: 262
[11:54:53]  eval  4400  |  ll:   -506.130  |  23.02 eval/s  |  3.2 min  |  -Inf: 287
[11:55:02]  eval  4600  |  ll:   -511.888  |  23.04 eval/s  |  3.3 min  |  -Inf: 293
[11:55:10]  eval  4800  |  ll:   -499.207  |  23.02 eval/s  |  3.5 min  |  -Inf: 298
[11:55:19]  eval  5000  |  ll:   -653.299  |  23.08 eval/s  |  3.6 min  |  -Inf: 323
[11:55:27]  eval  5200  |  ll:   -502.678  |  23.10 eval/s  |  3.8 min  |  -Inf: 340
[11:55:36]  eval  5400  |  ll:   -497.375  |  23.10 eval/s  |  3.9 min  |  -Inf: 367
[11:55:44]  eval  5600  |  ll:   -510.303  |  23.13 eval/s  |  4.0 min  |  -Inf: 380
[11:55:52]  eval  5800  |  ll:       -Inf  |  23.16 eval/s  |  4.2 min  |  -Inf: 397
[11:56:01]  eval  6000  |  ll:   -513.418  |  23.18 eval/s  |  4.3 min  |  -Inf: 422
[11:56:09]  eval  6200  |  ll:   -508.601  |  23.18 eval/s  |  4.5 min  |  -Inf: 428
[11:56:18]  eval  6400  |  ll:   -691.953  |  23.20 eval/s  |  4.6 min  |  -Inf: 435
[11:56:26]  eval  6600  |  ll:   -530.144  |  23.22 eval/s  |  4.7 min  |  -Inf: 446
[11:56:35]  eval  6800  |  ll:   -513.518  |  23.24 eval/s  |  4.9 min  |  -Inf: 478
[11:56:43]  eval  7000  |  ll:   -491.213  |  23.26 eval/s  |  5.0 min  |  -Inf: 514
[11:56:51]  eval  7200  |  ll:   -497.542  |  23.26 eval/s  |  5.2 min  |  -Inf: 527
[11:57:01]  eval  7400  |  ll:   -511.876  |  23.18 eval/s  |  5.3 min  |  -Inf: 535
[11:57:11]  eval  7600  |  ll:   -532.114  |  23.13 eval/s  |  5.5 min  |  -Inf: 538
[11:57:20]  eval  7800  |  ll:   -496.538  |  23.09 eval/s  |  5.6 min  |  -Inf: 550
[11:57:28]  eval  8000  |  ll:   -515.034  |  23.09 eval/s  |  5.8 min  |  -Inf: 556
[11:57:37]  eval  8200  |  ll:   -497.883  |  23.07 eval/s  |  5.9 min  |  -Inf: 578
[11:57:46]  eval  8400  |  ll:   -496.864  |  23.05 eval/s  |  6.1 min  |  -Inf: 584
[11:57:56]  eval  8600  |  ll:   -724.767  |  23.01 eval/s  |  6.2 min  |  -Inf: 594
[11:58:05]  eval  8800  |  ll:   -563.636  |  22.97 eval/s  |  6.4 min  |  -Inf: 604
[11:58:14]  eval  9000  |  ll:   -498.760  |  22.93 eval/s  |  6.5 min  |  -Inf: 626
[11:58:24]  eval  9200  |  ll:   -494.897  |  22.88 eval/s  |  6.7 min  |  -Inf: 647
[11:58:33]  eval  9400  |  ll:   -497.983  |  22.85 eval/s  |  6.9 min  |  -Inf: 665
[11:58:43]  eval  9600  |  ll:   -552.481  |  22.82 eval/s  |  7.0 min  |  -Inf: 682
[11:58:52]  eval  9800  |  ll:   -516.379  |  22.80 eval/s  |  7.2 min  |  -Inf: 697
[11:59:01]  eval 10000  |  ll:   -523.759  |  22.76 eval/s  |  7.3 min  |  -Inf: 713

Chain 4 finished: 2026-05-04 11:59:01.934836  (7.3 min)
Total evaluations: 10002  |  -Inf rejects: 713 (7.13%)
