==========================================================
  Yasso07  Chain 2 / 4
  Run ID:  20260504_112723
  Started: 2026-05-04 11:36:49.102771
  Plots:   40 | Iter: 10000 | Cores: 11
==========================================================

Initial ll at best_x: -520.845

[11:36:59]  eval   200  |  ll:   -566.766  |  19.64 eval/s  |  0.2 min  |  -Inf: 2
[11:37:09]  eval   400  |  ll:   -521.673  |  19.55 eval/s  |  0.3 min  |  -Inf: 7
[11:37:19]  eval   600  |  ll:   -517.208  |  19.63 eval/s  |  0.5 min  |  -Inf: 11
[11:37:29]  eval   800  |  ll:   -516.518  |  19.60 eval/s  |  0.7 min  |  -Inf: 27
[11:37:40]  eval  1000  |  ll:   -530.072  |  19.53 eval/s  |  0.9 min  |  -Inf: 43
[11:37:50]  eval  1200  |  ll:       -Inf  |  19.59 eval/s  |  1.0 min  |  -Inf: 59
[11:38:00]  eval  1400  |  ll:   -511.701  |  19.53 eval/s  |  1.2 min  |  -Inf: 71
[11:38:11]  eval  1600  |  ll:   -509.013  |  19.41 eval/s  |  1.4 min  |  -Inf: 76
[11:38:22]  eval  1800  |  ll:   -514.206  |  19.36 eval/s  |  1.5 min  |  -Inf: 95
[11:38:32]  eval  2000  |  ll:       -Inf  |  19.32 eval/s  |  1.7 min  |  -Inf: 113
[11:38:43]  eval  2200  |  ll:   -510.935  |  19.30 eval/s  |  1.9 min  |  -Inf: 129
[11:38:53]  eval  2400  |  ll:   -502.742  |  19.28 eval/s  |  2.1 min  |  -Inf: 161
[11:39:03]  eval  2600  |  ll:   -539.941  |  19.29 eval/s  |  2.2 min  |  -Inf: 171
[11:39:16]  eval  2800  |  ll:  -2906.803  |  19.02 eval/s  |  2.5 min  |  -Inf: 173
[11:39:24]  eval  3000  |  ll:   -506.441  |  19.30 eval/s  |  2.6 min  |  -Inf: 180
[11:39:33]  eval  3200  |  ll:   -506.451  |  19.50 eval/s  |  2.7 min  |  -Inf: 195
[11:39:41]  eval  3400  |  ll:   -500.389  |  19.68 eval/s  |  2.9 min  |  -Inf: 203
[11:39:50]  eval  3600  |  ll:   -506.304  |  19.85 eval/s  |  3.0 min  |  -Inf: 229
[11:39:59]  eval  3800  |  ll:   -523.356  |  20.01 eval/s  |  3.2 min  |  -Inf: 242
[11:40:07]  eval  4000  |  ll:   -512.798  |  20.18 eval/s  |  3.3 min  |  -Inf: 257
[11:40:15]  eval  4200  |  ll:   -497.562  |  20.31 eval/s  |  3.4 min  |  -Inf: 268
[11:40:24]  eval  4400  |  ll:   -505.099  |  20.45 eval/s  |  3.6 min  |  -Inf: 277
[11:40:32]  eval  4600  |  ll:   -495.811  |  20.61 eval/s  |  3.7 min  |  -Inf: 305
[11:40:40]  eval  4800  |  ll:   -510.002  |  20.74 eval/s  |  3.9 min  |  -Inf: 322
[11:40:49]  eval  5000  |  ll:   -502.343  |  20.85 eval/s  |  4.0 min  |  -Inf: 328
[11:40:57]  eval  5200  |  ll:   -519.895  |  20.91 eval/s  |  4.1 min  |  -Inf: 336
[11:41:06]  eval  5400  |  ll:   -516.599  |  20.98 eval/s  |  4.3 min  |  -Inf: 345
[11:41:14]  eval  5600  |  ll:   -501.542  |  21.07 eval/s  |  4.4 min  |  -Inf: 352
[11:41:23]  eval  5800  |  ll:   -525.469  |  21.13 eval/s  |  4.6 min  |  -Inf: 360
[11:41:32]  eval  6000  |  ll:   -541.385  |  21.17 eval/s  |  4.7 min  |  -Inf: 373
[11:41:41]  eval  6200  |  ll:   -503.685  |  21.23 eval/s  |  4.9 min  |  -Inf: 389
[11:41:49]  eval  6400  |  ll:   -503.516  |  21.28 eval/s  |  5.0 min  |  -Inf: 407
[11:41:58]  eval  6600  |  ll:   -555.023  |  21.33 eval/s  |  5.2 min  |  -Inf: 425
[11:42:07]  eval  6800  |  ll:       -Inf  |  21.38 eval/s  |  5.3 min  |  -Inf: 450
[11:42:15]  eval  7000  |  ll:       -Inf  |  21.45 eval/s  |  5.4 min  |  -Inf: 472
[11:42:24]  eval  7200  |  ll:   -523.768  |  21.50 eval/s  |  5.6 min  |  -Inf: 503
[11:42:32]  eval  7400  |  ll:   -537.730  |  21.54 eval/s  |  5.7 min  |  -Inf: 517
[11:42:41]  eval  7600  |  ll:   -506.044  |  21.59 eval/s  |  5.9 min  |  -Inf: 543
[11:42:49]  eval  7800  |  ll:   -496.673  |  21.62 eval/s  |  6.0 min  |  -Inf: 584
[11:42:58]  eval  8000  |  ll:   -494.733  |  21.66 eval/s  |  6.2 min  |  -Inf: 613
[11:43:07]  eval  8200  |  ll:   -851.788  |  21.67 eval/s  |  6.3 min  |  -Inf: 660
[11:43:16]  eval  8400  |  ll:   -498.112  |  21.69 eval/s  |  6.5 min  |  -Inf: 687
[11:43:25]  eval  8600  |  ll:   -673.773  |  21.72 eval/s  |  6.6 min  |  -Inf: 691
[11:43:33]  eval  8800  |  ll:   -497.941  |  21.76 eval/s  |  6.7 min  |  -Inf: 697
[11:43:42]  eval  9000  |  ll:   -563.126  |  21.80 eval/s  |  6.9 min  |  -Inf: 719
[11:43:50]  eval  9200  |  ll:   -540.561  |  21.84 eval/s  |  7.0 min  |  -Inf: 722
[11:43:59]  eval  9400  |  ll:   -521.157  |  21.86 eval/s  |  7.2 min  |  -Inf: 734
[11:44:07]  eval  9600  |  ll:   -517.915  |  21.89 eval/s  |  7.3 min  |  -Inf: 745
[11:44:15]  eval  9800  |  ll:   -506.242  |  21.94 eval/s  |  7.4 min  |  -Inf: 774
[11:44:24]  eval 10000  |  ll:   -530.637  |  21.95 eval/s  |  7.6 min  |  -Inf: 803

Chain 2 finished: 2026-05-04 11:44:24.744349  (7.6 min)
Total evaluations: 10002  |  -Inf rejects: 803 (8.03%)
