==========================================================
  Yasso15  Chain 3 / 4
  Run ID:  20260507_094151
  Started: 2026-05-07 11:16:05.652574
  Plots:   350 | Iter: 10000 | Cores: 39
==========================================================

Initial ll at best_x: -4756.194

[11:17:08]  eval   200  |  ll:  -4076.338  |  3.19 eval/s  |  1.0 min  |  -Inf: 0
[11:18:09]  eval   400  |  ll:  -4030.316  |  3.24 eval/s  |  2.1 min  |  -Inf: 0
[11:19:10]  eval   600  |  ll:  -4107.829  |  3.25 eval/s  |  3.1 min  |  -Inf: 0
[11:20:11]  eval   800  |  ll:  -4032.717  |  3.25 eval/s  |  4.1 min  |  -Inf: 0
[11:21:13]  eval  1000  |  ll:  -4035.112  |  3.25 eval/s  |  5.1 min  |  -Inf: 0
[11:22:15]  eval  1200  |  ll:  -4628.544  |  3.25 eval/s  |  6.2 min  |  -Inf: 0
[11:23:16]  eval  1400  |  ll:  -4073.713  |  3.25 eval/s  |  7.2 min  |  -Inf: 0
[11:24:17]  eval  1600  |  ll:  -4018.010  |  3.26 eval/s  |  8.2 min  |  -Inf: 1
[11:25:19]  eval  1800  |  ll:  -4021.030  |  3.25 eval/s  |  9.2 min  |  -Inf: 3
[11:26:20]  eval  2000  |  ll:  -4025.876  |  3.26 eval/s  |  10.2 min  |  -Inf: 8
[11:27:19]  eval  2200  |  ll:       -Inf  |  3.27 eval/s  |  11.2 min  |  -Inf: 27
[11:28:18]  eval  2400  |  ll:  -4078.716  |  3.28 eval/s  |  12.2 min  |  -Inf: 45
[11:29:17]  eval  2600  |  ll:  -4022.731  |  3.28 eval/s  |  13.2 min  |  -Inf: 68
[11:30:15]  eval  2800  |  ll:  -6115.370  |  3.29 eval/s  |  14.2 min  |  -Inf: 105
[11:31:15]  eval  3000  |  ll:       -Inf  |  3.30 eval/s  |  15.2 min  |  -Inf: 152
[11:32:09]  eval  3200  |  ll:       -Inf  |  3.32 eval/s  |  16.1 min  |  -Inf: 217
[11:33:05]  eval  3400  |  ll:  -4153.613  |  3.34 eval/s  |  17.0 min  |  -Inf: 262
[11:33:59]  eval  3600  |  ll: -37923655583446.883  |  3.35 eval/s  |  17.9 min  |  -Inf: 327
[11:34:54]  eval  3800  |  ll:  -3977.218  |  3.37 eval/s  |  18.8 min  |  -Inf: 392
[11:35:47]  eval  4000  |  ll:  -3984.553  |  3.39 eval/s  |  19.7 min  |  -Inf: 468
[11:36:42]  eval  4200  |  ll:  -4097.916  |  3.40 eval/s  |  20.6 min  |  -Inf: 527
[11:37:37]  eval  4400  |  ll:       -Inf  |  3.41 eval/s  |  21.5 min  |  -Inf: 593
[11:38:32]  eval  4600  |  ll:       -Inf  |  3.42 eval/s  |  22.4 min  |  -Inf: 650
[11:39:26]  eval  4800  |  ll:       -Inf  |  3.43 eval/s  |  23.3 min  |  -Inf: 715
[11:40:21]  eval  5000  |  ll:  -4145.642  |  3.43 eval/s  |  24.3 min  |  -Inf: 768
[11:41:16]  eval  5200  |  ll:       -Inf  |  3.44 eval/s  |  25.2 min  |  -Inf: 831
[11:42:12]  eval  5400  |  ll:  -4042.820  |  3.45 eval/s  |  26.1 min  |  -Inf: 896
[11:43:07]  eval  5600  |  ll:  -3935.131  |  3.45 eval/s  |  27.0 min  |  -Inf: 956
[11:44:01]  eval  5800  |  ll:       -Inf  |  3.46 eval/s  |  27.9 min  |  -Inf: 1021
[11:44:56]  eval  6000  |  ll:  -4769.686  |  3.47 eval/s  |  28.8 min  |  -Inf: 1084
[11:45:49]  eval  6200  |  ll:       -Inf  |  3.48 eval/s  |  29.7 min  |  -Inf: 1171
[11:46:43]  eval  6400  |  ll:  -4066.087  |  3.48 eval/s  |  30.6 min  |  -Inf: 1231
[11:47:38]  eval  6600  |  ll:  -3922.576  |  3.49 eval/s  |  31.5 min  |  -Inf: 1299
[11:48:32]  eval  6800  |  ll:       -Inf  |  3.49 eval/s  |  32.4 min  |  -Inf: 1372
[11:49:28]  eval  7000  |  ll:  -4231.331  |  3.50 eval/s  |  33.4 min  |  -Inf: 1425
[11:50:23]  eval  7200  |  ll:  -3910.314  |  3.50 eval/s  |  34.3 min  |  -Inf: 1488
[11:51:17]  eval  7400  |  ll:  -3946.210  |  3.50 eval/s  |  35.2 min  |  -Inf: 1563
[11:52:11]  eval  7600  |  ll:  -4055.831  |  3.51 eval/s  |  36.1 min  |  -Inf: 1626
[11:53:07]  eval  7800  |  ll:  -4052.237  |  3.51 eval/s  |  37.0 min  |  -Inf: 1687
[11:54:02]  eval  8000  |  ll:  -3921.605  |  3.51 eval/s  |  37.9 min  |  -Inf: 1756
[11:54:58]  eval  8200  |  ll:  -3901.834  |  3.52 eval/s  |  38.9 min  |  -Inf: 1809
[11:55:53]  eval  8400  |  ll:  -4173.524  |  3.52 eval/s  |  39.8 min  |  -Inf: 1864
[11:56:49]  eval  8600  |  ll:       -Inf  |  3.52 eval/s  |  40.7 min  |  -Inf: 1925
[11:57:47]  eval  8800  |  ll:  -3906.525  |  3.52 eval/s  |  41.7 min  |  -Inf: 1971
[11:58:46]  eval  9000  |  ll:  -6930.234  |  3.52 eval/s  |  42.7 min  |  -Inf: 1993
[11:59:46]  eval  9200  |  ll:  -3844.755  |  3.51 eval/s  |  43.7 min  |  -Inf: 2009
[12:00:47]  eval  9400  |  ll:  -3992.434  |  3.51 eval/s  |  44.7 min  |  -Inf: 2027
[12:01:48]  eval  9600  |  ll:  -3872.761  |  3.50 eval/s  |  45.7 min  |  -Inf: 2043
[12:02:50]  eval  9800  |  ll:  -4212.197  |  3.49 eval/s  |  46.7 min  |  -Inf: 2051
[12:03:52]  eval 10000  |  ll:  -3924.903  |  3.49 eval/s  |  47.8 min  |  -Inf: 2064

Chain 3 finished: 2026-05-07 12:03:53.043023  (47.8 min)
Total evaluations: 10002  |  -Inf rejects: 2064 (20.64%)
