==========================================================
  Yasso07  Chain 4 / 4
  Run ID:  20260505_142137
  Started: 2026-05-05 14:49:12.383921
  Plots:   40 | Iter: 10000 | Cores: 11
==========================================================

Initial ll at best_x: -536.736

[14:49:23]  eval   200  |  ll:   -539.634  |  18.30 eval/s  |  0.2 min  |  -Inf: 21
[14:49:34]  eval   400  |  ll:   -532.475  |  18.24 eval/s  |  0.4 min  |  -Inf: 25
[14:49:44]  eval   600  |  ll:   -521.935  |  18.47 eval/s  |  0.5 min  |  -Inf: 37
[14:49:55]  eval   800  |  ll:   -521.186  |  18.65 eval/s  |  0.7 min  |  -Inf: 46
[14:50:05]  eval  1000  |  ll:   -526.636  |  18.78 eval/s  |  0.9 min  |  -Inf: 59
[14:50:15]  eval  1200  |  ll:       -Inf  |  18.92 eval/s  |  1.1 min  |  -Inf: 88
[14:50:25]  eval  1400  |  ll:   -518.713  |  19.04 eval/s  |  1.2 min  |  -Inf: 110
[14:50:36]  eval  1600  |  ll:       -Inf  |  19.13 eval/s  |  1.4 min  |  -Inf: 124
[14:50:45]  eval  1800  |  ll:   -616.460  |  19.27 eval/s  |  1.6 min  |  -Inf: 136
[14:50:55]  eval  2000  |  ll:   -533.223  |  19.33 eval/s  |  1.7 min  |  -Inf: 150
[14:51:06]  eval  2200  |  ll:   -518.610  |  19.32 eval/s  |  1.9 min  |  -Inf: 161
[14:51:16]  eval  2400  |  ll:   -518.330  |  19.32 eval/s  |  2.1 min  |  -Inf: 178
[14:51:26]  eval  2600  |  ll:   -514.321  |  19.44 eval/s  |  2.2 min  |  -Inf: 179
[14:51:35]  eval  2800  |  ll:   -514.347  |  19.55 eval/s  |  2.4 min  |  -Inf: 190
[14:51:45]  eval  3000  |  ll:   -564.269  |  19.64 eval/s  |  2.5 min  |  -Inf: 197
[14:51:55]  eval  3200  |  ll:   -511.127  |  19.65 eval/s  |  2.7 min  |  -Inf: 204
[14:52:05]  eval  3400  |  ll:   -537.440  |  19.65 eval/s  |  2.9 min  |  -Inf: 211
[14:52:15]  eval  3600  |  ll:   -511.512  |  19.67 eval/s  |  3.0 min  |  -Inf: 231
[14:52:25]  eval  3800  |  ll:   -548.336  |  19.66 eval/s  |  3.2 min  |  -Inf: 241
[14:52:36]  eval  4000  |  ll:   -507.903  |  19.63 eval/s  |  3.4 min  |  -Inf: 257
[14:52:46]  eval  4200  |  ll:   -510.766  |  19.66 eval/s  |  3.6 min  |  -Inf: 259
[14:52:55]  eval  4400  |  ll:   -515.083  |  19.69 eval/s  |  3.7 min  |  -Inf: 267
[14:53:05]  eval  4600  |  ll:   -528.217  |  19.70 eval/s  |  3.9 min  |  -Inf: 269
[14:53:16]  eval  4800  |  ll:       -Inf  |  19.69 eval/s  |  4.1 min  |  -Inf: 275
[14:53:26]  eval  5000  |  ll:   -516.431  |  19.67 eval/s  |  4.2 min  |  -Inf: 290
[14:53:36]  eval  5200  |  ll:   -501.550  |  19.67 eval/s  |  4.4 min  |  -Inf: 296
[14:53:47]  eval  5400  |  ll:   -502.615  |  19.60 eval/s  |  4.6 min  |  -Inf: 297
[14:53:58]  eval  5600  |  ll:       -Inf  |  19.56 eval/s  |  4.8 min  |  -Inf: 303
[14:54:09]  eval  5800  |  ll:       -Inf  |  19.55 eval/s  |  4.9 min  |  -Inf: 311
[14:54:19]  eval  6000  |  ll:   -530.090  |  19.56 eval/s  |  5.1 min  |  -Inf: 322
[14:54:29]  eval  6200  |  ll:   -533.296  |  19.59 eval/s  |  5.3 min  |  -Inf: 334
[14:54:39]  eval  6400  |  ll:   -501.373  |  19.58 eval/s  |  5.4 min  |  -Inf: 344
[14:54:49]  eval  6600  |  ll:   -498.516  |  19.60 eval/s  |  5.6 min  |  -Inf: 351
[14:54:59]  eval  6800  |  ll:       -Inf  |  19.61 eval/s  |  5.8 min  |  -Inf: 382
[14:55:09]  eval  7000  |  ll:   -497.558  |  19.62 eval/s  |  5.9 min  |  -Inf: 411
[14:55:19]  eval  7200  |  ll:       -Inf  |  19.60 eval/s  |  6.1 min  |  -Inf: 438
[14:55:30]  eval  7400  |  ll:   -509.765  |  19.58 eval/s  |  6.3 min  |  -Inf: 451
[14:55:41]  eval  7600  |  ll:   -527.643  |  19.56 eval/s  |  6.5 min  |  -Inf: 476
[14:55:51]  eval  7800  |  ll:   -509.567  |  19.57 eval/s  |  6.6 min  |  -Inf: 490
[14:56:01]  eval  8000  |  ll:   -499.873  |  19.58 eval/s  |  6.8 min  |  -Inf: 502
[14:56:11]  eval  8200  |  ll:   -502.668  |  19.59 eval/s  |  7.0 min  |  -Inf: 506
[14:56:21]  eval  8400  |  ll:   -507.830  |  19.58 eval/s  |  7.1 min  |  -Inf: 515
[14:56:31]  eval  8600  |  ll:   -625.112  |  19.59 eval/s  |  7.3 min  |  -Inf: 528
[14:56:41]  eval  8800  |  ll:   -776.548  |  19.60 eval/s  |  7.5 min  |  -Inf: 535
[14:56:51]  eval  9000  |  ll:   -504.939  |  19.60 eval/s  |  7.7 min  |  -Inf: 541
[14:57:01]  eval  9200  |  ll:       -Inf  |  19.60 eval/s  |  7.8 min  |  -Inf: 559
[14:57:12]  eval  9400  |  ll:   -501.985  |  19.60 eval/s  |  8.0 min  |  -Inf: 577
[14:57:22]  eval  9600  |  ll:   -513.590  |  19.60 eval/s  |  8.2 min  |  -Inf: 585
[14:57:32]  eval  9800  |  ll:   -516.075  |  19.60 eval/s  |  8.3 min  |  -Inf: 592
[14:57:42]  eval 10000  |  ll:   -497.051  |  19.60 eval/s  |  8.5 min  |  -Inf: 593

Chain 4 finished: 2026-05-05 14:57:42.849037  (8.5 min)
Total evaluations: 10002  |  -Inf rejects: 593 (5.93%)
