==========================================================
  Yasso07  Chain 1 / 4
  Run ID:  20260505_142137
  Started: 2026-05-05 14:21:53.800529
  Plots:   40 | Iter: 10000 | Cores: 11
==========================================================

Initial ll at best_x: -536.736

[14:22:08]  eval   200  |  ll:   -529.452  |  13.88 eval/s  |  0.2 min  |  -Inf: 3
[14:22:22]  eval   400  |  ll:   -524.720  |  14.04 eval/s  |  0.5 min  |  -Inf: 7
[14:22:36]  eval   600  |  ll:   -543.186  |  14.10 eval/s  |  0.7 min  |  -Inf: 12
[14:22:50]  eval   800  |  ll:   -609.030  |  14.09 eval/s  |  0.9 min  |  -Inf: 19
[14:23:04]  eval  1000  |  ll:   -593.704  |  14.11 eval/s  |  1.2 min  |  -Inf: 21
[14:23:19]  eval  1200  |  ll:   -560.272  |  14.01 eval/s  |  1.4 min  |  -Inf: 27
[14:23:32]  eval  1400  |  ll:   -524.162  |  14.15 eval/s  |  1.6 min  |  -Inf: 30
[14:23:46]  eval  1600  |  ll:   -510.581  |  14.17 eval/s  |  1.9 min  |  -Inf: 36
[14:24:00]  eval  1800  |  ll:   -514.553  |  14.23 eval/s  |  2.1 min  |  -Inf: 53
[14:24:14]  eval  2000  |  ll:   -499.566  |  14.24 eval/s  |  2.3 min  |  -Inf: 66
[14:24:27]  eval  2200  |  ll:   -503.175  |  14.33 eval/s  |  2.6 min  |  -Inf: 90
[14:24:40]  eval  2400  |  ll:   -831.606  |  14.37 eval/s  |  2.8 min  |  -Inf: 99
[14:24:54]  eval  2600  |  ll:  -1856.307  |  14.41 eval/s  |  3.0 min  |  -Inf: 107
[14:25:07]  eval  2800  |  ll:   -509.542  |  14.44 eval/s  |  3.2 min  |  -Inf: 120
[14:25:20]  eval  3000  |  ll:   -502.997  |  14.52 eval/s  |  3.4 min  |  -Inf: 136
[14:25:33]  eval  3200  |  ll:   -523.750  |  14.57 eval/s  |  3.7 min  |  -Inf: 137
[14:25:46]  eval  3400  |  ll:   -503.334  |  14.60 eval/s  |  3.9 min  |  -Inf: 144
[14:25:59]  eval  3600  |  ll:       -Inf  |  14.63 eval/s  |  4.1 min  |  -Inf: 149
[14:26:12]  eval  3800  |  ll:   -503.159  |  14.67 eval/s  |  4.3 min  |  -Inf: 162
[14:26:25]  eval  4000  |  ll:   -497.727  |  14.72 eval/s  |  4.5 min  |  -Inf: 174
[14:26:38]  eval  4200  |  ll:   -504.696  |  14.77 eval/s  |  4.7 min  |  -Inf: 193
[14:26:50]  eval  4400  |  ll:   -496.188  |  14.83 eval/s  |  4.9 min  |  -Inf: 209
[14:27:03]  eval  4600  |  ll:   -508.025  |  14.87 eval/s  |  5.2 min  |  -Inf: 234
[14:27:16]  eval  4800  |  ll:   -497.309  |  14.90 eval/s  |  5.4 min  |  -Inf: 247
[14:27:29]  eval  5000  |  ll:   -513.740  |  14.91 eval/s  |  5.6 min  |  -Inf: 265
[14:27:42]  eval  5200  |  ll:   -498.758  |  14.91 eval/s  |  5.8 min  |  -Inf: 278
[14:27:55]  eval  5400  |  ll:   -516.664  |  14.94 eval/s  |  6.0 min  |  -Inf: 286
[14:28:07]  eval  5600  |  ll:   -500.447  |  14.99 eval/s  |  6.2 min  |  -Inf: 291
[14:28:19]  eval  5800  |  ll:   -506.783  |  15.04 eval/s  |  6.4 min  |  -Inf: 308
[14:28:31]  eval  6000  |  ll:   -514.953  |  15.09 eval/s  |  6.6 min  |  -Inf: 326
[14:28:42]  eval  6200  |  ll:   -492.492  |  15.17 eval/s  |  6.8 min  |  -Inf: 338
[14:28:53]  eval  6400  |  ll:   -517.765  |  15.24 eval/s  |  7.0 min  |  -Inf: 343
[14:29:05]  eval  6600  |  ll:   -499.134  |  15.28 eval/s  |  7.2 min  |  -Inf: 349
[14:29:16]  eval  6800  |  ll:   -502.233  |  15.37 eval/s  |  7.4 min  |  -Inf: 362
[14:29:26]  eval  7000  |  ll:   -521.492  |  15.47 eval/s  |  7.5 min  |  -Inf: 371
[14:29:37]  eval  7200  |  ll:   -506.439  |  15.53 eval/s  |  7.7 min  |  -Inf: 386
[14:29:48]  eval  7400  |  ll:   -493.368  |  15.58 eval/s  |  7.9 min  |  -Inf: 396
[14:29:59]  eval  7600  |  ll:   -497.118  |  15.65 eval/s  |  8.1 min  |  -Inf: 404
[14:30:10]  eval  7800  |  ll:   -501.399  |  15.70 eval/s  |  8.3 min  |  -Inf: 406
[14:30:20]  eval  8000  |  ll:   -485.895  |  15.78 eval/s  |  8.5 min  |  -Inf: 416
[14:30:31]  eval  8200  |  ll:   -507.396  |  15.84 eval/s  |  8.6 min  |  -Inf: 427
[14:30:41]  eval  8400  |  ll:   -562.352  |  15.91 eval/s  |  8.8 min  |  -Inf: 438
[14:30:52]  eval  8600  |  ll:   -508.672  |  15.97 eval/s  |  9.0 min  |  -Inf: 453
[14:31:02]  eval  8800  |  ll:   -528.196  |  16.03 eval/s  |  9.2 min  |  -Inf: 466
[14:31:14]  eval  9000  |  ll:   -501.964  |  16.07 eval/s  |  9.3 min  |  -Inf: 468
[14:31:25]  eval  9200  |  ll:   -504.478  |  16.11 eval/s  |  9.5 min  |  -Inf: 474
[14:31:35]  eval  9400  |  ll:   -503.765  |  16.15 eval/s  |  9.7 min  |  -Inf: 485
[14:31:46]  eval  9600  |  ll:       -Inf  |  16.21 eval/s  |  9.9 min  |  -Inf: 499
[14:31:56]  eval  9800  |  ll:   -490.063  |  16.25 eval/s  |  10.0 min  |  -Inf: 511
[14:32:07]  eval 10000  |  ll:   -545.314  |  16.30 eval/s  |  10.2 min  |  -Inf: 515

Chain 1 finished: 2026-05-05 14:32:07.505689  (10.2 min)
Total evaluations: 10002  |  -Inf rejects: 515 (5.15%)
